<?xml version="1.0" encoding="UTF-8"?>
<coverage generated="1689541569947" clover="3.2.0">
  <project timestamp="1689541569947" name="All files">
    <metrics statements="3986" coveredstatements="1863" conditionals="1161" coveredconditionals="43" methods="1505" coveredmethods="182" elements="6652" coveredelements="2088" complexity="0" loc="3986" ncloc="3986" packages="57" files="160" classes="160"/>
    <package name="bounded_contexts.IAM.domain.permission">
      <metrics statements="39" coveredstatements="39" conditionals="2" coveredconditionals="2" methods="1" coveredmethods="1"/>
      <file name="Permission.ts" path="/home/alexandre/novox/repos/lets-cook-API/src/bounded_contexts/IAM/domain/permission/Permission.ts">
        <metrics statements="39" coveredstatements="39" conditionals="2" coveredconditionals="2" methods="1" coveredmethods="1"/>
        <line num="1" count="1" type="cond" truecount="2" falsecount="0"/>
        <line num="2" count="1" type="stmt"/>
        <line num="3" count="1" type="stmt"/>
        <line num="4" count="1" type="stmt"/>
        <line num="5" count="1" type="stmt"/>
        <line num="6" count="1" type="stmt"/>
        <line num="7" count="1" type="stmt"/>
        <line num="8" count="1" type="stmt"/>
        <line num="9" count="1" type="stmt"/>
        <line num="10" count="1" type="stmt"/>
        <line num="11" count="1" type="stmt"/>
        <line num="12" count="1" type="stmt"/>
        <line num="13" count="1" type="stmt"/>
        <line num="14" count="1" type="stmt"/>
        <line num="15" count="1" type="stmt"/>
        <line num="16" count="1" type="stmt"/>
        <line num="17" count="1" type="stmt"/>
        <line num="18" count="1" type="stmt"/>
        <line num="19" count="1" type="stmt"/>
        <line num="20" count="1" type="stmt"/>
        <line num="21" count="1" type="stmt"/>
        <line num="22" count="1" type="stmt"/>
        <line num="23" count="1" type="stmt"/>
        <line num="24" count="1" type="stmt"/>
        <line num="25" count="1" type="stmt"/>
        <line num="26" count="1" type="stmt"/>
        <line num="27" count="1" type="stmt"/>
        <line num="28" count="1" type="stmt"/>
        <line num="29" count="1" type="stmt"/>
        <line num="30" count="1" type="stmt"/>
        <line num="31" count="1" type="stmt"/>
        <line num="32" count="1" type="stmt"/>
        <line num="33" count="1" type="stmt"/>
        <line num="34" count="1" type="stmt"/>
        <line num="35" count="1" type="stmt"/>
        <line num="36" count="1" type="stmt"/>
        <line num="37" count="1" type="stmt"/>
        <line num="38" count="1" type="stmt"/>
        <line num="39" count="1" type="stmt"/>
      </file>
    </package>
    <package name="bounded_contexts.IAM.domain.user">
      <metrics statements="29" coveredstatements="22" conditionals="10" coveredconditionals="3" methods="12" coveredmethods="7"/>
      <file name="UserPassword.ts" path="/home/alexandre/novox/repos/lets-cook-API/src/bounded_contexts/IAM/domain/user/UserPassword.ts">
        <metrics statements="29" coveredstatements="22" conditionals="10" coveredconditionals="3" methods="12" coveredmethods="7"/>
        <line num="2" count="1" type="stmt"/>
        <line num="4" count="1" type="stmt"/>
        <line num="9" count="1" type="stmt"/>
        <line num="10" count="1" type="stmt"/>
        <line num="13" count="1" type="stmt"/>
        <line num="14" count="1" type="cond" truecount="0" falsecount="1"/>
        <line num="16" count="1" type="stmt"/>
        <line num="18" count="1" type="stmt"/>
        <line num="21" count="1" type="stmt"/>
        <line num="24" count="0" type="cond" truecount="0" falsecount="2"/>
        <line num="27" count="1" type="stmt"/>
        <line num="28" count="1" type="stmt"/>
        <line num="31" count="1" type="stmt"/>
        <line num="32" count="1" type="stmt"/>
        <line num="35" count="1" type="stmt"/>
        <line num="36" count="1" type="stmt"/>
        <line num="39" count="1" type="stmt"/>
        <line num="40" count="1" type="cond" truecount="0" falsecount="1"/>
        <line num="45" count="0" type="stmt"/>
        <line num="49" count="1" type="stmt"/>
        <line num="50" count="0" type="cond" truecount="0" falsecount="1"/>
        <line num="52" count="0" type="stmt"/>
        <line num="55" count="1" type="stmt"/>
        <line num="56" count="0" type="cond" truecount="0" falsecount="2"/>
        <line num="63" count="1" type="stmt"/>
        <line num="64" count="0" type="stmt"/>
        <line num="71" count="1" type="stmt"/>
        <line num="72" count="0" type="stmt"/>
        <line num="74" count="1" type="stmt"/>
      </file>
    </package>
    <package name="bounded_contexts.operations.application.paymentService">
      <metrics statements="20" coveredstatements="11" conditionals="0" coveredconditionals="0" methods="10" coveredmethods="1"/>
      <file name="mockPaymentService.ts" path="/home/alexandre/novox/repos/lets-cook-API/src/bounded_contexts/operations/application/paymentService/mockPaymentService.ts">
        <metrics statements="20" coveredstatements="11" conditionals="0" coveredconditionals="0" methods="10" coveredmethods="1"/>
        <line num="5" count="1" type="stmt"/>
        <line num="7" count="1" type="stmt"/>
        <line num="8" count="0" type="stmt"/>
        <line num="10" count="1" type="stmt"/>
        <line num="11" count="0" type="stmt"/>
        <line num="13" count="1" type="stmt"/>
        <line num="14" count="0" type="stmt"/>
        <line num="16" count="1" type="stmt"/>
        <line num="17" count="0" type="stmt"/>
        <line num="19" count="1" type="stmt"/>
        <line num="20" count="0" type="stmt"/>
        <line num="22" count="1" type="stmt"/>
        <line num="23" count="0" type="stmt"/>
        <line num="25" count="1" type="stmt"/>
        <line num="26" count="0" type="stmt"/>
        <line num="28" count="1" type="stmt"/>
        <line num="29" count="0" type="stmt"/>
        <line num="31" count="1" type="stmt"/>
        <line num="32" count="0" type="stmt"/>
        <line num="35" count="1" type="stmt"/>
      </file>
    </package>
    <package name="bounded_contexts.operations.application.timeService">
      <metrics statements="44" coveredstatements="16" conditionals="4" coveredconditionals="0" methods="13" coveredmethods="1"/>
      <file name="momentTimeService.ts" path="/home/alexandre/novox/repos/lets-cook-API/src/bounded_contexts/operations/application/timeService/momentTimeService.ts">
        <metrics statements="44" coveredstatements="16" conditionals="4" coveredconditionals="0" methods="13" coveredmethods="1"/>
        <line num="2" count="1" type="stmt"/>
        <line num="5" count="1" type="stmt"/>
        <line num="7" count="1" type="stmt"/>
        <line num="9" count="1" type="stmt"/>
        <line num="12" count="1" type="stmt"/>
        <line num="13" count="0" type="stmt"/>
        <line num="16" count="1" type="stmt"/>
        <line num="18" count="0" type="stmt"/>
        <line num="21" count="1" type="stmt"/>
        <line num="22" count="0" type="stmt"/>
        <line num="25" count="1" type="stmt"/>
        <line num="26" count="0" type="stmt"/>
        <line num="29" count="1" type="cond" truecount="0" falsecount="1"/>
        <line num="30" count="0" type="stmt"/>
        <line num="33" count="1" type="stmt"/>
        <line num="34" count="0" type="stmt"/>
        <line num="37" count="1" type="stmt"/>
        <line num="38" count="0" type="stmt"/>
        <line num="41" count="1" type="stmt"/>
        <line num="42" count="0" type="stmt"/>
        <line num="43" count="0" type="stmt"/>
        <line num="44" count="0" type="stmt"/>
        <line num="46" count="0" type="stmt"/>
        <line num="49" count="1" type="stmt"/>
        <line num="50" count="0" type="stmt"/>
        <line num="51" count="0" type="stmt"/>
        <line num="52" count="0" type="stmt"/>
        <line num="53" count="0" type="stmt"/>
        <line num="54" count="0" type="stmt"/>
        <line num="55" count="0" type="stmt"/>
        <line num="56" count="0" type="stmt"/>
        <line num="58" count="0" type="stmt"/>
        <line num="63" count="1" type="stmt"/>
        <line num="64" count="0" type="stmt"/>
        <line num="66" count="0" type="stmt"/>
        <line num="67" count="0" type="stmt"/>
        <line num="69" count="0" type="stmt"/>
        <line num="71" count="0" type="stmt"/>
        <line num="74" count="1" type="stmt"/>
        <line num="75" count="0" type="cond" truecount="0" falsecount="1"/>
        <line num="76" count="0" type="cond" truecount="0" falsecount="1"/>
        <line num="77" count="0" type="cond" truecount="0" falsecount="1"/>
        <line num="79" count="0" type="stmt"/>
        <line num="81" count="1" type="stmt"/>
      </file>
    </package>
    <package name="bounded_contexts.operations.domain.address">
      <metrics statements="63" coveredstatements="19" conditionals="4" coveredconditionals="0" methods="27" coveredmethods="2"/>
      <file name="Address.ts" path="/home/alexandre/novox/repos/lets-cook-API/src/bounded_contexts/operations/domain/address/Address.ts">
        <metrics statements="59" coveredstatements="16" conditionals="2" coveredconditionals="0" methods="25" coveredmethods="1"/>
        <line num="1" count="1" type="stmt"/>
        <line num="5" count="1" type="stmt"/>
        <line num="30" count="0" type="cond" truecount="0" falsecount="2"/>
        <line num="31" count="0" type="stmt"/>
        <line num="32" count="0" type="stmt"/>
        <line num="33" count="0" type="stmt"/>
        <line num="34" count="0" type="stmt"/>
        <line num="35" count="0" type="stmt"/>
        <line num="36" count="0" type="stmt"/>
        <line num="37" count="0" type="stmt"/>
        <line num="38" count="0" type="stmt"/>
        <line num="39" count="0" type="stmt"/>
        <line num="40" count="0" type="stmt"/>
        <line num="43" count="1" type="stmt"/>
        <line num="44" count="0" type="stmt"/>
        <line num="47" count="1" type="stmt"/>
        <line num="48" count="0" type="stmt"/>
        <line num="51" count="1" type="stmt"/>
        <line num="63" count="0" type="stmt"/>
        <line num="64" count="0" type="stmt"/>
        <line num="65" count="0" type="stmt"/>
        <line num="66" count="0" type="stmt"/>
        <line num="67" count="0" type="stmt"/>
        <line num="68" count="0" type="stmt"/>
        <line num="69" count="0" type="stmt"/>
        <line num="70" count="0" type="stmt"/>
        <line num="71" count="0" type="stmt"/>
        <line num="72" count="0" type="stmt"/>
        <line num="80" count="1" type="stmt"/>
        <line num="81" count="0" type="stmt"/>
        <line num="88" count="1" type="stmt"/>
        <line num="89" count="0" type="stmt"/>
        <line num="96" count="1" type="stmt"/>
        <line num="97" count="0" type="stmt"/>
        <line num="104" count="1" type="stmt"/>
        <line num="105" count="0" type="stmt"/>
        <line num="113" count="0" type="stmt"/>
        <line num="121" count="0" type="stmt"/>
        <line num="129" count="0" type="stmt"/>
        <line num="137" count="0" type="stmt"/>
        <line num="144" count="1" type="stmt"/>
        <line num="145" count="0" type="stmt"/>
        <line num="152" count="1" type="stmt"/>
        <line num="153" count="0" type="stmt"/>
        <line num="159" count="1" type="stmt"/>
        <line num="160" count="0" type="stmt"/>
        <line num="167" count="1" type="stmt"/>
        <line num="168" count="0" type="stmt"/>
        <line num="175" count="1" type="stmt"/>
        <line num="176" count="0" type="stmt"/>
        <line num="183" count="1" type="stmt"/>
        <line num="184" count="0" type="stmt"/>
        <line num="192" count="0" type="stmt"/>
        <line num="200" count="0" type="stmt"/>
        <line num="208" count="0" type="stmt"/>
        <line num="216" count="0" type="stmt"/>
        <line num="224" count="0" type="stmt"/>
        <line num="232" count="0" type="stmt"/>
        <line num="234" count="1" type="stmt"/>
      </file>
      <file name="AddressId.ts" path="/home/alexandre/novox/repos/lets-cook-API/src/bounded_contexts/operations/domain/address/AddressId.ts">
        <metrics statements="4" coveredstatements="3" conditionals="2" coveredconditionals="0" methods="2" coveredmethods="1"/>
        <line num="1" count="1" type="stmt"/>
        <line num="3" count="1" type="stmt"/>
        <line num="5" count="0" type="cond" truecount="0" falsecount="2"/>
        <line num="7" count="1" type="stmt"/>
      </file>
    </package>
    <package name="bounded_contexts.operations.domain.billing">
      <metrics statements="55" coveredstatements="17" conditionals="4" coveredconditionals="0" methods="25" coveredmethods="2"/>
      <file name="Billing.ts" path="/home/alexandre/novox/repos/lets-cook-API/src/bounded_contexts/operations/domain/billing/Billing.ts">
        <metrics statements="51" coveredstatements="14" conditionals="2" coveredconditionals="0" methods="23" coveredmethods="1"/>
        <line num="1" count="1" type="stmt"/>
        <line num="4" count="1" type="stmt"/>
        <line num="28" count="0" type="cond" truecount="0" falsecount="2"/>
        <line num="29" count="0" type="stmt"/>
        <line num="30" count="0" type="stmt"/>
        <line num="31" count="0" type="stmt"/>
        <line num="32" count="0" type="stmt"/>
        <line num="33" count="0" type="stmt"/>
        <line num="34" count="0" type="stmt"/>
        <line num="35" count="0" type="stmt"/>
        <line num="36" count="0" type="stmt"/>
        <line num="37" count="0" type="stmt"/>
        <line num="38" count="0" type="stmt"/>
        <line num="42" count="1" type="stmt"/>
        <line num="43" count="0" type="stmt"/>
        <line num="44" count="0" type="stmt"/>
        <line num="45" count="0" type="stmt"/>
        <line num="46" count="0" type="stmt"/>
        <line num="47" count="0" type="stmt"/>
        <line num="48" count="0" type="stmt"/>
        <line num="56" count="1" type="stmt"/>
        <line num="57" count="0" type="stmt"/>
        <line num="65" count="0" type="stmt"/>
        <line num="73" count="1" type="stmt"/>
        <line num="74" count="0" type="stmt"/>
        <line num="81" count="1" type="stmt"/>
        <line num="82" count="0" type="stmt"/>
        <line num="89" count="1" type="stmt"/>
        <line num="90" count="0" type="stmt"/>
        <line num="98" count="0" type="stmt"/>
        <line num="106" count="0" type="stmt"/>
        <line num="114" count="0" type="stmt"/>
        <line num="121" count="1" type="stmt"/>
        <line num="122" count="0" type="stmt"/>
        <line num="129" count="1" type="stmt"/>
        <line num="130" count="0" type="stmt"/>
        <line num="136" count="1" type="stmt"/>
        <line num="137" count="0" type="stmt"/>
        <line num="144" count="1" type="stmt"/>
        <line num="145" count="0" type="stmt"/>
        <line num="152" count="1" type="stmt"/>
        <line num="153" count="0" type="stmt"/>
        <line num="160" count="1" type="stmt"/>
        <line num="161" count="0" type="stmt"/>
        <line num="169" count="0" type="stmt"/>
        <line num="177" count="0" type="stmt"/>
        <line num="185" count="0" type="stmt"/>
        <line num="193" count="0" type="stmt"/>
        <line num="201" count="0" type="stmt"/>
        <line num="209" count="0" type="stmt"/>
        <line num="211" count="1" type="stmt"/>
      </file>
      <file name="BillingId.ts" path="/home/alexandre/novox/repos/lets-cook-API/src/bounded_contexts/operations/domain/billing/BillingId.ts">
        <metrics statements="4" coveredstatements="3" conditionals="2" coveredconditionals="0" methods="2" coveredmethods="1"/>
        <line num="1" count="1" type="stmt"/>
        <line num="3" count="1" type="stmt"/>
        <line num="5" count="0" type="cond" truecount="0" falsecount="2"/>
        <line num="7" count="1" type="stmt"/>
      </file>
    </package>
    <package name="bounded_contexts.operations.domain.cancellationReason">
      <metrics statements="21" coveredstatements="7" conditionals="2" coveredconditionals="0" methods="11" coveredmethods="1"/>
      <file name="CancellationReason.ts" path="/home/alexandre/novox/repos/lets-cook-API/src/bounded_contexts/operations/domain/cancellationReason/CancellationReason.ts">
        <metrics statements="21" coveredstatements="7" conditionals="2" coveredconditionals="0" methods="11" coveredmethods="1"/>
        <line num="1" count="1" type="stmt"/>
        <line num="8" count="0" type="stmt"/>
        <line num="9" count="0" type="stmt"/>
        <line num="10" count="0" type="stmt"/>
        <line num="11" count="0" type="stmt"/>
        <line num="14" count="1" type="stmt"/>
        <line num="15" count="0" type="stmt"/>
        <line num="26" count="0" type="cond" truecount="0" falsecount="2"/>
        <line num="33" count="1" type="stmt"/>
        <line num="34" count="0" type="stmt"/>
        <line num="41" count="1" type="stmt"/>
        <line num="42" count="0" type="stmt"/>
        <line num="49" count="1" type="stmt"/>
        <line num="50" count="0" type="stmt"/>
        <line num="56" count="1" type="stmt"/>
        <line num="57" count="0" type="stmt"/>
        <line num="65" count="0" type="stmt"/>
        <line num="73" count="0" type="stmt"/>
        <line num="81" count="0" type="stmt"/>
        <line num="89" count="0" type="stmt"/>
        <line num="91" count="1" type="stmt"/>
      </file>
    </package>
    <package name="bounded_contexts.operations.domain.cupons">
      <metrics statements="121" coveredstatements="41" conditionals="45" coveredconditionals="2" methods="51" coveredmethods="3"/>
      <file name="CouponId.ts" path="/home/alexandre/novox/repos/lets-cook-API/src/bounded_contexts/operations/domain/cupons/CouponId.ts">
        <metrics statements="4" coveredstatements="3" conditionals="2" coveredconditionals="0" methods="2" coveredmethods="1"/>
        <line num="1" count="1" type="stmt"/>
        <line num="3" count="1" type="stmt"/>
        <line num="5" count="0" type="cond" truecount="0" falsecount="2"/>
        <line num="7" count="1" type="stmt"/>
      </file>
      <file name="CouponState.ts" path="/home/alexandre/novox/repos/lets-cook-API/src/bounded_contexts/operations/domain/cupons/CouponState.ts">
        <metrics statements="6" coveredstatements="6" conditionals="2" coveredconditionals="2" methods="1" coveredmethods="1"/>
        <line num="1" count="1" type="cond" truecount="2" falsecount="0"/>
        <line num="2" count="1" type="stmt"/>
        <line num="3" count="1" type="stmt"/>
        <line num="4" count="1" type="stmt"/>
        <line num="5" count="1" type="stmt"/>
        <line num="6" count="1" type="stmt"/>
      </file>
      <file name="Cupon.ts" path="/home/alexandre/novox/repos/lets-cook-API/src/bounded_contexts/operations/domain/cupons/Cupon.ts">
        <metrics statements="111" coveredstatements="32" conditionals="41" coveredconditionals="0" methods="48" coveredmethods="1"/>
        <line num="2" count="1" type="stmt"/>
        <line num="12" count="1" type="stmt"/>
        <line num="14" count="1" type="stmt"/>
        <line num="47" count="0" type="cond" truecount="0" falsecount="2"/>
        <line num="48" count="0" type="stmt"/>
        <line num="49" count="0" type="stmt"/>
        <line num="50" count="0" type="stmt"/>
        <line num="51" count="0" type="stmt"/>
        <line num="52" count="0" type="stmt"/>
        <line num="53" count="0" type="stmt"/>
        <line num="54" count="0" type="stmt"/>
        <line num="55" count="0" type="stmt"/>
        <line num="56" count="0" type="stmt"/>
        <line num="57" count="0" type="stmt"/>
        <line num="58" count="0" type="stmt"/>
        <line num="59" count="0" type="stmt"/>
        <line num="60" count="0" type="stmt"/>
        <line num="61" count="0" type="stmt"/>
        <line num="64" count="1" type="stmt"/>
        <line num="77" count="0" type="cond" truecount="0" falsecount="1"/>
        <line num="81" count="0" type="cond" truecount="0" falsecount="4"/>
        <line num="82" count="0" type="cond" truecount="0" falsecount="2"/>
        <line num="84" count="0" type="stmt"/>
        <line num="103" count="1" type="stmt"/>
        <line num="104" count="0" type="stmt"/>
        <line num="107" count="1" type="stmt"/>
        <line num="108" count="0" type="cond" truecount="0" falsecount="3"/>
        <line num="109" count="0" type="stmt"/>
        <line num="110" count="0" type="cond" truecount="0" falsecount="1"/>
        <line num="111" count="0" type="stmt"/>
        <line num="112" count="0" type="cond" truecount="0" falsecount="1"/>
        <line num="113" count="0" type="stmt"/>
        <line num="115" count="0" type="cond" truecount="0" falsecount="1"/>
        <line num="116" count="0" type="stmt"/>
        <line num="118" count="0" type="cond" truecount="0" falsecount="1"/>
        <line num="120" count="0" type="cond" truecount="0" falsecount="4"/>
        <line num="121" count="0" type="stmt"/>
        <line num="123" count="0" type="stmt"/>
        <line num="126" count="1" type="stmt"/>
        <line num="127" count="0" type="cond" truecount="0" falsecount="2"/>
        <line num="130" count="1" type="stmt"/>
        <line num="131" count="0" type="cond" truecount="0" falsecount="2"/>
        <line num="134" count="1" type="stmt"/>
        <line num="135" count="0" type="cond" truecount="0" falsecount="2"/>
        <line num="138" count="1" type="stmt"/>
        <line num="139" count="0" type="cond" truecount="0" falsecount="2"/>
        <line num="142" count="1" type="stmt"/>
        <line num="143" count="0" type="stmt"/>
        <line num="144" count="0" type="cond" truecount="0" falsecount="2"/>
        <line num="145" count="0" type="cond" truecount="0" falsecount="2"/>
        <line num="146" count="0" type="stmt"/>
        <line num="148" count="0" type="stmt"/>
        <line num="152" count="1" type="stmt"/>
        <line num="153" count="0" type="stmt"/>
        <line num="156" count="1" type="stmt"/>
        <line num="157" count="0" type="stmt"/>
        <line num="160" count="1" type="stmt"/>
        <line num="161" count="0" type="cond" truecount="0" falsecount="2"/>
        <line num="164" count="1" type="stmt"/>
        <line num="165" count="0" type="cond" truecount="0" falsecount="4"/>
        <line num="166" count="0" type="stmt"/>
        <line num="167" count="0" type="cond" truecount="0" falsecount="1"/>
        <line num="168" count="0" type="cond" truecount="0" falsecount="2"/>
        <line num="169" count="0" type="stmt"/>
        <line num="172" count="1" type="stmt"/>
        <line num="173" count="0" type="stmt"/>
        <line num="176" count="1" type="stmt"/>
        <line num="177" count="0" type="stmt"/>
        <line num="183" count="1" type="stmt"/>
        <line num="184" count="0" type="stmt"/>
        <line num="191" count="1" type="stmt"/>
        <line num="192" count="0" type="stmt"/>
        <line num="199" count="1" type="stmt"/>
        <line num="200" count="0" type="stmt"/>
        <line num="207" count="1" type="stmt"/>
        <line num="208" count="0" type="stmt"/>
        <line num="215" count="1" type="stmt"/>
        <line num="216" count="0" type="stmt"/>
        <line num="223" count="1" type="stmt"/>
        <line num="224" count="0" type="stmt"/>
        <line num="231" count="1" type="stmt"/>
        <line num="232" count="0" type="stmt"/>
        <line num="239" count="1" type="stmt"/>
        <line num="240" count="0" type="stmt"/>
        <line num="247" count="1" type="stmt"/>
        <line num="248" count="0" type="stmt"/>
        <line num="255" count="1" type="stmt"/>
        <line num="256" count="0" type="stmt"/>
        <line num="263" count="1" type="stmt"/>
        <line num="264" count="0" type="stmt"/>
        <line num="271" count="1" type="stmt"/>
        <line num="272" count="0" type="stmt"/>
        <line num="279" count="1" type="stmt"/>
        <line num="280" count="0" type="stmt"/>
        <line num="287" count="1" type="stmt"/>
        <line num="288" count="0" type="stmt"/>
        <line num="296" count="0" type="stmt"/>
        <line num="304" count="0" type="stmt"/>
        <line num="312" count="0" type="stmt"/>
        <line num="320" count="0" type="stmt"/>
        <line num="328" count="0" type="stmt"/>
        <line num="336" count="0" type="stmt"/>
        <line num="345" count="0" type="stmt"/>
        <line num="353" count="0" type="stmt"/>
        <line num="361" count="0" type="stmt"/>
        <line num="369" count="0" type="stmt"/>
        <line num="377" count="0" type="stmt"/>
        <line num="385" count="0" type="stmt"/>
        <line num="393" count="0" type="stmt"/>
        <line num="401" count="0" type="stmt"/>
        <line num="403" count="1" type="stmt"/>
      </file>
    </package>
    <package name="bounded_contexts.operations.domain.cupons.CuponType">
      <metrics statements="31" coveredstatements="15" conditionals="8" coveredconditionals="0" methods="11" coveredmethods="4"/>
      <file name="CouponTypeFactory.ts" path="/home/alexandre/novox/repos/lets-cook-API/src/bounded_contexts/operations/domain/cupons/CuponType/CouponTypeFactory.ts">
        <metrics statements="11" coveredstatements="6" conditionals="4" coveredconditionals="0" methods="2" coveredmethods="1"/>
        <line num="1" count="1" type="stmt"/>
        <line num="2" count="1" type="stmt"/>
        <line num="4" count="1" type="stmt"/>
        <line num="6" count="1" type="stmt"/>
        <line num="7" count="1" type="stmt"/>
        <line num="8" count="0" type="cond" truecount="0" falsecount="4"/>
        <line num="10" count="0" type="stmt"/>
        <line num="13" count="0" type="stmt"/>
        <line num="16" count="0" type="stmt"/>
        <line num="18" count="0" type="stmt"/>
        <line num="21" count="1" type="stmt"/>
      </file>
      <file name="FixedPrice.ts" path="/home/alexandre/novox/repos/lets-cook-API/src/bounded_contexts/operations/domain/cupons/CuponType/FixedPrice.ts">
        <metrics statements="7" coveredstatements="3" conditionals="1" coveredconditionals="0" methods="3" coveredmethods="1"/>
        <line num="3" count="1" type="stmt"/>
        <line num="8" count="0" type="cond" truecount="0" falsecount="1"/>
        <line num="9" count="0" type="stmt"/>
        <line num="10" count="0" type="stmt"/>
        <line num="13" count="1" type="stmt"/>
        <line num="14" count="0" type="stmt"/>
        <line num="16" count="1" type="stmt"/>
      </file>
      <file name="FreeShipping.ts" path="/home/alexandre/novox/repos/lets-cook-API/src/bounded_contexts/operations/domain/cupons/CuponType/FreeShipping.ts">
        <metrics statements="6" coveredstatements="3" conditionals="0" coveredconditionals="0" methods="3" coveredmethods="1"/>
        <line num="3" count="1" type="stmt"/>
        <line num="8" count="0" type="stmt"/>
        <line num="9" count="0" type="stmt"/>
        <line num="12" count="1" type="stmt"/>
        <line num="13" count="0" type="stmt"/>
        <line num="15" count="1" type="stmt"/>
      </file>
      <file name="PercentagePrice.ts" path="/home/alexandre/novox/repos/lets-cook-API/src/bounded_contexts/operations/domain/cupons/CuponType/PercentagePrice.ts">
        <metrics statements="7" coveredstatements="3" conditionals="3" coveredconditionals="0" methods="3" coveredmethods="1"/>
        <line num="3" count="1" type="stmt"/>
        <line num="8" count="0" type="cond" truecount="0" falsecount="3"/>
        <line num="9" count="0" type="stmt"/>
        <line num="10" count="0" type="stmt"/>
        <line num="13" count="1" type="stmt"/>
        <line num="14" count="0" type="stmt"/>
        <line num="16" count="1" type="stmt"/>
      </file>
    </package>
    <package name="bounded_contexts.operations.domain.cupons.LimitAplication">
      <metrics statements="34" coveredstatements="15" conditionals="17" coveredconditionals="0" methods="13" coveredmethods="4"/>
      <file name="FirstOrder.ts" path="/home/alexandre/novox/repos/lets-cook-API/src/bounded_contexts/operations/domain/cupons/LimitAplication/FirstOrder.ts">
        <metrics statements="7" coveredstatements="3" conditionals="1" coveredconditionals="0" methods="3" coveredmethods="1"/>
        <line num="5" count="1" type="stmt"/>
        <line num="10" count="0" type="stmt"/>
        <line num="11" count="0" type="stmt"/>
        <line num="14" count="1" type="stmt"/>
        <line num="15" count="0" type="cond" truecount="0" falsecount="1"/>
        <line num="16" count="0" type="stmt"/>
        <line num="18" count="1" type="stmt"/>
      </file>
      <file name="LimitApplicationFactory.ts" path="/home/alexandre/novox/repos/lets-cook-API/src/bounded_contexts/operations/domain/cupons/LimitAplication/LimitApplicationFactory.ts">
        <metrics statements="11" coveredstatements="6" conditionals="4" coveredconditionals="0" methods="2" coveredmethods="1"/>
        <line num="1" count="1" type="stmt"/>
        <line num="3" count="1" type="stmt"/>
        <line num="4" count="1" type="stmt"/>
        <line num="6" count="1" type="stmt"/>
        <line num="7" count="1" type="stmt"/>
        <line num="8" count="0" type="cond" truecount="0" falsecount="4"/>
        <line num="10" count="0" type="stmt"/>
        <line num="13" count="0" type="stmt"/>
        <line num="16" count="0" type="stmt"/>
        <line num="19" count="0" type="stmt"/>
        <line num="24" count="1" type="stmt"/>
      </file>
      <file name="LimitQty.ts" path="/home/alexandre/novox/repos/lets-cook-API/src/bounded_contexts/operations/domain/cupons/LimitAplication/LimitQty.ts">
        <metrics statements="8" coveredstatements="3" conditionals="9" coveredconditionals="0" methods="4" coveredmethods="1"/>
        <line num="5" count="1" type="stmt"/>
        <line num="10" count="0" type="stmt"/>
        <line num="11" count="0" type="stmt"/>
        <line num="14" count="1" type="stmt"/>
        <line num="15" count="0" type="cond" truecount="0" falsecount="4"/>
        <line num="16" count="0" type="cond" truecount="0" falsecount="1"/>
        <line num="18" count="0" type="cond" truecount="0" falsecount="4"/>
        <line num="20" count="1" type="stmt"/>
      </file>
      <file name="OnePerCustomer.ts" path="/home/alexandre/novox/repos/lets-cook-API/src/bounded_contexts/operations/domain/cupons/LimitAplication/OnePerCustomer.ts">
        <metrics statements="8" coveredstatements="3" conditionals="3" coveredconditionals="0" methods="4" coveredmethods="1"/>
        <line num="5" count="1" type="stmt"/>
        <line num="10" count="0" type="stmt"/>
        <line num="11" count="0" type="stmt"/>
        <line num="14" count="1" type="stmt"/>
        <line num="15" count="0" type="cond" truecount="0" falsecount="3"/>
        <line num="16" count="0" type="stmt"/>
        <line num="18" count="0" type="stmt"/>
        <line num="20" count="1" type="stmt"/>
      </file>
    </package>
    <package name="bounded_contexts.operations.domain.customer">
      <metrics statements="164" coveredstatements="69" conditionals="224" coveredconditionals="3" methods="68" coveredmethods="5"/>
      <file name="Customer.ts" path="/home/alexandre/novox/repos/lets-cook-API/src/bounded_contexts/operations/domain/customer/Customer.ts">
        <metrics statements="160" coveredstatements="65" conditionals="222" coveredconditionals="2" methods="66" coveredmethods="3"/>
        <line num="2" count="1" type="stmt"/>
        <line num="5" count="1" type="stmt"/>
        <line num="6" count="1" type="stmt"/>
        <line num="7" count="1" type="stmt"/>
        <line num="8" count="1" type="stmt"/>
        <line num="9" count="1" type="stmt"/>
        <line num="10" count="1" type="stmt"/>
        <line num="15" count="1" type="stmt"/>
        <line num="50" count="1" type="cond" truecount="2" falsecount="0"/>
        <line num="51" count="1" type="stmt"/>
        <line num="52" count="1" type="stmt"/>
        <line num="53" count="1" type="stmt"/>
        <line num="54" count="1" type="stmt"/>
        <line num="55" count="1" type="stmt"/>
        <line num="56" count="1" type="stmt"/>
        <line num="57" count="1" type="stmt"/>
        <line num="58" count="1" type="stmt"/>
        <line num="59" count="1" type="stmt"/>
        <line num="60" count="1" type="stmt"/>
        <line num="61" count="1" type="stmt"/>
        <line num="62" count="1" type="stmt"/>
        <line num="63" count="1" type="stmt"/>
        <line num="64" count="1" type="stmt"/>
        <line num="65" count="1" type="stmt"/>
        <line num="68" count="1" type="stmt"/>
        <line num="86" count="1" type="stmt"/>
        <line num="106" count="1" type="stmt"/>
        <line num="107" count="0" type="stmt"/>
        <line num="110" count="1" type="stmt"/>
        <line num="111" count="0" type="stmt"/>
        <line num="114" count="1" type="stmt"/>
        <line num="115" count="0" type="cond" truecount="0" falsecount="3"/>
        <line num="117" count="0" type="stmt"/>
        <line num="120" count="1" type="stmt"/>
        <line num="121" count="0" type="stmt"/>
        <line num="122" count="0" type="stmt"/>
        <line num="123" count="0" type="stmt"/>
        <line num="125" count="1" type="stmt"/>
        <line num="126" count="0" type="stmt"/>
        <line num="129" count="1" type="stmt"/>
        <line num="130" count="0" type="stmt"/>
        <line num="131" count="0" type="cond" truecount="0" falsecount="2"/>
        <line num="132" count="0" type="stmt"/>
        <line num="134" count="0" type="stmt"/>
        <line num="139" count="1" type="stmt"/>
        <line num="140" count="0" type="stmt"/>
        <line num="143" count="1" type="stmt"/>
        <line num="144" count="0" type="stmt"/>
        <line num="147" count="1" type="stmt"/>
        <line num="148" count="0" type="stmt"/>
        <line num="151" count="1" type="stmt"/>
        <line num="152" count="0" type="cond" truecount="0" falsecount="10"/>
        <line num="155" count="1" type="stmt"/>
        <line num="156" count="0" type="stmt"/>
        <line num="158" count="0" type="stmt"/>
        <line num="161" count="1" type="stmt"/>
        <line num="162" count="0" type="stmt"/>
        <line num="164" count="0" type="stmt"/>
        <line num="167" count="1" type="stmt"/>
        <line num="168" count="0" type="stmt"/>
        <line num="170" count="0" type="cond" truecount="0" falsecount="6"/>
        <line num="173" count="1" type="stmt"/>
        <line num="174" count="0" type="cond" truecount="0" falsecount="1"/>
        <line num="176" count="0" type="stmt"/>
        <line num="179" count="1" type="stmt"/>
        <line num="188" count="0" type="stmt"/>
        <line num="202" count="1" type="stmt"/>
        <line num="210" count="0" type="cond" truecount="0" falsecount="2"/>
        <line num="211" count="0" type="stmt"/>
        <line num="212" count="0" type="stmt"/>
        <line num="214" count="0" type="cond" truecount="0" falsecount="4"/>
        <line num="218" count="1" type="stmt"/>
        <line num="230" count="0" type="cond" truecount="0" falsecount="2"/>
        <line num="231" count="0" type="stmt"/>
        <line num="232" count="0" type="stmt"/>
        <line num="234" count="0" type="cond" truecount="0" falsecount="4"/>
        <line num="238" count="1" type="stmt"/>
        <line num="239" count="0" type="stmt"/>
        <line num="242" count="1" type="cond" truecount="0" falsecount="1"/>
        <line num="253" count="0" type="stmt"/>
        <line num="266" count="1" type="stmt"/>
        <line num="279" count="0" type="stmt"/>
        <line num="293" count="1" type="stmt"/>
        <line num="305" count="0" type="cond" truecount="0" falsecount="2"/>
        <line num="306" count="0" type="stmt"/>
        <line num="307" count="0" type="stmt"/>
        <line num="309" count="0" type="cond" truecount="0" falsecount="4"/>
        <line num="313" count="1" type="stmt"/>
        <line num="323" count="0" type="stmt"/>
        <line num="325" count="0" type="cond" truecount="0" falsecount="2"/>
        <line num="326" count="0" type="cond" truecount="0" falsecount="1"/>
        <line num="327" count="0" type="stmt"/>
        <line num="328" count="0" type="cond" truecount="0" falsecount="2"/>
        <line num="329" count="0" type="stmt"/>
        <line num="331" count="0" type="stmt"/>
        <line num="337" count="0" type="cond" truecount="0" falsecount="1"/>
        <line num="338" count="0" type="cond" truecount="0" falsecount="1"/>
        <line num="339" count="0" type="stmt"/>
        <line num="340" count="0" type="stmt"/>
        <line num="342" count="0" type="stmt"/>
        <line num="345" count="0" type="stmt"/>
        <line num="346" count="0" type="stmt"/>
        <line num="354" count="1" type="stmt"/>
        <line num="358" count="0" type="stmt"/>
        <line num="360" count="0" type="stmt"/>
        <line num="361" count="0" type="cond" truecount="0" falsecount="2"/>
        <line num="362" count="0" type="stmt"/>
        <line num="363" count="0" type="stmt"/>
        <line num="366" count="0" type="cond" truecount="0" falsecount="1"/>
        <line num="367" count="0" type="cond" truecount="0" falsecount="1"/>
        <line num="369" count="0" type="cond" truecount="0" falsecount="1"/>
        <line num="371" count="0" type="stmt"/>
        <line num="372" count="0" type="cond" truecount="0" falsecount="5"/>
        <line num="375" count="0" type="stmt"/>
        <line num="382" count="1" type="stmt"/>
        <line num="383" count="0" type="stmt"/>
        <line num="390" count="1" type="stmt"/>
        <line num="391" count="0" type="stmt"/>
        <line num="398" count="1" type="stmt"/>
        <line num="399" count="0" type="stmt"/>
        <line num="406" count="1" type="stmt"/>
        <line num="407" count="0" type="stmt"/>
        <line num="414" count="1" type="stmt"/>
        <line num="415" count="0" type="stmt"/>
        <line num="422" count="1" type="stmt"/>
        <line num="423" count="0" type="stmt"/>
        <line num="430" count="1" type="stmt"/>
        <line num="431" count="0" type="stmt"/>
        <line num="438" count="1" type="stmt"/>
        <line num="439" count="0" type="stmt"/>
        <line num="446" count="1" type="stmt"/>
        <line num="447" count="0" type="stmt"/>
        <line num="454" count="1" type="stmt"/>
        <line num="455" count="0" type="stmt"/>
        <line num="462" count="1" type="stmt"/>
        <line num="463" count="0" type="stmt"/>
        <line num="470" count="1" type="stmt"/>
        <line num="471" count="0" type="stmt"/>
        <line num="478" count="1" type="stmt"/>
        <line num="479" count="0" type="stmt"/>
        <line num="487" count="0" type="stmt"/>
        <line num="495" count="0" type="stmt"/>
        <line num="503" count="0" type="stmt"/>
        <line num="511" count="0" type="stmt"/>
        <line num="519" count="0" type="stmt"/>
        <line num="527" count="0" type="stmt"/>
        <line num="535" count="0" type="stmt"/>
        <line num="543" count="0" type="stmt"/>
        <line num="551" count="0" type="stmt"/>
        <line num="559" count="0" type="stmt"/>
        <line num="567" count="0" type="stmt"/>
        <line num="575" count="0" type="stmt"/>
        <line num="583" count="0" type="stmt"/>
        <line num="590" count="1" type="stmt"/>
        <line num="591" count="0" type="stmt"/>
        <line num="598" count="1" type="stmt"/>
        <line num="599" count="0" type="stmt"/>
        <line num="607" count="0" type="stmt"/>
        <line num="615" count="0" type="stmt"/>
        <line num="617" count="1" type="stmt"/>
      </file>
      <file name="CustomerId.ts" path="/home/alexandre/novox/repos/lets-cook-API/src/bounded_contexts/operations/domain/customer/CustomerId.ts">
        <metrics statements="4" coveredstatements="4" conditionals="2" coveredconditionals="1" methods="2" coveredmethods="2"/>
        <line num="1" count="1" type="stmt"/>
        <line num="3" count="1" type="stmt"/>
        <line num="5" count="1" type="cond" truecount="1" falsecount="1"/>
        <line num="7" count="1" type="stmt"/>
      </file>
    </package>
    <package name="bounded_contexts.operations.domain.customer.log">
      <metrics statements="48" coveredstatements="27" conditionals="2" coveredconditionals="2" methods="17" coveredmethods="2"/>
      <file name="Log.ts" path="/home/alexandre/novox/repos/lets-cook-API/src/bounded_contexts/operations/domain/customer/log/Log.ts">
        <metrics statements="30" coveredstatements="9" conditionals="0" coveredconditionals="0" methods="16" coveredmethods="1"/>
        <line num="4" count="1" type="stmt"/>
        <line num="14" count="0" type="stmt"/>
        <line num="15" count="0" type="stmt"/>
        <line num="16" count="0" type="stmt"/>
        <line num="17" count="0" type="stmt"/>
        <line num="18" count="0" type="stmt"/>
        <line num="19" count="0" type="stmt"/>
        <line num="20" count="0" type="stmt"/>
        <line num="27" count="1" type="stmt"/>
        <line num="28" count="0" type="stmt"/>
        <line num="35" count="1" type="stmt"/>
        <line num="36" count="0" type="stmt"/>
        <line num="43" count="1" type="stmt"/>
        <line num="44" count="0" type="stmt"/>
        <line num="51" count="1" type="stmt"/>
        <line num="52" count="0" type="stmt"/>
        <line num="59" count="1" type="stmt"/>
        <line num="60" count="0" type="stmt"/>
        <line num="67" count="1" type="stmt"/>
        <line num="68" count="0" type="stmt"/>
        <line num="75" count="1" type="stmt"/>
        <line num="76" count="0" type="stmt"/>
        <line num="84" count="0" type="stmt"/>
        <line num="92" count="0" type="stmt"/>
        <line num="100" count="0" type="stmt"/>
        <line num="108" count="0" type="stmt"/>
        <line num="116" count="0" type="stmt"/>
        <line num="124" count="0" type="stmt"/>
        <line num="132" count="0" type="stmt"/>
        <line num="134" count="1" type="stmt"/>
      </file>
      <file name="LogType.ts" path="/home/alexandre/novox/repos/lets-cook-API/src/bounded_contexts/operations/domain/customer/log/LogType.ts">
        <metrics statements="18" coveredstatements="18" conditionals="2" coveredconditionals="2" methods="1" coveredmethods="1"/>
        <line num="1" count="1" type="cond" truecount="2" falsecount="0"/>
        <line num="2" count="1" type="stmt"/>
        <line num="3" count="1" type="stmt"/>
        <line num="4" count="1" type="stmt"/>
        <line num="5" count="1" type="stmt"/>
        <line num="6" count="1" type="stmt"/>
        <line num="7" count="1" type="stmt"/>
        <line num="8" count="1" type="stmt"/>
        <line num="9" count="1" type="stmt"/>
        <line num="10" count="1" type="stmt"/>
        <line num="11" count="1" type="stmt"/>
        <line num="12" count="1" type="stmt"/>
        <line num="13" count="1" type="stmt"/>
        <line num="14" count="1" type="stmt"/>
        <line num="15" count="1" type="stmt"/>
        <line num="16" count="1" type="stmt"/>
        <line num="17" count="1" type="stmt"/>
        <line num="18" count="1" type="stmt"/>
      </file>
    </package>
    <package name="bounded_contexts.operations.domain.customer.paymentMethod">
      <metrics statements="50" coveredstatements="16" conditionals="4" coveredconditionals="0" methods="21" coveredmethods="2"/>
      <file name="PaymentMethod.ts" path="/home/alexandre/novox/repos/lets-cook-API/src/bounded_contexts/operations/domain/customer/paymentMethod/PaymentMethod.ts">
        <metrics statements="46" coveredstatements="13" conditionals="2" coveredconditionals="0" methods="19" coveredmethods="1"/>
        <line num="1" count="1" type="stmt"/>
        <line num="5" count="1" type="stmt"/>
        <line num="24" count="0" type="cond" truecount="0" falsecount="2"/>
        <line num="25" count="0" type="stmt"/>
        <line num="26" count="0" type="stmt"/>
        <line num="27" count="0" type="stmt"/>
        <line num="28" count="0" type="stmt"/>
        <line num="29" count="0" type="stmt"/>
        <line num="30" count="0" type="stmt"/>
        <line num="31" count="0" type="stmt"/>
        <line num="34" count="1" type="stmt"/>
        <line num="35" count="0" type="stmt"/>
        <line num="37" count="0" type="stmt"/>
        <line num="40" count="1" type="stmt"/>
        <line num="41" count="0" type="stmt"/>
        <line num="43" count="0" type="stmt"/>
        <line num="46" count="1" type="stmt"/>
        <line num="55" count="0" type="stmt"/>
        <line num="56" count="0" type="stmt"/>
        <line num="57" count="0" type="stmt"/>
        <line num="58" count="0" type="stmt"/>
        <line num="59" count="0" type="stmt"/>
        <line num="60" count="0" type="stmt"/>
        <line num="61" count="0" type="stmt"/>
        <line num="68" count="1" type="stmt"/>
        <line num="69" count="0" type="stmt"/>
        <line num="76" count="1" type="stmt"/>
        <line num="77" count="0" type="stmt"/>
        <line num="84" count="1" type="stmt"/>
        <line num="85" count="0" type="stmt"/>
        <line num="92" count="1" type="stmt"/>
        <line num="93" count="0" type="stmt"/>
        <line num="100" count="1" type="stmt"/>
        <line num="101" count="0" type="stmt"/>
        <line num="108" count="1" type="stmt"/>
        <line num="109" count="0" type="stmt"/>
        <line num="116" count="1" type="stmt"/>
        <line num="117" count="0" type="stmt"/>
        <line num="125" count="0" type="stmt"/>
        <line num="133" count="0" type="stmt"/>
        <line num="141" count="0" type="stmt"/>
        <line num="149" count="0" type="stmt"/>
        <line num="157" count="0" type="stmt"/>
        <line num="165" count="0" type="stmt"/>
        <line num="173" count="0" type="stmt"/>
        <line num="175" count="1" type="stmt"/>
      </file>
      <file name="PaymentMethodId.ts" path="/home/alexandre/novox/repos/lets-cook-API/src/bounded_contexts/operations/domain/customer/paymentMethod/PaymentMethodId.ts">
        <metrics statements="4" coveredstatements="3" conditionals="2" coveredconditionals="0" methods="2" coveredmethods="1"/>
        <line num="1" count="1" type="stmt"/>
        <line num="3" count="1" type="stmt"/>
        <line num="5" count="0" type="cond" truecount="0" falsecount="2"/>
        <line num="7" count="1" type="stmt"/>
      </file>
    </package>
    <package name="bounded_contexts.operations.domain.customer.personalInfo">
      <metrics statements="39" coveredstatements="13" conditionals="6" coveredconditionals="0" methods="17" coveredmethods="2"/>
      <file name="PersonalInfo.ts" path="/home/alexandre/novox/repos/lets-cook-API/src/bounded_contexts/operations/domain/customer/personalInfo/PersonalInfo.ts">
        <metrics statements="35" coveredstatements="10" conditionals="4" coveredconditionals="0" methods="15" coveredmethods="1"/>
        <line num="1" count="1" type="stmt"/>
        <line num="4" count="1" type="stmt"/>
        <line num="21" count="0" type="cond" truecount="0" falsecount="2"/>
        <line num="22" count="0" type="stmt"/>
        <line num="23" count="0" type="stmt"/>
        <line num="24" count="0" type="stmt"/>
        <line num="25" count="0" type="stmt"/>
        <line num="26" count="0" type="stmt"/>
        <line num="27" count="0" type="stmt"/>
        <line num="30" count="1" type="stmt"/>
        <line num="31" count="0" type="stmt"/>
        <line num="32" count="0" type="stmt"/>
        <line num="33" count="0" type="stmt"/>
        <line num="34" count="0" type="cond" truecount="0" falsecount="1"/>
        <line num="35" count="0" type="cond" truecount="0" falsecount="1"/>
        <line num="36" count="0" type="stmt"/>
        <line num="43" count="1" type="stmt"/>
        <line num="44" count="0" type="stmt"/>
        <line num="51" count="1" type="stmt"/>
        <line num="52" count="0" type="stmt"/>
        <line num="59" count="1" type="stmt"/>
        <line num="60" count="0" type="stmt"/>
        <line num="67" count="1" type="stmt"/>
        <line num="68" count="0" type="stmt"/>
        <line num="75" count="1" type="stmt"/>
        <line num="76" count="0" type="stmt"/>
        <line num="83" count="1" type="stmt"/>
        <line num="84" count="0" type="stmt"/>
        <line num="92" count="0" type="stmt"/>
        <line num="100" count="0" type="stmt"/>
        <line num="108" count="0" type="stmt"/>
        <line num="116" count="0" type="stmt"/>
        <line num="124" count="0" type="stmt"/>
        <line num="132" count="0" type="stmt"/>
        <line num="134" count="1" type="stmt"/>
      </file>
      <file name="PersonalInfoId.ts" path="/home/alexandre/novox/repos/lets-cook-API/src/bounded_contexts/operations/domain/customer/personalInfo/PersonalInfoId.ts">
        <metrics statements="4" coveredstatements="3" conditionals="2" coveredconditionals="0" methods="2" coveredmethods="1"/>
        <line num="1" count="1" type="stmt"/>
        <line num="3" count="1" type="stmt"/>
        <line num="5" count="0" type="cond" truecount="0" falsecount="2"/>
        <line num="7" count="1" type="stmt"/>
      </file>
    </package>
    <package name="bounded_contexts.operations.domain.customer.preferredDeliveryTime">
      <metrics statements="44" coveredstatements="21" conditionals="16" coveredconditionals="0" methods="11" coveredmethods="4"/>
      <file name="from15to18.ts" path="/home/alexandre/novox/repos/lets-cook-API/src/bounded_contexts/operations/domain/customer/preferredDeliveryTime/from15to18.ts">
        <metrics statements="11" coveredstatements="5" conditionals="4" coveredconditionals="0" methods="3" coveredmethods="1"/>
        <line num="1" count="1" type="stmt"/>
        <line num="4" count="1" type="stmt"/>
        <line num="5" count="1" type="stmt"/>
        <line num="6" count="0" type="cond" truecount="0" falsecount="4"/>
        <line num="8" count="0" type="stmt"/>
        <line num="10" count="0" type="stmt"/>
        <line num="12" count="0" type="stmt"/>
        <line num="14" count="0" type="stmt"/>
        <line num="18" count="1" type="stmt"/>
        <line num="19" count="0" type="stmt"/>
        <line num="21" count="1" type="stmt"/>
      </file>
      <file name="from17to20.ts" path="/home/alexandre/novox/repos/lets-cook-API/src/bounded_contexts/operations/domain/customer/preferredDeliveryTime/from17to20.ts">
        <metrics statements="11" coveredstatements="5" conditionals="4" coveredconditionals="0" methods="3" coveredmethods="1"/>
        <line num="1" count="1" type="stmt"/>
        <line num="4" count="1" type="stmt"/>
        <line num="5" count="1" type="stmt"/>
        <line num="6" count="0" type="cond" truecount="0" falsecount="4"/>
        <line num="8" count="0" type="stmt"/>
        <line num="10" count="0" type="stmt"/>
        <line num="12" count="0" type="stmt"/>
        <line num="14" count="0" type="stmt"/>
        <line num="18" count="1" type="stmt"/>
        <line num="19" count="0" type="stmt"/>
        <line num="21" count="1" type="stmt"/>
      </file>
      <file name="from19to22.ts" path="/home/alexandre/novox/repos/lets-cook-API/src/bounded_contexts/operations/domain/customer/preferredDeliveryTime/from19to22.ts">
        <metrics statements="11" coveredstatements="5" conditionals="4" coveredconditionals="0" methods="3" coveredmethods="1"/>
        <line num="1" count="1" type="stmt"/>
        <line num="4" count="1" type="stmt"/>
        <line num="5" count="1" type="stmt"/>
        <line num="6" count="0" type="cond" truecount="0" falsecount="4"/>
        <line num="8" count="0" type="stmt"/>
        <line num="10" count="0" type="stmt"/>
        <line num="12" count="0" type="stmt"/>
        <line num="14" count="0" type="stmt"/>
        <line num="18" count="1" type="stmt"/>
        <line num="19" count="0" type="stmt"/>
        <line num="21" count="1" type="stmt"/>
      </file>
      <file name="preferredDeliveryTimeFactory.ts" path="/home/alexandre/novox/repos/lets-cook-API/src/bounded_contexts/operations/domain/customer/preferredDeliveryTime/preferredDeliveryTimeFactory.ts">
        <metrics statements="11" coveredstatements="6" conditionals="4" coveredconditionals="0" methods="2" coveredmethods="1"/>
        <line num="1" count="1" type="stmt"/>
        <line num="2" count="1" type="stmt"/>
        <line num="3" count="1" type="stmt"/>
        <line num="6" count="1" type="stmt"/>
        <line num="7" count="1" type="stmt"/>
        <line num="8" count="0" type="cond" truecount="0" falsecount="4"/>
        <line num="10" count="0" type="stmt"/>
        <line num="12" count="0" type="stmt"/>
        <line num="14" count="0" type="stmt"/>
        <line num="16" count="0" type="stmt"/>
        <line num="19" count="1" type="stmt"/>
      </file>
    </package>
    <package name="bounded_contexts.operations.domain.ingredient">
      <metrics statements="16" coveredstatements="9" conditionals="4" coveredconditionals="0" methods="8" coveredmethods="2"/>
      <file name="ingredient.ts" path="/home/alexandre/novox/repos/lets-cook-API/src/bounded_contexts/operations/domain/ingredient/ingredient.ts">
        <metrics statements="12" coveredstatements="6" conditionals="2" coveredconditionals="0" methods="6" coveredmethods="1"/>
        <line num="2" count="1" type="stmt"/>
        <line num="4" count="1" type="stmt"/>
        <line num="9" count="0" type="stmt"/>
        <line num="10" count="0" type="cond" truecount="0" falsecount="2"/>
        <line num="13" count="1" type="stmt"/>
        <line num="14" count="0" type="stmt"/>
        <line num="21" count="1" type="stmt"/>
        <line num="22" count="0" type="stmt"/>
        <line num="29" count="1" type="stmt"/>
        <line num="30" count="0" type="stmt"/>
        <line num="38" count="0" type="stmt"/>
        <line num="40" count="1" type="stmt"/>
      </file>
      <file name="ingredientId.ts" path="/home/alexandre/novox/repos/lets-cook-API/src/bounded_contexts/operations/domain/ingredient/ingredientId.ts">
        <metrics statements="4" coveredstatements="3" conditionals="2" coveredconditionals="0" methods="2" coveredmethods="1"/>
        <line num="1" count="1" type="stmt"/>
        <line num="3" count="1" type="stmt"/>
        <line num="5" count="0" type="cond" truecount="0" falsecount="2"/>
        <line num="7" count="1" type="stmt"/>
      </file>
    </package>
    <package name="bounded_contexts.operations.domain.locale">
      <metrics statements="4" coveredstatements="4" conditionals="2" coveredconditionals="2" methods="1" coveredmethods="1"/>
      <file name="Locale.ts" path="/home/alexandre/novox/repos/lets-cook-API/src/bounded_contexts/operations/domain/locale/Locale.ts">
        <metrics statements="4" coveredstatements="4" conditionals="2" coveredconditionals="2" methods="1" coveredmethods="1"/>
        <line num="1" count="1" type="cond" truecount="2" falsecount="0"/>
        <line num="2" count="1" type="stmt"/>
        <line num="3" count="1" type="stmt"/>
        <line num="4" count="1" type="stmt"/>
      </file>
    </package>
    <package name="bounded_contexts.operations.domain.order">
      <metrics statements="275" coveredstatements="73" conditionals="67" coveredconditionals="0" methods="97" coveredmethods="3"/>
      <file name="Order.ts" path="/home/alexandre/novox/repos/lets-cook-API/src/bounded_contexts/operations/domain/order/Order.ts">
        <metrics statements="255" coveredstatements="64" conditionals="63" coveredconditionals="0" methods="86" coveredmethods="1"/>
        <line num="1" count="1" type="stmt"/>
        <line num="3" count="1" type="stmt"/>
        <line num="4" count="1" type="stmt"/>
        <line num="19" count="1" type="stmt"/>
        <line num="21" count="1" type="stmt"/>
        <line num="64" count="0" type="cond" truecount="0" falsecount="1"/>
        <line num="65" count="0" type="cond" truecount="0" falsecount="1"/>
        <line num="66" count="0" type="cond" truecount="0" falsecount="1"/>
        <line num="67" count="0" type="cond" truecount="0" falsecount="1"/>
        <line num="68" count="0" type="cond" truecount="0" falsecount="1"/>
        <line num="70" count="0" type="cond" truecount="0" falsecount="2"/>
        <line num="71" count="0" type="stmt"/>
        <line num="72" count="0" type="stmt"/>
        <line num="73" count="0" type="stmt"/>
        <line num="74" count="0" type="stmt"/>
        <line num="75" count="0" type="stmt"/>
        <line num="76" count="0" type="stmt"/>
        <line num="77" count="0" type="stmt"/>
        <line num="78" count="0" type="stmt"/>
        <line num="79" count="0" type="stmt"/>
        <line num="80" count="0" type="stmt"/>
        <line num="81" count="0" type="stmt"/>
        <line num="82" count="0" type="stmt"/>
        <line num="83" count="0" type="stmt"/>
        <line num="84" count="0" type="stmt"/>
        <line num="85" count="0" type="stmt"/>
        <line num="86" count="0" type="stmt"/>
        <line num="87" count="0" type="stmt"/>
        <line num="88" count="0" type="stmt"/>
        <line num="89" count="0" type="stmt"/>
        <line num="90" count="0" type="stmt"/>
        <line num="91" count="0" type="stmt"/>
        <line num="92" count="0" type="stmt"/>
        <line num="95" count="1" type="stmt"/>
        <line num="97" count="0" type="stmt"/>
        <line num="98" count="0" type="stmt"/>
        <line num="99" count="0" type="stmt"/>
        <line num="101" count="0" type="cond" truecount="0" falsecount="1"/>
        <line num="102" count="0" type="stmt"/>
        <line num="107" count="0" type="stmt"/>
        <line num="108" count="0" type="cond" truecount="0" falsecount="1"/>
        <line num="109" count="0" type="stmt"/>
        <line num="116" count="0" type="stmt"/>
        <line num="119" count="0" type="cond" truecount="0" falsecount="4"/>
        <line num="120" count="0" type="stmt"/>
        <line num="124" count="0" type="cond" truecount="0" falsecount="1"/>
        <line num="126" count="0" type="stmt"/>
        <line num="130" count="0" type="stmt"/>
        <line num="131" count="0" type="stmt"/>
        <line num="132" count="0" type="cond" truecount="0" falsecount="1"/>
        <line num="133" count="0" type="stmt"/>
        <line num="136" count="1" type="stmt"/>
        <line num="137" count="0" type="stmt"/>
        <line num="140" count="1" type="stmt"/>
        <line num="141" count="0" type="stmt"/>
        <line num="144" count="1" type="stmt"/>
        <line num="145" count="0" type="stmt"/>
        <line num="148" count="1" type="stmt"/>
        <line num="149" count="0" type="stmt"/>
        <line num="151" count="1" type="stmt"/>
        <line num="152" count="0" type="stmt"/>
        <line num="155" count="1" type="stmt"/>
        <line num="156" count="0" type="stmt"/>
        <line num="159" count="1" type="stmt"/>
        <line num="160" count="0" type="cond" truecount="0" falsecount="1"/>
        <line num="161" count="0" type="stmt"/>
        <line num="163" count="0" type="cond" truecount="0" falsecount="1"/>
        <line num="165" count="0" type="cond" truecount="0" falsecount="1"/>
        <line num="166" count="0" type="stmt"/>
        <line num="167" count="0" type="stmt"/>
        <line num="168" count="0" type="stmt"/>
        <line num="169" count="0" type="stmt"/>
        <line num="172" count="1" type="stmt"/>
        <line num="173" count="0" type="cond" truecount="0" falsecount="1"/>
        <line num="174" count="0" type="stmt"/>
        <line num="176" count="0" type="cond" truecount="0" falsecount="1"/>
        <line num="177" count="0" type="cond" truecount="0" falsecount="1"/>
        <line num="178" count="0" type="cond" truecount="0" falsecount="1"/>
        <line num="179" count="0" type="stmt"/>
        <line num="180" count="0" type="stmt"/>
        <line num="184" count="1" type="stmt"/>
        <line num="185" count="0" type="stmt"/>
        <line num="187" count="0" type="cond" truecount="0" falsecount="3"/>
        <line num="190" count="1" type="stmt"/>
        <line num="191" count="0" type="stmt"/>
        <line num="194" count="1" type="stmt"/>
        <line num="195" count="0" type="cond" truecount="0" falsecount="1"/>
        <line num="196" count="0" type="stmt"/>
        <line num="199" count="1" type="stmt"/>
        <line num="200" count="0" type="stmt"/>
        <line num="203" count="1" type="stmt"/>
        <line num="204" count="0" type="cond" truecount="0" falsecount="1"/>
        <line num="205" count="0" type="cond" truecount="0" falsecount="1"/>
        <line num="206" count="0" type="cond" truecount="0" falsecount="1"/>
        <line num="208" count="0" type="stmt"/>
        <line num="209" count="0" type="cond" truecount="0" falsecount="1"/>
        <line num="210" count="0" type="stmt"/>
        <line num="214" count="1" type="stmt"/>
        <line num="216" count="0" type="cond" truecount="0" falsecount="3"/>
        <line num="217" count="0" type="stmt"/>
        <line num="228" count="0" type="cond" truecount="0" falsecount="1"/>
        <line num="229" count="0" type="stmt"/>
        <line num="232" count="1" type="stmt"/>
        <line num="233" count="0" type="stmt"/>
        <line num="236" count="1" type="stmt"/>
        <line num="237" count="0" type="cond" truecount="0" falsecount="1"/>
        <line num="238" count="0" type="stmt"/>
        <line num="239" count="0" type="stmt"/>
        <line num="240" count="0" type="stmt"/>
        <line num="241" count="0" type="stmt"/>
        <line num="242" count="0" type="stmt"/>
        <line num="244" count="0" type="cond" truecount="0" falsecount="1"/>
        <line num="247" count="1" type="stmt"/>
        <line num="248" count="0" type="stmt"/>
        <line num="250" count="1" type="stmt"/>
        <line num="251" count="0" type="stmt"/>
        <line num="254" count="1" type="stmt"/>
        <line num="255" count="0" type="stmt"/>
        <line num="258" count="1" type="stmt"/>
        <line num="259" count="0" type="stmt"/>
        <line num="262" count="1" type="stmt"/>
        <line num="263" count="0" type="stmt"/>
        <line num="266" count="1" type="stmt"/>
        <line num="267" count="0" type="stmt"/>
        <line num="272" count="0" type="stmt"/>
        <line num="275" count="1" type="stmt"/>
        <line num="276" count="0" type="stmt"/>
        <line num="277" count="0" type="stmt"/>
        <line num="278" count="0" type="stmt"/>
        <line num="280" count="0" type="cond" truecount="0" falsecount="1"/>
        <line num="281" count="0" type="stmt"/>
        <line num="282" count="0" type="stmt"/>
        <line num="287" count="1" type="stmt"/>
        <line num="288" count="0" type="cond" truecount="0" falsecount="1"/>
        <line num="289" count="0" type="stmt"/>
        <line num="290" count="0" type="cond" truecount="0" falsecount="1"/>
        <line num="291" count="0" type="stmt"/>
        <line num="296" count="0" type="stmt"/>
        <line num="297" count="0" type="stmt"/>
        <line num="300" count="1" type="stmt"/>
        <line num="301" count="0" type="stmt"/>
        <line num="305" count="1" type="stmt"/>
        <line num="306" count="0" type="stmt"/>
        <line num="309" count="1" type="stmt"/>
        <line num="310" count="0" type="stmt"/>
        <line num="311" count="0" type="cond" truecount="0" falsecount="2"/>
        <line num="314" count="1" type="stmt"/>
        <line num="315" count="0" type="stmt"/>
        <line num="316" count="0" type="cond" truecount="0" falsecount="1"/>
        <line num="318" count="0" type="stmt"/>
        <line num="327" count="1" type="stmt"/>
        <line num="328" count="0" type="stmt"/>
        <line num="329" count="0" type="cond" truecount="0" falsecount="1"/>
        <line num="331" count="0" type="stmt"/>
        <line num="340" count="1" type="stmt"/>
        <line num="341" count="0" type="stmt"/>
        <line num="342" count="0" type="cond" truecount="0" falsecount="1"/>
        <line num="344" count="0" type="stmt"/>
        <line num="353" count="1" type="stmt"/>
        <line num="354" count="0" type="stmt"/>
        <line num="355" count="0" type="cond" truecount="0" falsecount="1"/>
        <line num="357" count="0" type="cond" truecount="0" falsecount="2"/>
        <line num="360" count="1" type="stmt"/>
        <line num="361" count="0" type="stmt"/>
        <line num="362" count="0" type="stmt"/>
        <line num="363" count="0" type="stmt"/>
        <line num="365" count="0" type="cond" truecount="0" falsecount="2"/>
        <line num="368" count="1" type="stmt"/>
        <line num="369" count="0" type="stmt"/>
        <line num="370" count="0" type="stmt"/>
        <line num="371" count="0" type="stmt"/>
        <line num="373" count="0" type="stmt"/>
        <line num="374" count="0" type="stmt"/>
        <line num="376" count="0" type="stmt"/>
        <line num="377" count="0" type="stmt"/>
        <line num="379" count="0" type="stmt"/>
        <line num="380" count="0" type="stmt"/>
        <line num="382" count="0" type="stmt"/>
        <line num="390" count="1" type="stmt"/>
        <line num="391" count="0" type="stmt"/>
        <line num="392" count="0" type="stmt"/>
        <line num="393" count="0" type="stmt"/>
        <line num="394" count="0" type="stmt"/>
        <line num="396" count="0" type="cond" truecount="0" falsecount="2"/>
        <line num="399" count="1" type="stmt"/>
        <line num="400" count="0" type="cond" truecount="0" falsecount="1"/>
        <line num="401" count="0" type="stmt"/>
        <line num="403" count="0" type="stmt"/>
        <line num="409" count="1" type="stmt"/>
        <line num="410" count="0" type="stmt"/>
        <line num="417" count="1" type="stmt"/>
        <line num="418" count="0" type="stmt"/>
        <line num="425" count="1" type="stmt"/>
        <line num="426" count="0" type="stmt"/>
        <line num="433" count="1" type="stmt"/>
        <line num="434" count="0" type="stmt"/>
        <line num="441" count="1" type="stmt"/>
        <line num="442" count="0" type="stmt"/>
        <line num="449" count="1" type="stmt"/>
        <line num="450" count="0" type="stmt"/>
        <line num="457" count="1" type="stmt"/>
        <line num="458" count="0" type="stmt"/>
        <line num="465" count="1" type="stmt"/>
        <line num="466" count="0" type="stmt"/>
        <line num="473" count="1" type="stmt"/>
        <line num="474" count="0" type="stmt"/>
        <line num="481" count="1" type="stmt"/>
        <line num="482" count="0" type="stmt"/>
        <line num="489" count="1" type="stmt"/>
        <line num="490" count="0" type="stmt"/>
        <line num="497" count="1" type="stmt"/>
        <line num="498" count="0" type="stmt"/>
        <line num="505" count="1" type="stmt"/>
        <line num="506" count="0" type="stmt"/>
        <line num="513" count="1" type="stmt"/>
        <line num="514" count="0" type="stmt"/>
        <line num="521" count="1" type="stmt"/>
        <line num="522" count="0" type="stmt"/>
        <line num="529" count="1" type="stmt"/>
        <line num="530" count="0" type="stmt"/>
        <line num="537" count="1" type="stmt"/>
        <line num="538" count="0" type="stmt"/>
        <line num="545" count="1" type="stmt"/>
        <line num="546" count="0" type="stmt"/>
        <line num="553" count="1" type="stmt"/>
        <line num="554" count="0" type="stmt"/>
        <line num="561" count="1" type="stmt"/>
        <line num="562" count="0" type="stmt"/>
        <line num="570" count="1" type="stmt"/>
        <line num="571" count="0" type="stmt"/>
        <line num="579" count="0" type="stmt"/>
        <line num="587" count="1" type="stmt"/>
        <line num="588" count="0" type="stmt"/>
        <line num="596" count="0" type="stmt"/>
        <line num="605" count="0" type="stmt"/>
        <line num="613" count="0" type="stmt"/>
        <line num="621" count="0" type="stmt"/>
        <line num="629" count="0" type="stmt"/>
        <line num="637" count="0" type="stmt"/>
        <line num="645" count="0" type="stmt"/>
        <line num="653" count="0" type="stmt"/>
        <line num="661" count="0" type="stmt"/>
        <line num="669" count="0" type="stmt"/>
        <line num="677" count="0" type="stmt"/>
        <line num="685" count="0" type="stmt"/>
        <line num="693" count="0" type="stmt"/>
        <line num="701" count="0" type="stmt"/>
        <line num="709" count="0" type="stmt"/>
        <line num="717" count="0" type="stmt"/>
        <line num="725" count="0" type="stmt"/>
        <line num="733" count="0" type="stmt"/>
        <line num="741" count="0" type="stmt"/>
        <line num="749" count="0" type="stmt"/>
        <line num="757" count="0" type="stmt"/>
        <line num="759" count="1" type="stmt"/>
      </file>
      <file name="OrderId.ts" path="/home/alexandre/novox/repos/lets-cook-API/src/bounded_contexts/operations/domain/order/OrderId.ts">
        <metrics statements="4" coveredstatements="3" conditionals="2" coveredconditionals="0" methods="2" coveredmethods="1"/>
        <line num="1" count="1" type="stmt"/>
        <line num="3" count="1" type="stmt"/>
        <line num="5" count="0" type="cond" truecount="0" falsecount="2"/>
        <line num="7" count="1" type="stmt"/>
      </file>
      <file name="RecipeSelection.ts" path="/home/alexandre/novox/repos/lets-cook-API/src/bounded_contexts/operations/domain/order/RecipeSelection.ts">
        <metrics statements="16" coveredstatements="6" conditionals="2" coveredconditionals="0" methods="9" coveredmethods="1"/>
        <line num="5" count="1" type="stmt"/>
        <line num="11" count="0" type="stmt"/>
        <line num="12" count="0" type="stmt"/>
        <line num="13" count="0" type="stmt"/>
        <line num="16" count="1" type="stmt"/>
        <line num="17" count="0" type="cond" truecount="0" falsecount="2"/>
        <line num="24" count="1" type="stmt"/>
        <line num="25" count="0" type="stmt"/>
        <line num="32" count="1" type="stmt"/>
        <line num="33" count="0" type="stmt"/>
        <line num="40" count="1" type="stmt"/>
        <line num="41" count="0" type="stmt"/>
        <line num="49" count="0" type="stmt"/>
        <line num="57" count="0" type="stmt"/>
        <line num="65" count="0" type="stmt"/>
        <line num="67" count="1" type="stmt"/>
      </file>
    </package>
    <package name="bounded_contexts.operations.domain.order.orderState">
      <metrics statements="219" coveredstatements="120" conditionals="7" coveredconditionals="0" methods="86" coveredmethods="7"/>
      <file name="OrderActive.ts" path="/home/alexandre/novox/repos/lets-cook-API/src/bounded_contexts/operations/domain/order/orderState/OrderActive.ts">
        <metrics statements="34" coveredstatements="19" conditionals="0" coveredconditionals="0" methods="14" coveredmethods="1"/>
        <line num="3" count="1" type="stmt"/>
        <line num="4" count="1" type="stmt"/>
        <line num="5" count="1" type="stmt"/>
        <line num="6" count="1" type="stmt"/>
        <line num="7" count="1" type="stmt"/>
        <line num="9" count="1" type="stmt"/>
        <line num="15" count="0" type="stmt"/>
        <line num="16" count="0" type="stmt"/>
        <line num="17" count="0" type="stmt"/>
        <line num="20" count="1" type="stmt"/>
        <line num="21" count="0" type="stmt"/>
        <line num="24" count="1" type="stmt"/>
        <line num="25" count="0" type="stmt"/>
        <line num="28" count="1" type="stmt"/>
        <line num="29" count="0" type="stmt"/>
        <line num="32" count="1" type="stmt"/>
        <line num="33" count="0" type="stmt"/>
        <line num="35" count="1" type="stmt"/>
        <line num="36" count="0" type="stmt"/>
        <line num="39" count="1" type="stmt"/>
        <line num="40" count="0" type="stmt"/>
        <line num="43" count="1" type="stmt"/>
        <line num="44" count="0" type="stmt"/>
        <line num="47" count="1" type="stmt"/>
        <line num="48" count="0" type="stmt"/>
        <line num="51" count="1" type="stmt"/>
        <line num="52" count="0" type="stmt"/>
        <line num="55" count="1" type="stmt"/>
        <line num="56" count="0" type="stmt"/>
        <line num="59" count="1" type="stmt"/>
        <line num="60" count="0" type="stmt"/>
        <line num="63" count="1" type="stmt"/>
        <line num="64" count="0" type="stmt"/>
        <line num="66" count="1" type="stmt"/>
      </file>
      <file name="OrderBilled.ts" path="/home/alexandre/novox/repos/lets-cook-API/src/bounded_contexts/operations/domain/order/orderState/OrderBilled.ts">
        <metrics statements="33" coveredstatements="18" conditionals="0" coveredconditionals="0" methods="14" coveredmethods="1"/>
        <line num="3" count="1" type="stmt"/>
        <line num="4" count="1" type="stmt"/>
        <line num="5" count="1" type="stmt"/>
        <line num="6" count="1" type="stmt"/>
        <line num="8" count="1" type="stmt"/>
        <line num="14" count="0" type="stmt"/>
        <line num="15" count="0" type="stmt"/>
        <line num="16" count="0" type="stmt"/>
        <line num="19" count="1" type="stmt"/>
        <line num="20" count="0" type="stmt"/>
        <line num="23" count="1" type="stmt"/>
        <line num="24" count="0" type="stmt"/>
        <line num="27" count="1" type="stmt"/>
        <line num="28" count="0" type="stmt"/>
        <line num="31" count="1" type="stmt"/>
        <line num="32" count="0" type="stmt"/>
        <line num="35" count="1" type="stmt"/>
        <line num="36" count="0" type="stmt"/>
        <line num="39" count="1" type="stmt"/>
        <line num="40" count="0" type="stmt"/>
        <line num="43" count="1" type="stmt"/>
        <line num="44" count="0" type="stmt"/>
        <line num="47" count="1" type="stmt"/>
        <line num="48" count="0" type="stmt"/>
        <line num="51" count="1" type="stmt"/>
        <line num="52" count="0" type="stmt"/>
        <line num="55" count="1" type="stmt"/>
        <line num="56" count="0" type="stmt"/>
        <line num="59" count="1" type="stmt"/>
        <line num="60" count="0" type="stmt"/>
        <line num="63" count="1" type="stmt"/>
        <line num="64" count="0" type="stmt"/>
        <line num="66" count="1" type="stmt"/>
      </file>
      <file name="OrderCancelled.ts" path="/home/alexandre/novox/repos/lets-cook-API/src/bounded_contexts/operations/domain/order/orderState/OrderCancelled.ts">
        <metrics statements="32" coveredstatements="17" conditionals="0" coveredconditionals="0" methods="14" coveredmethods="1"/>
        <line num="4" count="1" type="stmt"/>
        <line num="5" count="1" type="stmt"/>
        <line num="6" count="1" type="stmt"/>
        <line num="8" count="1" type="stmt"/>
        <line num="14" count="0" type="stmt"/>
        <line num="15" count="0" type="stmt"/>
        <line num="16" count="0" type="stmt"/>
        <line num="19" count="1" type="stmt"/>
        <line num="20" count="0" type="stmt"/>
        <line num="23" count="1" type="stmt"/>
        <line num="24" count="0" type="stmt"/>
        <line num="27" count="1" type="stmt"/>
        <line num="28" count="0" type="stmt"/>
        <line num="31" count="1" type="stmt"/>
        <line num="32" count="0" type="stmt"/>
        <line num="35" count="1" type="stmt"/>
        <line num="36" count="0" type="stmt"/>
        <line num="39" count="1" type="stmt"/>
        <line num="40" count="0" type="stmt"/>
        <line num="43" count="1" type="stmt"/>
        <line num="44" count="0" type="stmt"/>
        <line num="47" count="1" type="stmt"/>
        <line num="48" count="0" type="stmt"/>
        <line num="51" count="1" type="stmt"/>
        <line num="52" count="0" type="stmt"/>
        <line num="55" count="1" type="stmt"/>
        <line num="56" count="0" type="stmt"/>
        <line num="59" count="1" type="stmt"/>
        <line num="60" count="0" type="stmt"/>
        <line num="62" count="1" type="stmt"/>
        <line num="63" count="0" type="stmt"/>
        <line num="65" count="1" type="stmt"/>
      </file>
      <file name="OrderPendingPayment.ts" path="/home/alexandre/novox/repos/lets-cook-API/src/bounded_contexts/operations/domain/order/orderState/OrderPendingPayment.ts">
        <metrics statements="34" coveredstatements="19" conditionals="0" coveredconditionals="0" methods="14" coveredmethods="1"/>
        <line num="3" count="1" type="stmt"/>
        <line num="4" count="1" type="stmt"/>
        <line num="5" count="1" type="stmt"/>
        <line num="6" count="1" type="stmt"/>
        <line num="7" count="1" type="stmt"/>
        <line num="9" count="1" type="stmt"/>
        <line num="15" count="0" type="stmt"/>
        <line num="16" count="0" type="stmt"/>
        <line num="17" count="0" type="stmt"/>
        <line num="20" count="1" type="stmt"/>
        <line num="21" count="0" type="stmt"/>
        <line num="24" count="1" type="stmt"/>
        <line num="25" count="0" type="stmt"/>
        <line num="28" count="1" type="stmt"/>
        <line num="29" count="0" type="stmt"/>
        <line num="32" count="1" type="stmt"/>
        <line num="33" count="0" type="stmt"/>
        <line num="36" count="1" type="stmt"/>
        <line num="37" count="0" type="stmt"/>
        <line num="40" count="1" type="stmt"/>
        <line num="41" count="0" type="stmt"/>
        <line num="44" count="1" type="stmt"/>
        <line num="45" count="0" type="stmt"/>
        <line num="48" count="1" type="stmt"/>
        <line num="49" count="0" type="stmt"/>
        <line num="52" count="1" type="stmt"/>
        <line num="53" count="0" type="stmt"/>
        <line num="56" count="1" type="stmt"/>
        <line num="57" count="0" type="stmt"/>
        <line num="60" count="1" type="stmt"/>
        <line num="61" count="0" type="stmt"/>
        <line num="64" count="1" type="stmt"/>
        <line num="65" count="0" type="stmt"/>
        <line num="67" count="1" type="stmt"/>
      </file>
      <file name="OrderRejectedPayment.ts" path="/home/alexandre/novox/repos/lets-cook-API/src/bounded_contexts/operations/domain/order/orderState/OrderRejectedPayment.ts">
        <metrics statements="34" coveredstatements="19" conditionals="0" coveredconditionals="0" methods="14" coveredmethods="1"/>
        <line num="3" count="1" type="stmt"/>
        <line num="4" count="1" type="stmt"/>
        <line num="5" count="1" type="stmt"/>
        <line num="6" count="1" type="stmt"/>
        <line num="7" count="1" type="stmt"/>
        <line num="9" count="1" type="stmt"/>
        <line num="15" count="0" type="stmt"/>
        <line num="16" count="0" type="stmt"/>
        <line num="17" count="0" type="stmt"/>
        <line num="20" count="1" type="stmt"/>
        <line num="21" count="0" type="stmt"/>
        <line num="24" count="1" type="stmt"/>
        <line num="25" count="0" type="stmt"/>
        <line num="28" count="1" type="stmt"/>
        <line num="29" count="0" type="stmt"/>
        <line num="32" count="1" type="stmt"/>
        <line num="33" count="0" type="stmt"/>
        <line num="36" count="1" type="stmt"/>
        <line num="37" count="0" type="stmt"/>
[...]
        <line num="233" count="0" type="cond" truecount="0" falsecount="2"/>
        <line num="234" count="0" type="cond" truecount="0" falsecount="1"/>
        <line num="237" count="0" type="stmt"/>
        <line num="250" count="0" type="cond" truecount="0" falsecount="11"/>
        <line num="251" count="0" type="stmt"/>
        <line num="252" count="0" type="stmt"/>
        <line num="253" count="0" type="stmt"/>
        <line num="254" count="0" type="cond" truecount="0" falsecount="1"/>
        <line num="256" count="0" type="cond" truecount="0" falsecount="1"/>
        <line num="258" count="0" type="cond" truecount="0" falsecount="1"/>
        <line num="259" count="0" type="stmt"/>
        <line num="260" count="0" type="cond" truecount="0" falsecount="1"/>
        <line num="261" count="0" type="stmt"/>
        <line num="275" count="0" type="stmt"/>
        <line num="278" count="0" type="stmt"/>
        <line num="288" count="0" type="stmt"/>
        <line num="289" count="0" type="stmt"/>
        <line num="303" count="1" type="stmt"/>
        <line num="311" count="1" type="stmt"/>
        <line num="312" count="1" type="stmt"/>
        <line num="318" count="1" type="stmt"/>
        <line num="319" count="1" type="stmt"/>
        <line num="326" count="1" type="stmt"/>
        <line num="327" count="0" type="stmt"/>
        <line num="334" count="1" type="stmt"/>
        <line num="335" count="0" type="stmt"/>
        <line num="342" count="1" type="stmt"/>
        <line num="343" count="0" type="stmt"/>
        <line num="350" count="1" type="stmt"/>
        <line num="351" count="0" type="stmt"/>
        <line num="358" count="1" type="stmt"/>
        <line num="359" count="0" type="stmt"/>
        <line num="366" count="1" type="stmt"/>
        <line num="367" count="0" type="stmt"/>
        <line num="374" count="1" type="stmt"/>
        <line num="375" count="0" type="stmt"/>
        <line num="382" count="1" type="stmt"/>
        <line num="383" count="0" type="stmt"/>
        <line num="390" count="1" type="stmt"/>
        <line num="391" count="0" type="stmt"/>
        <line num="398" count="1" type="stmt"/>
        <line num="399" count="0" type="stmt"/>
        <line num="406" count="1" type="stmt"/>
        <line num="407" count="0" type="stmt"/>
        <line num="409" count="1" type="stmt"/>
      </file>
    </package>
    <package name="core.domain">
      <metrics statements="36" coveredstatements="21" conditionals="15" coveredconditionals="6" methods="13" coveredmethods="8"/>
      <file name="Entity.ts" path="/home/alexandre/novox/repos/lets-cook-API/src/core/domain/Entity.ts">
        <metrics statements="16" coveredstatements="8" conditionals="7" coveredconditionals="2" methods="5" coveredmethods="3"/>
        <line num="1" count="1" type="stmt"/>
        <line num="3" count="1" type="stmt"/>
        <line num="4" count="0" type="stmt"/>
        <line num="7" count="1" type="stmt"/>
        <line num="11" count="4" type="cond" truecount="2" falsecount="0"/>
        <line num="14" count="1" type="stmt"/>
        <line num="15" count="0" type="cond" truecount="0" falsecount="3"/>
        <line num="16" count="0" type="stmt"/>
        <line num="19" count="0" type="cond" truecount="0" falsecount="1"/>
        <line num="20" count="0" type="stmt"/>
        <line num="23" count="0" type="cond" truecount="0" falsecount="1"/>
        <line num="24" count="0" type="stmt"/>
        <line num="27" count="0" type="stmt"/>
        <line num="34" count="1" type="stmt"/>
        <line num="35" count="3" type="stmt"/>
        <line num="37" count="1" type="stmt"/>
      </file>
      <file name="Identifier.ts" path="/home/alexandre/novox/repos/lets-cook-API/src/core/domain/Identifier.ts">
        <metrics statements="15" coveredstatements="8" conditionals="4" coveredconditionals="0" methods="6" coveredmethods="3"/>
        <line num="3" count="1" type="stmt"/>
        <line num="7" count="5" type="stmt"/>
        <line num="10" count="1" type="stmt"/>
        <line num="11" count="0" type="cond" truecount="0" falsecount="3"/>
        <line num="12" count="0" type="stmt"/>
        <line num="14" count="0" type="cond" truecount="0" falsecount="1"/>
        <line num="15" count="0" type="stmt"/>
        <line num="18" count="0" type="stmt"/>
        <line num="21" count="1" type="stmt"/>
        <line num="22" count="0" type="stmt"/>
        <line num="29" count="1" type="stmt"/>
        <line num="30" count="0" type="stmt"/>
        <line num="37" count="1" type="stmt"/>
        <line num="38" count="3" type="stmt"/>
        <line num="40" count="1" type="stmt"/>
      </file>
      <file name="UniqueEntityID.ts" path="/home/alexandre/novox/repos/lets-cook-API/src/core/domain/UniqueEntityID.ts">
        <metrics statements="5" coveredstatements="5" conditionals="4" coveredconditionals="4" methods="2" coveredmethods="2"/>
        <line num="1" count="1" type="stmt"/>
        <line num="2" count="1" type="stmt"/>
        <line num="4" count="1" type="stmt"/>
        <line num="6" count="5" type="cond" truecount="4" falsecount="0"/>
        <line num="8" count="1" type="stmt"/>
      </file>
    </package>
    <package name="core.infra">
      <metrics statements="2" coveredstatements="2" conditionals="0" coveredconditionals="0" methods="1" coveredmethods="1"/>
      <file name="Mapper.ts" path="/home/alexandre/novox/repos/lets-cook-API/src/core/infra/Mapper.ts">
        <metrics statements="2" coveredstatements="2" conditionals="0" coveredconditionals="0" methods="1" coveredmethods="1"/>
        <line num="3" count="1" type="stmt"/>
        <line num="6" count="1" type="stmt"/>
      </file>
    </package>
    <package name="core.logic">
      <metrics statements="55" coveredstatements="20" conditionals="23" coveredconditionals="4" methods="12" coveredmethods="4"/>
      <file name="Guard.ts" path="/home/alexandre/novox/repos/lets-cook-API/src/core/logic/Guard.ts">
        <metrics statements="51" coveredstatements="17" conditionals="23" coveredconditionals="4" methods="10" coveredmethods="3"/>
        <line num="15" count="1" type="stmt"/>
        <line num="16" count="1" type="stmt"/>
        <line num="17" count="0" type="stmt"/>
        <line num="18" count="0" type="cond" truecount="0" falsecount="1"/>
        <line num="21" count="0" type="stmt"/>
        <line num="24" count="1" type="stmt"/>
        <line num="25" count="0" type="stmt"/>
        <line num="27" count="0" type="stmt"/>
        <line num="28" count="0" type="stmt"/>
        <line num="29" count="0" type="cond" truecount="0" falsecount="1"/>
        <line num="30" count="0" type="stmt"/>
        <line num="36" count="1" type="stmt"/>
        <line num="37" count="0" type="cond" truecount="0" falsecount="4"/>
        <line num="38" count="0" type="stmt"/>
        <line num="40" count="0" type="stmt"/>
        <line num="44" count="1" type="stmt"/>
        <line num="45" count="6" type="cond" truecount="4" falsecount="1"/>
        <line num="46" count="0" type="stmt"/>
        <line num="48" count="6" type="stmt"/>
        <line num="52" count="1" type="stmt"/>
        <line num="53" count="0" type="stmt"/>
        <line num="54" count="0" type="stmt"/>
        <line num="55" count="0" type="cond" truecount="0" falsecount="1"/>
        <line num="58" count="0" type="stmt"/>
        <line num="61" count="1" type="stmt"/>
        <line num="62" count="3" type="stmt"/>
        <line num="63" count="3" type="stmt"/>
        <line num="64" count="3" type="cond" truecount="0" falsecount="1"/>
        <line num="67" count="1" type="stmt"/>
        <line num="70" count="1" type="stmt"/>
        <line num="71" count="0" type="stmt"/>
        <line num="72" count="0" type="stmt"/>
        <line num="73" count="0" type="cond" truecount="0" falsecount="1"/>
        <line num="74" count="0" type="stmt"/>
        <line num="78" count="0" type="cond" truecount="0" falsecount="2"/>
        <line num="79" count="0" type="stmt"/>
        <line num="81" count="0" type="stmt"/>
        <line num="88" count="1" type="stmt"/>
        <line num="89" count="0" type="cond" truecount="0" falsecount="2"/>
        <line num="90" count="0" type="cond" truecount="0" falsecount="2"/>
        <line num="91" count="0" type="stmt"/>
        <line num="96" count="0" type="stmt"/>
        <line num="100" count="1" type="stmt"/>
        <line num="101" count="0" type="stmt"/>
        <line num="102" count="0" type="stmt"/>
        <line num="103" count="0" type="stmt"/>
        <line num="104" count="0" type="cond" truecount="0" falsecount="1"/>
        <line num="107" count="0" type="cond" truecount="0" falsecount="2"/>
        <line num="108" count="0" type="stmt"/>
        <line num="110" count="0" type="stmt"/>
        <line num="113" count="1" type="stmt"/>
      </file>
      <file name="Utils.ts" path="/home/alexandre/novox/repos/lets-cook-API/src/core/logic/Utils.ts">
        <metrics statements="4" coveredstatements="3" conditionals="0" coveredconditionals="0" methods="2" coveredmethods="1"/>
        <line num="1" count="1" type="stmt"/>
        <line num="2" count="1" type="stmt"/>
        <line num="3" count="0" type="stmt"/>
        <line num="5" count="1" type="stmt"/>
      </file>
    </package>
    <package name="infraestructure.mongoose.models">
      <metrics statements="88" coveredstatements="88" conditionals="0" coveredconditionals="0" methods="0" coveredmethods="0"/>
      <file name="PaymentOrder.ts" path="/home/alexandre/novox/repos/lets-cook-API/src/infraestructure/mongoose/models/PaymentOrder.ts">
        <metrics statements="4" coveredstatements="4" conditionals="0" coveredconditionals="0" methods="0" coveredmethods="0"/>
        <line num="1" count="1" type="stmt"/>
        <line num="2" count="1" type="stmt"/>
        <line num="4" count="1" type="stmt"/>
        <line num="83" count="1" type="stmt"/>
      </file>
      <file name="coupon.ts" path="/home/alexandre/novox/repos/lets-cook-API/src/infraestructure/mongoose/models/coupon.ts">
        <metrics statements="4" coveredstatements="4" conditionals="0" coveredconditionals="0" methods="0" coveredmethods="0"/>
        <line num="1" count="1" type="stmt"/>
        <line num="2" count="1" type="stmt"/>
        <line num="4" count="1" type="stmt"/>
        <line num="97" count="1" type="stmt"/>
      </file>
      <file name="customer.ts" path="/home/alexandre/novox/repos/lets-cook-API/src/infraestructure/mongoose/models/customer.ts">
        <metrics statements="8" coveredstatements="8" conditionals="0" coveredconditionals="0" methods="0" coveredmethods="0"/>
        <line num="1" count="1" type="stmt"/>
        <line num="2" count="1" type="stmt"/>
        <line num="4" count="1" type="stmt"/>
        <line num="61" count="1" type="stmt"/>
        <line num="118" count="1" type="stmt"/>
        <line num="151" count="1" type="stmt"/>
        <line num="192" count="1" type="stmt"/>
        <line num="258" count="1" type="stmt"/>
      </file>
      <file name="index.ts" path="/home/alexandre/novox/repos/lets-cook-API/src/infraestructure/mongoose/models/index.ts">
        <metrics statements="15" coveredstatements="15" conditionals="0" coveredconditionals="0" methods="0" coveredmethods="0"/>
        <line num="1" count="1" type="stmt"/>
        <line num="2" count="1" type="stmt"/>
        <line num="3" count="1" type="stmt"/>
        <line num="4" count="1" type="stmt"/>
        <line num="5" count="1" type="stmt"/>
        <line num="6" count="1" type="stmt"/>
        <line num="7" count="1" type="stmt"/>
        <line num="8" count="1" type="stmt"/>
        <line num="9" count="1" type="stmt"/>
        <line num="10" count="1" type="stmt"/>
        <line num="11" count="1" type="stmt"/>
        <line num="12" count="1" type="stmt"/>
        <line num="13" count="1" type="stmt"/>
        <line num="14" count="1" type="stmt"/>
        <line num="15" count="1" type="stmt"/>
      </file>
      <file name="ingredient.ts" path="/home/alexandre/novox/repos/lets-cook-API/src/infraestructure/mongoose/models/ingredient.ts">
        <metrics statements="4" coveredstatements="4" conditionals="0" coveredconditionals="0" methods="0" coveredmethods="0"/>
        <line num="1" count="1" type="stmt"/>
        <line num="2" count="1" type="stmt"/>
        <line num="4" count="1" type="stmt"/>
        <line num="36" count="1" type="stmt"/>
      </file>
      <file name="log.ts" path="/home/alexandre/novox/repos/lets-cook-API/src/infraestructure/mongoose/models/log.ts">
        <metrics statements="4" coveredstatements="4" conditionals="0" coveredconditionals="0" methods="0" coveredmethods="0"/>
        <line num="1" count="1" type="stmt"/>
        <line num="2" count="1" type="stmt"/>
        <line num="4" count="1" type="stmt"/>
        <line num="37" count="1" type="stmt"/>
      </file>
      <file name="order.ts" path="/home/alexandre/novox/repos/lets-cook-API/src/infraestructure/mongoose/models/order.ts">
        <metrics statements="4" coveredstatements="4" conditionals="0" coveredconditionals="0" methods="0" coveredmethods="0"/>
        <line num="1" count="1" type="stmt"/>
        <line num="2" count="1" type="stmt"/>
        <line num="4" count="1" type="stmt"/>
        <line num="141" count="1" type="stmt"/>
      </file>
      <file name="plan.ts" path="/home/alexandre/novox/repos/lets-cook-API/src/infraestructure/mongoose/models/plan.ts">
        <metrics statements="5" coveredstatements="5" conditionals="0" coveredconditionals="0" methods="0" coveredmethods="0"/>
        <line num="1" count="1" type="stmt"/>
        <line num="2" count="1" type="stmt"/>
        <line num="3" count="1" type="stmt"/>
        <line num="61" count="1" type="stmt"/>
        <line num="174" count="1" type="stmt"/>
      </file>
      <file name="rate.ts" path="/home/alexandre/novox/repos/lets-cook-API/src/infraestructure/mongoose/models/rate.ts">
        <metrics statements="4" coveredstatements="4" conditionals="0" coveredconditionals="0" methods="0" coveredmethods="0"/>
        <line num="1" count="1" type="stmt"/>
        <line num="2" count="1" type="stmt"/>
        <line num="4" count="1" type="stmt"/>
        <line num="53" count="1" type="stmt"/>
      </file>
      <file name="recipe.ts" path="/home/alexandre/novox/repos/lets-cook-API/src/infraestructure/mongoose/models/recipe.ts">
        <metrics statements="11" coveredstatements="11" conditionals="0" coveredconditionals="0" methods="0" coveredmethods="0"/>
        <line num="1" count="1" type="stmt"/>
        <line num="2" count="1" type="stmt"/>
        <line num="4" count="1" type="stmt"/>
        <line num="18" count="1" type="stmt"/>
        <line num="30" count="1" type="stmt"/>
        <line num="42" count="1" type="stmt"/>
        <line num="74" count="1" type="stmt"/>
        <line num="76" count="1" type="stmt"/>
        <line num="97" count="1" type="stmt"/>
        <line num="99" count="1" type="stmt"/>
        <line num="203" count="1" type="stmt"/>
      </file>
      <file name="recipeRestriction.ts" path="/home/alexandre/novox/repos/lets-cook-API/src/infraestructure/mongoose/models/recipeRestriction.ts">
        <metrics statements="4" coveredstatements="4" conditionals="0" coveredconditionals="0" methods="0" coveredmethods="0"/>
        <line num="1" count="1" type="stmt"/>
        <line num="2" count="1" type="stmt"/>
        <line num="4" count="1" type="stmt"/>
        <line num="29" count="1" type="stmt"/>
      </file>
      <file name="role.ts" path="/home/alexandre/novox/repos/lets-cook-API/src/infraestructure/mongoose/models/role.ts">
        <metrics statements="5" coveredstatements="5" conditionals="0" coveredconditionals="0" methods="0" coveredmethods="0"/>
        <line num="1" count="1" type="stmt"/>
        <line num="3" count="1" type="stmt"/>
        <line num="4" count="1" type="stmt"/>
        <line num="6" count="1" type="stmt"/>
        <line num="29" count="1" type="stmt"/>
      </file>
      <file name="shipping.ts" path="/home/alexandre/novox/repos/lets-cook-API/src/infraestructure/mongoose/models/shipping.ts">
        <metrics statements="4" coveredstatements="4" conditionals="0" coveredconditionals="0" methods="0" coveredmethods="0"/>
        <line num="1" count="1" type="stmt"/>
        <line num="2" count="1" type="stmt"/>
        <line num="4" count="1" type="stmt"/>
        <line num="53" count="1" type="stmt"/>
      </file>
      <file name="subscription.ts" path="/home/alexandre/novox/repos/lets-cook-API/src/infraestructure/mongoose/models/subscription.ts">
        <metrics statements="4" coveredstatements="4" conditionals="0" coveredconditionals="0" methods="0" coveredmethods="0"/>
        <line num="1" count="1" type="stmt"/>
        <line num="2" count="1" type="stmt"/>
        <line num="4" count="1" type="stmt"/>
        <line num="101" count="1" type="stmt"/>
      </file>
      <file name="user.ts" path="/home/alexandre/novox/repos/lets-cook-API/src/infraestructure/mongoose/models/user.ts">
        <metrics statements="4" coveredstatements="4" conditionals="0" coveredconditionals="0" methods="0" coveredmethods="0"/>
        <line num="1" count="1" type="stmt"/>
        <line num="2" count="1" type="stmt"/>
        <line num="4" count="1" type="stmt"/>
        <line num="54" count="1" type="stmt"/>
      </file>
      <file name="week.ts" path="/home/alexandre/novox/repos/lets-cook-API/src/infraestructure/mongoose/models/week.ts">
        <metrics statements="4" coveredstatements="4" conditionals="0" coveredconditionals="0" methods="0" coveredmethods="0"/>
        <line num="1" count="1" type="stmt"/>
        <line num="2" count="1" type="stmt"/>
        <line num="4" count="1" type="stmt"/>
        <line num="28" count="1" type="stmt"/>
      </file>
    </package>
    <package name="shared.notificationService">
      <metrics statements="32" coveredstatements="17" conditionals="0" coveredconditionals="0" methods="16" coveredmethods="1"/>
      <file name="mockNotificationService.ts" path="/home/alexandre/novox/repos/lets-cook-API/src/shared/notificationService/mockNotificationService.ts">
        <metrics statements="32" coveredstatements="17" conditionals="0" coveredconditionals="0" methods="16" coveredmethods="1"/>
        <line num="6" count="1" type="stmt"/>
        <line num="7" count="1" type="stmt"/>
        <line num="8" count="0" type="stmt"/>
        <line num="10" count="1" type="stmt"/>
        <line num="11" count="0" type="stmt"/>
        <line num="13" count="1" type="stmt"/>
        <line num="14" count="0" type="stmt"/>
        <line num="16" count="1" type="stmt"/>
        <line num="17" count="0" type="stmt"/>
        <line num="19" count="1" type="stmt"/>
        <line num="20" count="0" type="stmt"/>
        <line num="22" count="1" type="stmt"/>
        <line num="23" count="0" type="stmt"/>
        <line num="25" count="1" type="stmt"/>
        <line num="26" count="0" type="stmt"/>
        <line num="28" count="1" type="stmt"/>
        <line num="29" count="0" type="stmt"/>
        <line num="31" count="1" type="stmt"/>
        <line num="32" count="0" type="stmt"/>
        <line num="34" count="1" type="stmt"/>
        <line num="35" count="0" type="stmt"/>
        <line num="37" count="1" type="stmt"/>
        <line num="38" count="0" type="stmt"/>
        <line num="40" count="1" type="stmt"/>
        <line num="41" count="0" type="stmt"/>
        <line num="43" count="1" type="stmt"/>
        <line num="44" count="0" type="stmt"/>
        <line num="46" count="1" type="stmt"/>
        <line num="47" count="0" type="stmt"/>
        <line num="49" count="1" type="stmt"/>
        <line num="50" count="0" type="stmt"/>
        <line num="53" count="1" type="stmt"/>
      </file>
    </package>
  </project>
</coverage>
