{"/home/alexandre/novox/repos/lets-cook-API/src/bounded_contexts/IAM/domain/permission/Permission.ts": {"path":"/home/alexandre/novox/repos/lets-cook-API/src/bounded_contexts/IAM/domain/permission/Permission.ts","statementMap":{"0":{"start":{"line":1,"column":0},"end":{"line":1,"column":null}},"1":{"start":{"line":2,"column":4},"end":{"line":2,"column":null}},"2":{"start":{"line":3,"column":4},"end":{"line":3,"column":null}},"3":{"start":{"line":4,"column":4},"end":{"line":4,"column":null}},"4":{"start":{"line":5,"column":4},"end":{"line":5,"column":null}},"5":{"start":{"line":6,"column":4},"end":{"line":6,"column":null}},"6":{"start":{"line":7,"column":4},"end":{"line":7,"column":null}},"7":{"start":{"line":8,"column":4},"end":{"line":8,"column":null}},"8":{"start":{"line":9,"column":4},"end":{"line":9,"column":null}},"9":{"start":{"line":10,"column":4},"end":{"line":10,"column":null}},"10":{"start":{"line":11,"column":4},"end":{"line":11,"column":null}},"11":{"start":{"line":12,"column":4},"end":{"line":12,"column":null}},"12":{"start":{"line":13,"column":4},"end":{"line":13,"column":null}},"13":{"start":{"line":14,"column":4},"end":{"line":14,"column":null}},"14":{"start":{"line":15,"column":4},"end":{"line":15,"column":null}},"15":{"start":{"line":16,"column":4},"end":{"line":16,"column":null}},"16":{"start":{"line":17,"column":4},"end":{"line":17,"column":null}},"17":{"start":{"line":18,"column":4},"end":{"line":18,"column":null}},"18":{"start":{"line":19,"column":4},"end":{"line":19,"column":null}},"19":{"start":{"line":20,"column":4},"end":{"line":20,"column":null}},"20":{"start":{"line":21,"column":4},"end":{"line":21,"column":null}},"21":{"start":{"line":22,"column":4},"end":{"line":22,"column":null}},"22":{"start":{"line":23,"column":4},"end":{"line":23,"column":null}},"23":{"start":{"line":24,"column":4},"end":{"line":24,"column":null}},"24":{"start":{"line":25,"column":4},"end":{"line":25,"column":null}},"25":{"start":{"line":26,"column":4},"end":{"line":26,"column":null}},"26":{"start":{"line":27,"column":4},"end":{"line":27,"column":null}},"27":{"start":{"line":28,"column":4},"end":{"line":28,"column":null}},"28":{"start":{"line":29,"column":4},"end":{"line":29,"column":null}},"29":{"start":{"line":30,"column":4},"end":{"line":30,"column":null}},"30":{"start":{"line":31,"column":4},"end":{"line":31,"column":null}},"31":{"start":{"line":32,"column":4},"end":{"line":32,"column":null}},"32":{"start":{"line":33,"column":4},"end":{"line":33,"column":null}},"33":{"start":{"line":34,"column":4},"end":{"line":34,"column":null}},"34":{"start":{"line":35,"column":4},"end":{"line":35,"column":null}},"35":{"start":{"line":36,"column":4},"end":{"line":36,"column":null}},"36":{"start":{"line":37,"column":4},"end":{"line":37,"column":null}},"37":{"start":{"line":38,"column":4},"end":{"line":38,"column":null}},"38":{"start":{"line":39,"column":4},"end":{"line":39,"column":null}}},"fnMap":{"0":{"name":"(anonymous_0)","decl":{"start":{"line":1,"column":0},"end":{"line":1,"column":12}},"loc":{"start":{"line":1,"column":22},"end":{"line":40,"column":1}}}},"branchMap":{"0":{"loc":{"start":{"line":1,"column":12},"end":{"line":1,"column":null}},"type":"binary-expr","locations":[{"start":{"line":1,"column":12},"end":{"line":1,"column":22}},{"start":{"line":1,"column":22},"end":{"line":1,"column":null}}]}},"s":{"0":1,"1":1,"2":1,"3":1,"4":1,"5":1,"6":1,"7":1,"8":1,"9":1,"10":1,"11":1,"12":1,"13":1,"14":1,"15":1,"16":1,"17":1,"18":1,"19":1,"20":1,"21":1,"22":1,"23":1,"24":1,"25":1,"26":1,"27":1,"28":1,"29":1,"30":1,"31":1,"32":1,"33":1,"34":1,"35":1,"36":1,"37":1,"38":1},"f":{"0":1},"b":{"0":[1,1]}}
,"/home/alexandre/novox/repos/lets-cook-API/src/bounded_contexts/IAM/domain/user/UserPassword.ts": {"path":"/home/alexandre/novox/repos/lets-cook-API/src/bounded_contexts/IAM/domain/user/UserPassword.ts","statementMap":{"0":{"start":{"line":2,"column":0},"end":{"line":2,"column":35}},"1":{"start":{"line":4,"column":0},"end":{"line":4,"column":13}},"2":{"start":{"line":9,"column":8},"end":{"line":9,"column":28}},"3":{"start":{"line":10,"column":8},"end":{"line":10,"column":34}},"4":{"start":{"line":13,"column":18},"end":{"line":19,"column":null}},"5":{"start":{"line":14,"column":8},"end":{"line":14,"column":71}},"6":{"start":{"line":14,"column":22},"end":{"line":14,"column":71}},"7":{"start":{"line":16,"column":8},"end":{"line":16,"column":45}},"8":{"start":{"line":18,"column":8},"end":{"line":18,"column":57}},"9":{"start":{"line":21,"column":11},"end":{"line":25,"column":null}},"10":{"start":{"line":24,"column":8},"end":{"line":24,"column":112}},"11":{"start":{"line":27,"column":21},"end":{"line":29,"column":null}},"12":{"start":{"line":28,"column":8},"end":{"line":28,"column":45}},"13":{"start":{"line":31,"column":21},"end":{"line":33,"column":null}},"14":{"start":{"line":32,"column":8},"end":{"line":32,"column":69}},"15":{"start":{"line":35,"column":21},"end":{"line":37,"column":null}},"16":{"start":{"line":36,"column":8},"end":{"line":36,"column":44}},"17":{"start":{"line":39,"column":19},"end":{"line":47,"column":null}},"18":{"start":{"line":40,"column":8},"end":{"line":46,"column":null}},"19":{"start":{"line":45,"column":12},"end":{"line":45,"column":108}},"20":{"start":{"line":49,"column":11},"end":{"line":53,"column":null}},"21":{"start":{"line":50,"column":8},"end":{"line":50,"column":82}},"22":{"start":{"line":50,"column":27},"end":{"line":50,"column":82}},"23":{"start":{"line":52,"column":8},"end":{"line":52,"column":70}},"24":{"start":{"line":55,"column":11},"end":{"line":57,"column":null}},"25":{"start":{"line":56,"column":8},"end":{"line":56,"column":70}},"26":{"start":{"line":63,"column":4},"end":{"line":65,"column":null}},"27":{"start":{"line":64,"column":8},"end":{"line":64,"column":27}},"28":{"start":{"line":71,"column":4},"end":{"line":73,"column":null}},"29":{"start":{"line":72,"column":8},"end":{"line":72,"column":30}},"30":{"start":{"line":74,"column":0},"end":{"line":74,"column":null}},"31":{"start":{"line":4,"column":13},"end":{"line":4,"column":25}}},"fnMap":{"0":{"name":"(anonymous_6)","decl":{"start":{"line":4,"column":0},"end":{"line":4,"column":13}},"loc":{"start":{"line":4,"column":0},"end":{"line":74,"column":null}}},"1":{"name":"UserPassword","decl":{"start":{"line":8,"column":4},"end":{"line":8,"column":26}},"loc":{"start":{"line":8,"column":58},"end":{"line":11,"column":5}}},"2":{"name":"(anonymous_8)","decl":{"start":{"line":13,"column":4},"end":{"line":13,"column":18}},"loc":{"start":{"line":13,"column":65},"end":{"line":19,"column":5}}},"3":{"name":"(anonymous_9)","decl":{"start":{"line":21,"column":4},"end":{"line":21,"column":11}},"loc":{"start":{"line":21,"column":41},"end":{"line":25,"column":5}}},"4":{"name":"(anonymous_10)","decl":{"start":{"line":27,"column":4},"end":{"line":27,"column":21}},"loc":{"start":{"line":27,"column":67},"end":{"line":29,"column":5}}},"5":{"name":"(anonymous_11)","decl":{"start":{"line":31,"column":4},"end":{"line":31,"column":21}},"loc":{"start":{"line":31,"column":78},"end":{"line":33,"column":5}}},"6":{"name":"(anonymous_12)","decl":{"start":{"line":35,"column":4},"end":{"line":35,"column":21}},"loc":{"start":{"line":35,"column":66},"end":{"line":37,"column":5}}},"7":{"name":"(anonymous_13)","decl":{"start":{"line":39,"column":4},"end":{"line":39,"column":19}},"loc":{"start":{"line":39,"column":61},"end":{"line":47,"column":5}}},"8":{"name":"(anonymous_14)","decl":{"start":{"line":49,"column":4},"end":{"line":49,"column":11}},"loc":{"start":{"line":49,"column":4},"end":{"line":53,"column":5}}},"9":{"name":"(anonymous_15)","decl":{"start":{"line":55,"column":4},"end":{"line":55,"column":11}},"loc":{"start":{"line":55,"column":4},"end":{"line":57,"column":5}}},"10":{"name":"(anonymous_16)","decl":{"start":{"line":63,"column":4},"end":{"line":63,"column":15}},"loc":{"start":{"line":63,"column":4},"end":{"line":65,"column":5}}},"11":{"name":"(anonymous_17)","decl":{"start":{"line":71,"column":4},"end":{"line":71,"column":15}},"loc":{"start":{"line":71,"column":4},"end":{"line":73,"column":5}}}},"branchMap":{"0":{"loc":{"start":{"line":14,"column":8},"end":{"line":14,"column":71}},"type":"if","locations":[{"start":{"line":14,"column":8},"end":{"line":14,"column":71}}]},"1":{"loc":{"start":{"line":24,"column":15},"end":{"line":24,"column":111}},"type":"cond-expr","locations":[{"start":{"line":24,"column":31},"end":{"line":24,"column":78}},{"start":{"line":24,"column":81},"end":{"line":24,"column":111}}]},"2":{"loc":{"start":{"line":40,"column":8},"end":{"line":46,"column":null}},"type":"if","locations":[{"start":{"line":40,"column":8},"end":{"line":46,"column":null}}]},"3":{"loc":{"start":{"line":41,"column":12},"end":{"line":43,"column":68}},"type":"binary-expr","locations":[{"start":{"line":41,"column":12},"end":{"line":41,"column":57}},{"start":{"line":42,"column":12},"end":{"line":42,"column":56}},{"start":{"line":43,"column":12},"end":{"line":43,"column":68}}]},"4":{"loc":{"start":{"line":50,"column":8},"end":{"line":50,"column":82}},"type":"if","locations":[{"start":{"line":50,"column":8},"end":{"line":50,"column":82}}]},"5":{"loc":{"start":{"line":56,"column":15},"end":{"line":56,"column":69}},"type":"cond-expr","locations":[{"start":{"line":56,"column":31},"end":{"line":56,"column":41}},{"start":{"line":56,"column":44},"end":{"line":56,"column":69}}]}},"s":{"0":1,"1":1,"2":1,"3":1,"4":1,"5":1,"6":0,"7":1,"8":1,"9":1,"10":0,"11":1,"12":1,"13":1,"14":1,"15":1,"16":1,"17":1,"18":1,"19":0,"20":1,"21":0,"22":0,"23":0,"24":1,"25":0,"26":1,"27":0,"28":1,"29":0,"30":1,"31":1},"f":{"0":1,"1":1,"2":1,"3":0,"4":1,"5":1,"6":1,"7":1,"8":0,"9":0,"10":0,"11":0},"b":{"0":[0],"1":[0,0],"2":[0],"3":[1,1,1],"4":[0],"5":[0,0]}}
,"/home/alexandre/novox/repos/lets-cook-API/src/bounded_contexts/operations/application/paymentService/mockPaymentService.ts": {"path":"/home/alexandre/novox/repos/lets-cook-API/src/bounded_contexts/operations/application/paymentService/mockPaymentService.ts","statementMap":{"0":{"start":{"line":5,"column":0},"end":{"line":5,"column":13}},"1":{"start":{"line":7,"column":4},"end":{"line":9,"column":null}},"2":{"start":{"line":8,"column":8},"end":{"line":8,"column":51}},"3":{"start":{"line":10,"column":4},"end":{"line":12,"column":null}},"4":{"start":{"line":11,"column":8},"end":{"line":11,"column":51}},"5":{"start":{"line":13,"column":4},"end":{"line":15,"column":null}},"6":{"start":{"line":14,"column":8},"end":{"line":14,"column":51}},"7":{"start":{"line":16,"column":4},"end":{"line":18,"column":null}},"8":{"start":{"line":17,"column":8},"end":{"line":17,"column":51}},"9":{"start":{"line":19,"column":4},"end":{"line":21,"column":null}},"10":{"start":{"line":20,"column":8},"end":{"line":20,"column":51}},"11":{"start":{"line":22,"column":4},"end":{"line":24,"column":null}},"12":{"start":{"line":23,"column":8},"end":{"line":23,"column":51}},"13":{"start":{"line":25,"column":4},"end":{"line":27,"column":null}},"14":{"start":{"line":26,"column":8},"end":{"line":26,"column":51}},"15":{"start":{"line":28,"column":4},"end":{"line":30,"column":null}},"16":{"start":{"line":29,"column":8},"end":{"line":29,"column":51}},"17":{"start":{"line":31,"column":4},"end":{"line":33,"column":null}},"18":{"start":{"line":32,"column":8},"end":{"line":32,"column":51}},"19":{"start":{"line":35,"column":0},"end":{"line":35,"column":null}},"20":{"start":{"line":5,"column":13},"end":{"line":5,"column":31}}},"fnMap":{"0":{"name":"(anonymous_0)","decl":{"start":{"line":5,"column":0},"end":{"line":5,"column":13}},"loc":{"start":{"line":5,"column":0},"end":{"line":35,"column":null}}},"1":{"name":"(anonymous_2)","decl":{"start":{"line":7,"column":4},"end":{"line":7,"column":17}},"loc":{"start":{"line":7,"column":118},"end":{"line":9,"column":5}}},"2":{"name":"(anonymous_3)","decl":{"start":{"line":10,"column":4},"end":{"line":10,"column":45}},"loc":{"start":{"line":10,"column":125},"end":{"line":12,"column":5}}},"3":{"name":"(anonymous_4)","decl":{"start":{"line":13,"column":4},"end":{"line":13,"column":18}},"loc":{"start":{"line":13,"column":32},"end":{"line":15,"column":5}}},"4":{"name":"(anonymous_5)","decl":{"start":{"line":16,"column":4},"end":{"line":16,"column":20}},"loc":{"start":{"line":16,"column":44},"end":{"line":18,"column":5}}},"5":{"name":"(anonymous_6)","decl":{"start":{"line":19,"column":4},"end":{"line":19,"column":30}},"loc":{"start":{"line":19,"column":73},"end":{"line":21,"column":5}}},"6":{"name":"(anonymous_7)","decl":{"start":{"line":22,"column":4},"end":{"line":22,"column":45}},"loc":{"start":{"line":22,"column":89},"end":{"line":24,"column":5}}},"7":{"name":"(anonymous_8)","decl":{"start":{"line":25,"column":4},"end":{"line":25,"column":35}},"loc":{"start":{"line":25,"column":59},"end":{"line":27,"column":5}}},"8":{"name":"(anonymous_9)","decl":{"start":{"line":28,"column":4},"end":{"line":28,"column":10}},"loc":{"start":{"line":28,"column":50},"end":{"line":30,"column":5}}},"9":{"name":"(anonymous_10)","decl":{"start":{"line":31,"column":4},"end":{"line":31,"column":15}},"loc":{"start":{"line":31,"column":71},"end":{"line":33,"column":5}}}},"branchMap":{},"s":{"0":1,"1":1,"2":0,"3":1,"4":0,"5":1,"6":0,"7":1,"8":0,"9":1,"10":0,"11":1,"12":0,"13":1,"14":0,"15":1,"16":0,"17":1,"18":0,"19":1,"20":1},"f":{"0":2,"1":0,"2":0,"3":0,"4":0,"5":0,"6":0,"7":0,"8":0,"9":0},"b":{}}
,"/home/alexandre/novox/repos/lets-cook-API/src/bounded_contexts/operations/application/timeService/momentTimeService.ts": {"path":"/home/alexandre/novox/repos/lets-cook-API/src/bounded_contexts/operations/application/timeService/momentTimeService.ts","statementMap":{"0":{"start":{"line":2,"column":0},"end":{"line":2,"column":52}},"1":{"start":{"line":5,"column":15},"end":{"line":5,"column":32}},"2":{"start":{"line":7,"column":0},"end":{"line":7,"column":20}},"3":{"start":{"line":9,"column":0},"end":{"line":9,"column":13}},"4":{"start":{"line":12,"column":19},"end":{"line":14,"column":null}},"5":{"start":{"line":13,"column":8},"end":{"line":13,"column":46}},"6":{"start":{"line":16,"column":18},"end":{"line":19,"column":null}},"7":{"start":{"line":18,"column":8},"end":{"line":18,"column":37}},"8":{"start":{"line":21,"column":18},"end":{"line":23,"column":null}},"9":{"start":{"line":22,"column":8},"end":{"line":22,"column":41}},"10":{"start":{"line":25,"column":18},"end":{"line":27,"column":null}},"11":{"start":{"line":26,"column":8},"end":{"line":26,"column":42}},"12":{"start":{"line":29,"column":18},"end":{"line":31,"column":null}},"13":{"start":{"line":29,"column":48},"end":{"line":29,"column":null}},"14":{"start":{"line":30,"column":8},"end":{"line":30,"column":66}},"15":{"start":{"line":33,"column":18},"end":{"line":35,"column":null}},"16":{"start":{"line":34,"column":8},"end":{"line":34,"column":49}},"17":{"start":{"line":37,"column":18},"end":{"line":39,"column":null}},"18":{"start":{"line":38,"column":8},"end":{"line":38,"column":49}},"19":{"start":{"line":41,"column":18},"end":{"line":47,"column":null}},"20":{"start":{"line":42,"column":8},"end":{"line":42,"column":45}},"21":{"start":{"line":43,"column":22},"end":{"line":43,"column":66}},"22":{"start":{"line":44,"column":39},"end":{"line":44,"column":85}},"23":{"start":{"line":46,"column":8},"end":{"line":46,"column":111}},"24":{"start":{"line":49,"column":18},"end":{"line":61,"column":null}},"25":{"start":{"line":50,"column":27},"end":{"line":50,"column":43}},"26":{"start":{"line":51,"column":27},"end":{"line":51,"column":43}},"27":{"start":{"line":52,"column":8},"end":{"line":52,"column":53}},"28":{"start":{"line":53,"column":33},"end":{"line":53,"column":66}},"29":{"start":{"line":54,"column":42},"end":{"line":54,"column":97}},"30":{"start":{"line":55,"column":33},"end":{"line":55,"column":66}},"31":{"start":{"line":56,"column":42},"end":{"line":56,"column":97}},"32":{"start":{"line":58,"column":8},"end":{"line":60,"column":41}},"33":{"start":{"line":63,"column":18},"end":{"line":72,"column":null}},"34":{"start":{"line":64,"column":26},"end":{"line":64,"column":36}},"35":{"start":{"line":66,"column":27},"end":{"line":66,"column":74}},"36":{"start":{"line":67,"column":33},"end":{"line":67,"column":59}},"37":{"start":{"line":69,"column":8},"end":{"line":69,"column":57}},"38":{"start":{"line":71,"column":8},"end":{"line":71,"column":20}},"39":{"start":{"line":74,"column":18},"end":{"line":80,"column":null}},"40":{"start":{"line":75,"column":8},"end":{"line":75,"column":43}},"41":{"start":{"line":75,"column":34},"end":{"line":75,"column":43}},"42":{"start":{"line":76,"column":8},"end":{"line":76,"column":46}},"43":{"start":{"line":76,"column":36},"end":{"line":76,"column":46}},"44":{"start":{"line":77,"column":8},"end":{"line":77,"column":45}},"45":{"start":{"line":77,"column":35},"end":{"line":77,"column":45}},"46":{"start":{"line":79,"column":8},"end":{"line":79,"column":17}},"47":{"start":{"line":81,"column":0},"end":{"line":81,"column":null}},"48":{"start":{"line":9,"column":13},"end":{"line":9,"column":30}}},"fnMap":{"0":{"name":"(anonymous_0)","decl":{"start":{"line":9,"column":0},"end":{"line":9,"column":13}},"loc":{"start":{"line":9,"column":0},"end":{"line":81,"column":null}}},"1":{"name":"MomentTimeService","decl":{"start":{"line":10,"column":4},"end":{"line":10,"column":20}},"loc":{"start":{"line":10,"column":4},"end":{"line":10,"column":21}}},"2":{"name":"(anonymous_2)","decl":{"start":{"line":12,"column":4},"end":{"line":12,"column":19}},"loc":{"start":{"line":12,"column":37},"end":{"line":14,"column":5}}},"3":{"name":"(anonymous_3)","decl":{"start":{"line":16,"column":4},"end":{"line":16,"column":18}},"loc":{"start":{"line":16,"column":51},"end":{"line":19,"column":5}}},"4":{"name":"(anonymous_4)","decl":{"start":{"line":21,"column":4},"end":{"line":21,"column":18}},"loc":{"start":{"line":21,"column":50},"end":{"line":23,"column":5}}},"5":{"name":"(anonymous_5)","decl":{"start":{"line":25,"column":4},"end":{"line":25,"column":18}},"loc":{"start":{"line":25,"column":50},"end":{"line":27,"column":5}}},"6":{"name":"(anonymous_6)","decl":{"start":{"line":29,"column":4},"end":{"line":29,"column":18}},"loc":{"start":{"line":29,"column":74},"end":{"line":31,"column":5}}},"7":{"name":"(anonymous_7)","decl":{"start":{"line":33,"column":4},"end":{"line":33,"column":18}},"loc":{"start":{"line":33,"column":41},"end":{"line":35,"column":5}}},"8":{"name":"(anonymous_8)","decl":{"start":{"line":37,"column":4},"end":{"line":37,"column":18}},"loc":{"start":{"line":37,"column":40},"end":{"line":39,"column":5}}},"9":{"name":"(anonymous_9)","decl":{"start":{"line":41,"column":4},"end":{"line":41,"column":18}},"loc":{"start":{"line":41,"column":83},"end":{"line":47,"column":5}}},"10":{"name":"(anonymous_10)","decl":{"start":{"line":49,"column":4},"end":{"line":49,"column":18}},"loc":{"start":{"line":49,"column":74},"end":{"line":61,"column":5}}},"11":{"name":"(anonymous_11)","decl":{"start":{"line":63,"column":4},"end":{"line":63,"column":18}},"loc":{"start":{"line":63,"column":63},"end":{"line":72,"column":5}}},"12":{"name":"(anonymous_12)","decl":{"start":{"line":74,"column":4},"end":{"line":74,"column":18}},"loc":{"start":{"line":74,"column":62},"end":{"line":80,"column":5}}}},"branchMap":{"0":{"loc":{"start":{"line":29,"column":48},"end":{"line":29,"column":null}},"type":"if","locations":[{"start":{"line":29,"column":48},"end":{"line":29,"column":null}}]},"1":{"loc":{"start":{"line":75,"column":8},"end":{"line":75,"column":43}},"type":"if","locations":[{"start":{"line":75,"column":8},"end":{"line":75,"column":43}}]},"2":{"loc":{"start":{"line":76,"column":8},"end":{"line":76,"column":46}},"type":"if","locations":[{"start":{"line":76,"column":8},"end":{"line":76,"column":46}}]},"3":{"loc":{"start":{"line":77,"column":8},"end":{"line":77,"column":45}},"type":"if","locations":[{"start":{"line":77,"column":8},"end":{"line":77,"column":45}}]}},"s":{"0":1,"1":1,"2":1,"3":1,"4":1,"5":0,"6":1,"7":0,"8":1,"9":0,"10":1,"11":0,"12":1,"13":0,"14":0,"15":1,"16":0,"17":1,"18":0,"19":1,"20":0,"21":0,"22":0,"23":0,"24":1,"25":0,"26":0,"27":0,"28":0,"29":0,"30":0,"31":0,"32":0,"33":1,"34":0,"35":0,"36":0,"37":0,"38":0,"39":1,"40":0,"41":0,"42":0,"43":0,"44":0,"45":0,"46":0,"47":1,"48":1},"f":{"0":1,"1":0,"2":0,"3":0,"4":0,"5":0,"6":0,"7":0,"8":0,"9":0,"10":0,"11":0,"12":0},"b":{"0":[0],"1":[0],"2":[0],"3":[0]}}
,"/home/alexandre/novox/repos/lets-cook-API/src/bounded_contexts/operations/domain/address/Address.ts": {"path":"/home/alexandre/novox/repos/lets-cook-API/src/bounded_contexts/operations/domain/address/Address.ts","statementMap":{"0":{"start":{"line":1,"column":0},"end":{"line":1,"column":56}},"1":{"start":{"line":5,"column":0},"end":{"line":5,"column":44}},"2":{"start":{"line":5,"column":29},"end":{"line":5,"column":35}},"3":{"start":{"line":30,"column":8},"end":{"line":30,"column":null}},"4":{"start":{"line":31,"column":8},"end":{"line":31,"column":34}},"5":{"start":{"line":32,"column":8},"end":{"line":32,"column":36}},"6":{"start":{"line":33,"column":8},"end":{"line":33,"column":26}},"7":{"start":{"line":34,"column":8},"end":{"line":34,"column":34}},"8":{"start":{"line":35,"column":8},"end":{"line":35,"column":32}},"9":{"start":{"line":36,"column":8},"end":{"line":36,"column":26}},"10":{"start":{"line":37,"column":8},"end":{"line":37,"column":34}},"11":{"start":{"line":38,"column":8},"end":{"line":38,"column":32}},"12":{"start":{"line":39,"column":8},"end":{"line":39,"column":38}},"13":{"start":{"line":40,"column":8},"end":{"line":40,"column":42}},"14":{"start":{"line":43,"column":11},"end":{"line":45,"column":null}},"15":{"start":{"line":44,"column":8},"end":{"line":44,"column":46}},"16":{"start":{"line":47,"column":11},"end":{"line":49,"column":null}},"17":{"start":{"line":48,"column":8},"end":{"line":48,"column":50}},"18":{"start":{"line":51,"column":11},"end":{"line":73,"column":null}},"19":{"start":{"line":63,"column":8},"end":{"line":63,"column":28}},"20":{"start":{"line":64,"column":8},"end":{"line":64,"column":30}},"21":{"start":{"line":65,"column":8},"end":{"line":65,"column":25}},"22":{"start":{"line":66,"column":8},"end":{"line":66,"column":33}},"23":{"start":{"line":67,"column":8},"end":{"line":67,"column":31}},"24":{"start":{"line":68,"column":8},"end":{"line":68,"column":25}},"25":{"start":{"line":69,"column":8},"end":{"line":69,"column":33}},"26":{"start":{"line":70,"column":8},"end":{"line":70,"column":31}},"27":{"start":{"line":71,"column":8},"end":{"line":71,"column":37}},"28":{"start":{"line":72,"column":8},"end":{"line":72,"column":41}},"29":{"start":{"line":80,"column":4},"end":{"line":82,"column":null}},"30":{"start":{"line":81,"column":8},"end":{"line":81,"column":26}},"31":{"start":{"line":113,"column":8},"end":{"line":113,"column":27}},"32":{"start":{"line":88,"column":4},"end":{"line":90,"column":null}},"33":{"start":{"line":89,"column":8},"end":{"line":89,"column":30}},"34":{"start":{"line":121,"column":8},"end":{"line":121,"column":31}},"35":{"start":{"line":96,"column":4},"end":{"line":98,"column":null}},"36":{"start":{"line":97,"column":8},"end":{"line":97,"column":29}},"37":{"start":{"line":129,"column":8},"end":{"line":129,"column":30}},"38":{"start":{"line":104,"column":4},"end":{"line":106,"column":null}},"39":{"start":{"line":105,"column":8},"end":{"line":105,"column":32}},"40":{"start":{"line":137,"column":8},"end":{"line":137,"column":33}},"41":{"start":{"line":144,"column":4},"end":{"line":146,"column":null}},"42":{"start":{"line":145,"column":8},"end":{"line":145,"column":30}},"43":{"start":{"line":192,"column":8},"end":{"line":192,"column":31}},"44":{"start":{"line":152,"column":4},"end":{"line":154,"column":null}},"45":{"start":{"line":153,"column":8},"end":{"line":153,"column":31}},"46":{"start":{"line":200,"column":8},"end":{"line":200,"column":32}},"47":{"start":{"line":159,"column":4},"end":{"line":161,"column":null}},"48":{"start":{"line":160,"column":8},"end":{"line":160,"column":26}},"49":{"start":{"line":208,"column":8},"end":{"line":208,"column":27}},"50":{"start":{"line":167,"column":4},"end":{"line":169,"column":null}},"51":{"start":{"line":168,"column":8},"end":{"line":168,"column":30}},"52":{"start":{"line":216,"column":8},"end":{"line":216,"column":31}},"53":{"start":{"line":175,"column":4},"end":{"line":177,"column":null}},"54":{"start":{"line":176,"column":8},"end":{"line":176,"column":29}},"55":{"start":{"line":224,"column":8},"end":{"line":224,"column":30}},"56":{"start":{"line":183,"column":4},"end":{"line":185,"column":null}},"57":{"start":{"line":184,"column":8},"end":{"line":184,"column":34}},"58":{"start":{"line":232,"column":8},"end":{"line":232,"column":35}},"59":{"start":{"line":234,"column":0},"end":{"line":234,"column":null}},"60":{"start":{"line":5,"column":13},"end":{"line":5,"column":20}}},"fnMap":{"0":{"name":"(anonymous_6)","decl":{"start":{"line":5,"column":0},"end":{"line":5,"column":13}},"loc":{"start":{"line":5,"column":0},"end":{"line":234,"column":null}}},"1":{"name":"Address","decl":{"start":{"line":17,"column":4},"end":{"line":17,"column":null}},"loc":{"start":{"line":28,"column":29},"end":{"line":41,"column":5}}},"2":{"name":"(anonymous_8)","decl":{"start":{"line":43,"column":4},"end":{"line":43,"column":11}},"loc":{"start":{"line":43,"column":4},"end":{"line":45,"column":5}}},"3":{"name":"(anonymous_9)","decl":{"start":{"line":47,"column":4},"end":{"line":47,"column":11}},"loc":{"start":{"line":47,"column":4},"end":{"line":49,"column":5}}},"4":{"name":"(anonymous_10)","decl":{"start":{"line":51,"column":4},"end":{"line":51,"column":11}},"loc":{"start":{"line":61,"column":45},"end":{"line":73,"column":5}}},"5":{"name":"(anonymous_11)","decl":{"start":{"line":80,"column":4},"end":{"line":80,"column":15}},"loc":{"start":{"line":80,"column":4},"end":{"line":82,"column":5}}},"6":{"name":"(anonymous_12)","decl":{"start":{"line":112,"column":4},"end":{"line":112,"column":20}},"loc":{"start":{"line":112,"column":33},"end":{"line":114,"column":5}}},"7":{"name":"(anonymous_13)","decl":{"start":{"line":88,"column":4},"end":{"line":88,"column":15}},"loc":{"start":{"line":88,"column":4},"end":{"line":90,"column":5}}},"8":{"name":"(anonymous_14)","decl":{"start":{"line":120,"column":4},"end":{"line":120,"column":24}},"loc":{"start":{"line":120,"column":37},"end":{"line":122,"column":5}}},"9":{"name":"(anonymous_15)","decl":{"start":{"line":96,"column":4},"end":{"line":96,"column":15}},"loc":{"start":{"line":96,"column":4},"end":{"line":98,"column":5}}},"10":{"name":"(anonymous_16)","decl":{"start":{"line":128,"column":4},"end":{"line":128,"column":23}},"loc":{"start":{"line":128,"column":36},"end":{"line":130,"column":5}}},"11":{"name":"(anonymous_17)","decl":{"start":{"line":104,"column":4},"end":{"line":104,"column":15}},"loc":{"start":{"line":104,"column":4},"end":{"line":106,"column":5}}},"12":{"name":"(anonymous_18)","decl":{"start":{"line":136,"column":4},"end":{"line":136,"column":26}},"loc":{"start":{"line":136,"column":39},"end":{"line":138,"column":5}}},"13":{"name":"(anonymous_19)","decl":{"start":{"line":144,"column":4},"end":{"line":144,"column":15}},"loc":{"start":{"line":144,"column":4},"end":{"line":146,"column":5}}},"14":{"name":"(anonymous_20)","decl":{"start":{"line":191,"column":4},"end":{"line":191,"column":24}},"loc":{"start":{"line":191,"column":37},"end":{"line":193,"column":5}}},"15":{"name":"(anonymous_21)","decl":{"start":{"line":152,"column":4},"end":{"line":152,"column":15}},"loc":{"start":{"line":152,"column":4},"end":{"line":154,"column":5}}},"16":{"name":"(anonymous_22)","decl":{"start":{"line":199,"column":4},"end":{"line":199,"column":25}},"loc":{"start":{"line":199,"column":38},"end":{"line":201,"column":5}}},"17":{"name":"(anonymous_23)","decl":{"start":{"line":159,"column":4},"end":{"line":159,"column":15}},"loc":{"start":{"line":159,"column":4},"end":{"line":161,"column":5}}},"18":{"name":"(anonymous_24)","decl":{"start":{"line":207,"column":4},"end":{"line":207,"column":20}},"loc":{"start":{"line":207,"column":33},"end":{"line":209,"column":5}}},"19":{"name":"(anonymous_25)","decl":{"start":{"line":167,"column":4},"end":{"line":167,"column":15}},"loc":{"start":{"line":167,"column":4},"end":{"line":169,"column":5}}},"20":{"name":"(anonymous_26)","decl":{"start":{"line":215,"column":4},"end":{"line":215,"column":24}},"loc":{"start":{"line":215,"column":37},"end":{"line":217,"column":5}}},"21":{"name":"(anonymous_27)","decl":{"start":{"line":175,"column":4},"end":{"line":175,"column":15}},"loc":{"start":{"line":175,"column":4},"end":{"line":177,"column":5}}},"22":{"name":"(anonymous_28)","decl":{"start":{"line":223,"column":4},"end":{"line":223,"column":23}},"loc":{"start":{"line":223,"column":36},"end":{"line":225,"column":5}}},"23":{"name":"(anonymous_29)","decl":{"start":{"line":183,"column":4},"end":{"line":183,"column":15}},"loc":{"start":{"line":183,"column":4},"end":{"line":185,"column":5}}},"24":{"name":"(anonymous_30)","decl":{"start":{"line":231,"column":4},"end":{"line":231,"column":28}},"loc":{"start":{"line":231,"column":69},"end":{"line":233,"column":5}}}},"branchMap":{"0":{"loc":{"start":{"line":30,"column":8},"end":{"line":30,"column":null}},"type":"binary-expr","locations":[{"start":{"line":30,"column":8},"end":{"line":30,"column":24}},{"start":{"line":30,"column":24},"end":{"line":30,"column":null}}]}},"s":{"0":1,"1":1,"2":1,"3":0,"4":0,"5":0,"6":0,"7":0,"8":0,"9":0,"10":0,"11":0,"12":0,"13":0,"14":1,"15":0,"16":1,"17":0,"18":1,"19":0,"20":0,"21":0,"22":0,"23":0,"24":0,"25":0,"26":0,"27":0,"28":0,"29":1,"30":0,"31":0,"32":1,"33":0,"34":0,"35":1,"36":0,"37":0,"38":1,"39":0,"40":0,"41":1,"42":0,"43":0,"44":1,"45":0,"46":0,"47":1,"48":0,"49":0,"50":1,"51":0,"52":0,"53":1,"54":0,"55":0,"56":1,"57":0,"58":0,"59":1,"60":1},"f":{"0":1,"1":0,"2":0,"3":0,"4":0,"5":0,"6":0,"7":0,"8":0,"9":0,"10":0,"11":0,"12":0,"13":0,"14":0,"15":0,"16":0,"17":0,"18":0,"19":0,"20":0,"21":0,"22":0,"23":0,"24":0},"b":{"0":[0,0]}}
,"/home/alexandre/novox/repos/lets-cook-API/src/bounded_contexts/operations/domain/address/AddressId.ts": {"path":"/home/alexandre/novox/repos/lets-cook-API/src/bounded_contexts/operations/domain/address/AddressId.ts","statementMap":{"0":{"start":{"line":1,"column":0},"end":{"line":1,"column":72}},"1":{"start":{"line":3,"column":0},"end":{"line":3,"column":null}},"2":{"start":{"line":3,"column":31},"end":{"line":3,"column":45}},"3":{"start":{"line":5,"column":8},"end":{"line":5,"column":null}},"4":{"start":{"line":7,"column":0},"end":{"line":7,"column":null}},"5":{"start":{"line":3,"column":13},"end":{"line":3,"column":22}}},"fnMap":{"0":{"name":"(anonymous_6)","decl":{"start":{"line":3,"column":0},"end":{"line":3,"column":13}},"loc":{"start":{"line":3,"column":0},"end":{"line":7,"column":null}}},"1":{"name":"AddressId","decl":{"start":{"line":4,"column":4},"end":{"line":4,"column":16}},"loc":{"start":{"line":4,"column":36},"end":{"line":6,"column":5}}}},"branchMap":{"0":{"loc":{"start":{"line":5,"column":8},"end":{"line":5,"column":null}},"type":"binary-expr","locations":[{"start":{"line":5,"column":8},"end":{"line":5,"column":17}},{"start":{"line":5,"column":17},"end":{"line":5,"column":null}}]}},"s":{"0":1,"1":1,"2":1,"3":0,"4":1,"5":1},"f":{"0":1,"1":0},"b":{"0":[0,0]}}
,"/home/alexandre/novox/repos/lets-cook-API/src/bounded_contexts/operations/domain/billing/Billing.ts": {"path":"/home/alexandre/novox/repos/lets-cook-API/src/bounded_contexts/operations/domain/billing/Billing.ts","statementMap":{"0":{"start":{"line":1,"column":0},"end":{"line":1,"column":56}},"1":{"start":{"line":4,"column":0},"end":{"line":4,"column":44}},"2":{"start":{"line":4,"column":29},"end":{"line":4,"column":35}},"3":{"start":{"line":28,"column":8},"end":{"line":28,"column":null}},"4":{"start":{"line":29,"column":8},"end":{"line":29,"column":34}},"5":{"start":{"line":30,"column":8},"end":{"line":30,"column":36}},"6":{"start":{"line":31,"column":8},"end":{"line":31,"column":40}},"7":{"start":{"line":32,"column":8},"end":{"line":32,"column":42}},"8":{"start":{"line":33,"column":8},"end":{"line":33,"column":32}},"9":{"start":{"line":34,"column":8},"end":{"line":34,"column":46}},"10":{"start":{"line":35,"column":8},"end":{"line":35,"column":26}},"11":{"start":{"line":36,"column":8},"end":{"line":36,"column":34}},"12":{"start":{"line":37,"column":8},"end":{"line":37,"column":38}},"13":{"start":{"line":38,"column":8},"end":{"line":38,"column":32}},"14":{"start":{"line":42,"column":11},"end":{"line":49,"column":null}},"15":{"start":{"line":43,"column":8},"end":{"line":43,"column":28}},"16":{"start":{"line":44,"column":8},"end":{"line":44,"column":30}},"17":{"start":{"line":45,"column":8},"end":{"line":45,"column":38}},"18":{"start":{"line":46,"column":8},"end":{"line":46,"column":41}},"19":{"start":{"line":47,"column":8},"end":{"line":47,"column":31}},"20":{"start":{"line":48,"column":8},"end":{"line":48,"column":45}},"21":{"start":{"line":56,"column":4},"end":{"line":58,"column":null}},"22":{"start":{"line":57,"column":8},"end":{"line":57,"column":26}},"23":{"start":{"line":65,"column":8},"end":{"line":65,"column":27}},"24":{"start":{"line":73,"column":4},"end":{"line":75,"column":null}},"25":{"start":{"line":74,"column":8},"end":{"line":74,"column":30}},"26":{"start":{"line":98,"column":8},"end":{"line":98,"column":31}},"27":{"start":{"line":81,"column":4},"end":{"line":83,"column":null}},"28":{"start":{"line":82,"column":8},"end":{"line":82,"column":32}},"29":{"start":{"line":106,"column":8},"end":{"line":106,"column":33}},"30":{"start":{"line":89,"column":4},"end":{"line":91,"column":null}},"31":{"start":{"line":90,"column":8},"end":{"line":90,"column":29}},"32":{"start":{"line":114,"column":8},"end":{"line":114,"column":30}},"33":{"start":{"line":121,"column":4},"end":{"line":123,"column":null}},"34":{"start":{"line":122,"column":8},"end":{"line":122,"column":30}},"35":{"start":{"line":169,"column":8},"end":{"line":169,"column":31}},"36":{"start":{"line":129,"column":4},"end":{"line":131,"column":null}},"37":{"start":{"line":130,"column":8},"end":{"line":130,"column":31}},"38":{"start":{"line":177,"column":8},"end":{"line":177,"column":32}},"39":{"start":{"line":136,"column":4},"end":{"line":138,"column":null}},"40":{"start":{"line":137,"column":8},"end":{"line":137,"column":33}},"41":{"start":{"line":185,"column":8},"end":{"line":185,"column":34}},"42":{"start":{"line":144,"column":4},"end":{"line":146,"column":null}},"43":{"start":{"line":145,"column":8},"end":{"line":145,"column":34}},"44":{"start":{"line":193,"column":8},"end":{"line":193,"column":35}},"45":{"start":{"line":152,"column":4},"end":{"line":154,"column":null}},"46":{"start":{"line":153,"column":8},"end":{"line":153,"column":29}},"47":{"start":{"line":201,"column":8},"end":{"line":201,"column":30}},"48":{"start":{"line":160,"column":4},"end":{"line":162,"column":null}},"49":{"start":{"line":161,"column":8},"end":{"line":161,"column":36}},"50":{"start":{"line":209,"column":8},"end":{"line":209,"column":37}},"51":{"start":{"line":211,"column":0},"end":{"line":211,"column":null}},"52":{"start":{"line":4,"column":13},"end":{"line":4,"column":20}}},"fnMap":{"0":{"name":"(anonymous_6)","decl":{"start":{"line":4,"column":0},"end":{"line":4,"column":13}},"loc":{"start":{"line":4,"column":0},"end":{"line":211,"column":null}}},"1":{"name":"Billing","decl":{"start":{"line":16,"column":4},"end":{"line":16,"column":null}},"loc":{"start":{"line":27,"column":29},"end":{"line":40,"column":5}}},"2":{"name":"(anonymous_8)","decl":{"start":{"line":42,"column":4},"end":{"line":42,"column":11}},"loc":{"start":{"line":42,"column":137},"end":{"line":49,"column":5}}},"3":{"name":"(anonymous_9)","decl":{"start":{"line":56,"column":4},"end":{"line":56,"column":15}},"loc":{"start":{"line":56,"column":4},"end":{"line":58,"column":5}}},"4":{"name":"(anonymous_10)","decl":{"start":{"line":64,"column":4},"end":{"line":64,"column":20}},"loc":{"start":{"line":64,"column":33},"end":{"line":66,"column":5}}},"5":{"name":"(anonymous_11)","decl":{"start":{"line":73,"column":4},"end":{"line":73,"column":15}},"loc":{"start":{"line":73,"column":4},"end":{"line":75,"column":5}}},"6":{"name":"(anonymous_12)","decl":{"start":{"line":97,"column":4},"end":{"line":97,"column":24}},"loc":{"start":{"line":97,"column":37},"end":{"line":99,"column":5}}},"7":{"name":"(anonymous_13)","decl":{"start":{"line":81,"column":4},"end":{"line":81,"column":15}},"loc":{"start":{"line":81,"column":4},"end":{"line":83,"column":5}}},"8":{"name":"(anonymous_14)","decl":{"start":{"line":105,"column":4},"end":{"line":105,"column":26}},"loc":{"start":{"line":105,"column":39},"end":{"line":107,"column":5}}},"9":{"name":"(anonymous_15)","decl":{"start":{"line":89,"column":4},"end":{"line":89,"column":15}},"loc":{"start":{"line":89,"column":4},"end":{"line":91,"column":5}}},"10":{"name":"(anonymous_16)","decl":{"start":{"line":113,"column":4},"end":{"line":113,"column":23}},"loc":{"start":{"line":113,"column":36},"end":{"line":115,"column":5}}},"11":{"name":"(anonymous_17)","decl":{"start":{"line":121,"column":4},"end":{"line":121,"column":15}},"loc":{"start":{"line":121,"column":4},"end":{"line":123,"column":5}}},"12":{"name":"(anonymous_18)","decl":{"start":{"line":168,"column":4},"end":{"line":168,"column":24}},"loc":{"start":{"line":168,"column":37},"end":{"line":170,"column":5}}},"13":{"name":"(anonymous_19)","decl":{"start":{"line":129,"column":4},"end":{"line":129,"column":15}},"loc":{"start":{"line":129,"column":4},"end":{"line":131,"column":5}}},"14":{"name":"(anonymous_20)","decl":{"start":{"line":176,"column":4},"end":{"line":176,"column":25}},"loc":{"start":{"line":176,"column":38},"end":{"line":178,"column":5}}},"15":{"name":"(anonymous_21)","decl":{"start":{"line":136,"column":4},"end":{"line":136,"column":15}},"loc":{"start":{"line":136,"column":4},"end":{"line":138,"column":5}}},"16":{"name":"(anonymous_22)","decl":{"start":{"line":184,"column":4},"end":{"line":184,"column":27}},"loc":{"start":{"line":184,"column":40},"end":{"line":186,"column":5}}},"17":{"name":"(anonymous_23)","decl":{"start":{"line":144,"column":4},"end":{"line":144,"column":15}},"loc":{"start":{"line":144,"column":4},"end":{"line":146,"column":5}}},"18":{"name":"(anonymous_24)","decl":{"start":{"line":192,"column":4},"end":{"line":192,"column":28}},"loc":{"start":{"line":192,"column":41},"end":{"line":194,"column":5}}},"19":{"name":"(anonymous_25)","decl":{"start":{"line":152,"column":4},"end":{"line":152,"column":15}},"loc":{"start":{"line":152,"column":4},"end":{"line":154,"column":5}}},"20":{"name":"(anonymous_26)","decl":{"start":{"line":200,"column":4},"end":{"line":200,"column":23}},"loc":{"start":{"line":200,"column":36},"end":{"line":202,"column":5}}},"21":{"name":"(anonymous_27)","decl":{"start":{"line":160,"column":4},"end":{"line":160,"column":15}},"loc":{"start":{"line":160,"column":4},"end":{"line":162,"column":5}}},"22":{"name":"(anonymous_28)","decl":{"start":{"line":208,"column":4},"end":{"line":208,"column":30}},"loc":{"start":{"line":208,"column":55},"end":{"line":210,"column":5}}}},"branchMap":{"0":{"loc":{"start":{"line":28,"column":8},"end":{"line":28,"column":null}},"type":"binary-expr","locations":[{"start":{"line":28,"column":8},"end":{"line":28,"column":24}},{"start":{"line":28,"column":24},"end":{"line":28,"column":null}}]}},"s":{"0":1,"1":1,"2":1,"3":0,"4":0,"5":0,"6":0,"7":0,"8":0,"9":0,"10":0,"11":0,"12":0,"13":0,"14":1,"15":0,"16":0,"17":0,"18":0,"19":0,"20":0,"21":1,"22":0,"23":0,"24":1,"25":0,"26":0,"27":1,"28":0,"29":0,"30":1,"31":0,"32":0,"33":1,"34":0,"35":0,"36":1,"37":0,"38":0,"39":1,"40":0,"41":0,"42":1,"43":0,"44":0,"45":1,"46":0,"47":0,"48":1,"49":0,"50":0,"51":1,"52":1},"f":{"0":1,"1":0,"2":0,"3":0,"4":0,"5":0,"6":0,"7":0,"8":0,"9":0,"10":0,"11":0,"12":0,"13":0,"14":0,"15":0,"16":0,"17":0,"18":0,"19":0,"20":0,"21":0,"22":0},"b":{"0":[0,0]}}
,"/home/alexandre/novox/repos/lets-cook-API/src/bounded_contexts/operations/domain/billing/BillingId.ts": {"path":"/home/alexandre/novox/repos/lets-cook-API/src/bounded_contexts/operations/domain/billing/BillingId.ts","statementMap":{"0":{"start":{"line":1,"column":0},"end":{"line":1,"column":72}},"1":{"start":{"line":3,"column":0},"end":{"line":3,"column":null}},"2":{"start":{"line":3,"column":31},"end":{"line":3,"column":45}},"3":{"start":{"line":5,"column":8},"end":{"line":5,"column":null}},"4":{"start":{"line":7,"column":0},"end":{"line":7,"column":null}},"5":{"start":{"line":3,"column":13},"end":{"line":3,"column":22}}},"fnMap":{"0":{"name":"(anonymous_6)","decl":{"start":{"line":3,"column":0},"end":{"line":3,"column":13}},"loc":{"start":{"line":3,"column":0},"end":{"line":7,"column":null}}},"1":{"name":"BillingId","decl":{"start":{"line":4,"column":4},"end":{"line":4,"column":16}},"loc":{"start":{"line":4,"column":36},"end":{"line":6,"column":5}}}},"branchMap":{"0":{"loc":{"start":{"line":5,"column":8},"end":{"line":5,"column":null}},"type":"binary-expr","locations":[{"start":{"line":5,"column":8},"end":{"line":5,"column":17}},{"start":{"line":5,"column":17},"end":{"line":5,"column":null}}]}},"s":{"0":1,"1":1,"2":1,"3":0,"4":1,"5":1},"f":{"0":1,"1":0},"b":{"0":[0,0]}}
,"/home/alexandre/novox/repos/lets-cook-API/src/bounded_contexts/operations/domain/cancellationReason/CancellationReason.ts": {"path":"/home/alexandre/novox/repos/lets-cook-API/src/bounded_contexts/operations/domain/cancellationReason/CancellationReason.ts","statementMap":{"0":{"start":{"line":1,"column":0},"end":{"line":1,"column":13}},"1":{"start":{"line":8,"column":8},"end":{"line":8,"column":28}},"2":{"start":{"line":9,"column":8},"end":{"line":9,"column":40}},"3":{"start":{"line":10,"column":8},"end":{"line":10,"column":32}},"4":{"start":{"line":11,"column":8},"end":{"line":11,"column":26}},"5":{"start":{"line":14,"column":11},"end":{"line":27,"column":null}},"6":{"start":{"line":15,"column":49},"end":{"line":24,"column":10}},"7":{"start":{"line":26,"column":8},"end":{"line":26,"column":37}},"8":{"start":{"line":33,"column":4},"end":{"line":35,"column":null}},"9":{"start":{"line":34,"column":8},"end":{"line":34,"column":27}},"10":{"start":{"line":73,"column":8},"end":{"line":73,"column":28}},"11":{"start":{"line":41,"column":4},"end":{"line":43,"column":null}},"12":{"start":{"line":42,"column":8},"end":{"line":42,"column":29}},"13":{"start":{"line":81,"column":8},"end":{"line":81,"column":30}},"14":{"start":{"line":49,"column":4},"end":{"line":51,"column":null}},"15":{"start":{"line":50,"column":8},"end":{"line":50,"column":26}},"16":{"start":{"line":89,"column":8},"end":{"line":89,"column":27}},"17":{"start":{"line":56,"column":4},"end":{"line":58,"column":null}},"18":{"start":{"line":57,"column":8},"end":{"line":57,"column":33}},"19":{"start":{"line":65,"column":8},"end":{"line":65,"column":34}},"20":{"start":{"line":91,"column":0},"end":{"line":91,"column":null}},"21":{"start":{"line":1,"column":13},"end":{"line":1,"column":31}}},"fnMap":{"0":{"name":"(anonymous_0)","decl":{"start":{"line":1,"column":0},"end":{"line":1,"column":13}},"loc":{"start":{"line":1,"column":0},"end":{"line":91,"column":null}}},"1":{"name":"CancellationReason","decl":{"start":{"line":7,"column":4},"end":{"line":7,"column":16}},"loc":{"start":{"line":7,"column":81},"end":{"line":12,"column":5}}},"2":{"name":"(anonymous_2)","decl":{"start":{"line":14,"column":4},"end":{"line":14,"column":11}},"loc":{"start":{"line":14,"column":4},"end":{"line":27,"column":5}}},"3":{"name":"(anonymous_3)","decl":{"start":{"line":33,"column":4},"end":{"line":33,"column":15}},"loc":{"start":{"line":33,"column":4},"end":{"line":35,"column":5}}},"4":{"name":"(anonymous_4)","decl":{"start":{"line":72,"column":4},"end":{"line":72,"column":21}},"loc":{"start":{"line":72,"column":34},"end":{"line":74,"column":5}}},"5":{"name":"(anonymous_5)","decl":{"start":{"line":41,"column":4},"end":{"line":41,"column":15}},"loc":{"start":{"line":41,"column":4},"end":{"line":43,"column":5}}},"6":{"name":"(anonymous_6)","decl":{"start":{"line":80,"column":4},"end":{"line":80,"column":23}},"loc":{"start":{"line":80,"column":48},"end":{"line":82,"column":5}}},"7":{"name":"(anonymous_7)","decl":{"start":{"line":49,"column":4},"end":{"line":49,"column":15}},"loc":{"start":{"line":49,"column":4},"end":{"line":51,"column":5}}},"8":{"name":"(anonymous_8)","decl":{"start":{"line":88,"column":4},"end":{"line":88,"column":20}},"loc":{"start":{"line":88,"column":43},"end":{"line":90,"column":5}}},"9":{"name":"(anonymous_9)","decl":{"start":{"line":56,"column":4},"end":{"line":56,"column":15}},"loc":{"start":{"line":56,"column":4},"end":{"line":58,"column":5}}},"10":{"name":"(anonymous_10)","decl":{"start":{"line":64,"column":4},"end":{"line":64,"column":27}},"loc":{"start":{"line":64,"column":40},"end":{"line":66,"column":5}}}},"branchMap":{"0":{"loc":{"start":{"line":26,"column":15},"end":{"line":26,"column":36}},"type":"binary-expr","locations":[{"start":{"line":26,"column":15},"end":{"line":26,"column":30}},{"start":{"line":26,"column":34},"end":{"line":26,"column":36}}]}},"s":{"0":1,"1":0,"2":0,"3":0,"4":0,"5":1,"6":0,"7":0,"8":1,"9":0,"10":0,"11":1,"12":0,"13":0,"14":1,"15":0,"16":0,"17":1,"18":0,"19":0,"20":1,"21":1},"f":{"0":1,"1":0,"2":0,"3":0,"4":0,"5":0,"6":0,"7":0,"8":0,"9":0,"10":0},"b":{"0":[0,0]}}
,"/home/alexandre/novox/repos/lets-cook-API/src/bounded_contexts/operations/domain/cupons/CouponId.ts": {"path":"/home/alexandre/novox/repos/lets-cook-API/src/bounded_contexts/operations/domain/cupons/CouponId.ts","statementMap":{"0":{"start":{"line":1,"column":0},"end":{"line":1,"column":72}},"1":{"start":{"line":3,"column":0},"end":{"line":3,"column":null}},"2":{"start":{"line":3,"column":30},"end":{"line":3,"column":44}},"3":{"start":{"line":5,"column":8},"end":{"line":5,"column":null}},"4":{"start":{"line":7,"column":0},"end":{"line":7,"column":null}},"5":{"start":{"line":3,"column":13},"end":{"line":3,"column":21}}},"fnMap":{"0":{"name":"(anonymous_6)","decl":{"start":{"line":3,"column":0},"end":{"line":3,"column":13}},"loc":{"start":{"line":3,"column":0},"end":{"line":7,"column":null}}},"1":{"name":"CouponId","decl":{"start":{"line":4,"column":4},"end":{"line":4,"column":16}},"loc":{"start":{"line":4,"column":36},"end":{"line":6,"column":5}}}},"branchMap":{"0":{"loc":{"start":{"line":5,"column":8},"end":{"line":5,"column":null}},"type":"binary-expr","locations":[{"start":{"line":5,"column":8},"end":{"line":5,"column":17}},{"start":{"line":5,"column":17},"end":{"line":5,"column":null}}]}},"s":{"0":1,"1":1,"2":1,"3":0,"4":1,"5":1},"f":{"0":1,"1":0},"b":{"0":[0,0]}}
,"/home/alexandre/novox/repos/lets-cook-API/src/bounded_contexts/operations/domain/cupons/CouponState.ts": {"path":"/home/alexandre/novox/repos/lets-cook-API/src/bounded_contexts/operations/domain/cupons/CouponState.ts","statementMap":{"0":{"start":{"line":1,"column":0},"end":{"line":1,"column":null}},"1":{"start":{"line":2,"column":4},"end":{"line":2,"column":null}},"2":{"start":{"line":3,"column":4},"end":{"line":3,"column":null}},"3":{"start":{"line":4,"column":4},"end":{"line":4,"column":null}},"4":{"start":{"line":5,"column":4},"end":{"line":5,"column":null}},"5":{"start":{"line":6,"column":4},"end":{"line":6,"column":null}}},"fnMap":{"0":{"name":"(anonymous_0)","decl":{"start":{"line":1,"column":0},"end":{"line":1,"column":12}},"loc":{"start":{"line":1,"column":23},"end":{"line":7,"column":1}}}},"branchMap":{"0":{"loc":{"start":{"line":1,"column":12},"end":{"line":1,"column":null}},"type":"binary-expr","locations":[{"start":{"line":1,"column":12},"end":{"line":1,"column":23}},{"start":{"line":1,"column":23},"end":{"line":1,"column":null}}]}},"s":{"0":1,"1":1,"2":1,"3":1,"4":1,"5":1},"f":{"0":1},"b":{"0":[1,1]}}
,"/home/alexandre/novox/repos/lets-cook-API/src/bounded_contexts/operations/domain/cupons/Cupon.ts": {"path":"/home/alexandre/novox/repos/lets-cook-API/src/bounded_contexts/operations/domain/cupons/Cupon.ts","statementMap":{"0":{"start":{"line":2,"column":0},"end":{"line":2,"column":56}},"1":{"start":{"line":12,"column":0},"end":{"line":12,"column":44}},"2":{"start":{"line":14,"column":0},"end":{"line":14,"column":42}},"3":{"start":{"line":14,"column":28},"end":{"line":14,"column":34}},"4":{"start":{"line":47,"column":8},"end":{"line":47,"column":null}},"5":{"start":{"line":48,"column":8},"end":{"line":48,"column":38}},"6":{"start":{"line":49,"column":8},"end":{"line":49,"column":26}},"7":{"start":{"line":50,"column":8},"end":{"line":50,"column":46}},"8":{"start":{"line":51,"column":8},"end":{"line":51,"column":48}},"9":{"start":{"line":52,"column":8},"end":{"line":52,"column":64}},"10":{"start":{"line":53,"column":8},"end":{"line":53,"column":66}},"11":{"start":{"line":54,"column":8},"end":{"line":54,"column":32}},"12":{"start":{"line":55,"column":8},"end":{"line":55,"column":50}},"13":{"start":{"line":56,"column":8},"end":{"line":56,"column":52}},"14":{"start":{"line":57,"column":8},"end":{"line":57,"column":36}},"15":{"start":{"line":58,"column":8},"end":{"line":58,"column":32}},"16":{"start":{"line":59,"column":8},"end":{"line":59,"column":28}},"17":{"start":{"line":60,"column":8},"end":{"line":60,"column":48}},"18":{"start":{"line":61,"column":8},"end":{"line":61,"column":64}},"19":{"start":{"line":64,"column":18},"end":{"line":101,"column":null}},"20":{"start":{"line":77,"column":8},"end":{"line":77,"column":null}},"21":{"start":{"line":81,"column":30},"end":{"line":81,"column":122}},"22":{"start":{"line":82,"column":40},"end":{"line":82,"column":89}},"23":{"start":{"line":84,"column":8},"end":{"line":100,"column":10}},"24":{"start":{"line":103,"column":11},"end":{"line":105,"column":null}},"25":{"start":{"line":104,"column":8},"end":{"line":104,"column":27}},"26":{"start":{"line":107,"column":11},"end":{"line":124,"column":null}},"27":{"start":{"line":107,"column":4},"end":{"line":107,"column":11}},"28":{"start":{"line":108,"column":8},"end":{"line":109,"column":111}},"29":{"start":{"line":109,"column":12},"end":{"line":109,"column":111}},"30":{"start":{"line":110,"column":8},"end":{"line":111,"column":118}},"31":{"start":{"line":111,"column":12},"end":{"line":111,"column":118}},"32":{"start":{"line":112,"column":8},"end":{"line":113,"column":117}},"33":{"start":{"line":113,"column":12},"end":{"line":113,"column":117}},"34":{"start":{"line":115,"column":8},"end":{"line":116,"column":124}},"35":{"start":{"line":116,"column":12},"end":{"line":116,"column":124}},"36":{"start":{"line":118,"column":8},"end":{"line":118,"column":134}},"37":{"start":{"line":118,"column":50},"end":{"line":118,"column":134}},"38":{"start":{"line":120,"column":8},"end":{"line":121,"column":72}},"39":{"start":{"line":121,"column":12},"end":{"line":121,"column":72}},"40":{"start":{"line":123,"column":8},"end":{"line":123,"column":92}},"41":{"start":{"line":123,"column":45},"end":{"line":123,"column":91}},"42":{"start":{"line":126,"column":12},"end":{"line":128,"column":null}},"43":{"start":{"line":127,"column":8},"end":{"line":127,"column":65}},"44":{"start":{"line":130,"column":12},"end":{"line":132,"column":null}},"45":{"start":{"line":131,"column":8},"end":{"line":131,"column":60}},"46":{"start":{"line":134,"column":12},"end":{"line":136,"column":null}},"47":{"start":{"line":135,"column":8},"end":{"line":135,"column":114}},"48":{"start":{"line":138,"column":12},"end":{"line":140,"column":null}},"49":{"start":{"line":139,"column":8},"end":{"line":139,"column":130}},"50":{"start":{"line":139,"column":105},"end":{"line":139,"column":129}},"51":{"start":{"line":142,"column":11},"end":{"line":150,"column":null}},"52":{"start":{"line":143,"column":22},"end":{"line":143,"column":61}},"53":{"start":{"line":144,"column":8},"end":{"line":149,"column":null}},"54":{"start":{"line":144,"column":39},"end":{"line":144,"column":59}},"55":{"start":{"line":145,"column":13},"end":{"line":149,"column":null}},"56":{"start":{"line":146,"column":12},"end":{"line":146,"column":51}},"57":{"start":{"line":148,"column":12},"end":{"line":148,"column":35}},"58":{"start":{"line":152,"column":11},"end":{"line":154,"column":null}},"59":{"start":{"line":153,"column":8},"end":{"line":153,"column":41}},"60":{"start":{"line":156,"column":11},"end":{"line":158,"column":null}},"61":{"start":{"line":157,"column":8},"end":{"line":157,"column":43}},"62":{"start":{"line":160,"column":11},"end":{"line":162,"column":null}},"63":{"start":{"line":161,"column":8},"end":{"line":161,"column":59}},"64":{"start":{"line":164,"column":11},"end":{"line":170,"column":null}},"65":{"start":{"line":165,"column":53},"end":{"line":165,"column":116}},"66":{"start":{"line":165,"column":82},"end":{"line":165,"column":109}},"67":{"start":{"line":166,"column":8},"end":{"line":166,"column":56}},"68":{"start":{"line":167,"column":8},"end":{"line":167,"column":97}},"69":{"start":{"line":167,"column":55},"end":{"line":167,"column":97}},"70":{"start":{"line":168,"column":8},"end":{"line":169,"column":99}},"71":{"start":{"line":168,"column":62},"end":{"line":168,"column":101}},"72":{"start":{"line":168,"column":103},"end":{"line":168,"column":110}},"73":{"start":{"line":169,"column":13},"end":{"line":169,"column":99}},"74":{"start":{"line":172,"column":11},"end":{"line":174,"column":null}},"75":{"start":{"line":173,"column":8},"end":{"line":173,"column":51}},"76":{"start":{"line":176,"column":11},"end":{"line":178,"column":null}},"77":{"start":{"line":177,"column":8},"end":{"line":177,"column":59}},"78":{"start":{"line":183,"column":4},"end":{"line":185,"column":null}},"79":{"start":{"line":184,"column":8},"end":{"line":184,"column":32}},"80":{"start":{"line":296,"column":8},"end":{"line":296,"column":33}},"81":{"start":{"line":191,"column":4},"end":{"line":193,"column":null}},"82":{"start":{"line":192,"column":8},"end":{"line":192,"column":26}},"83":{"start":{"line":304,"column":8},"end":{"line":304,"column":27}},"84":{"start":{"line":199,"column":4},"end":{"line":201,"column":null}},"85":{"start":{"line":200,"column":8},"end":{"line":200,"column":36}},"86":{"start":{"line":312,"column":8},"end":{"line":312,"column":37}},"87":{"start":{"line":207,"column":4},"end":{"line":209,"column":null}},"88":{"start":{"line":208,"column":8},"end":{"line":208,"column":37}},"89":{"start":{"line":320,"column":8},"end":{"line":320,"column":38}},"90":{"start":{"line":215,"column":4},"end":{"line":217,"column":null}},"91":{"start":{"line":216,"column":8},"end":{"line":216,"column":45}},"92":{"start":{"line":328,"column":8},"end":{"line":328,"column":46}},"93":{"start":{"line":223,"column":4},"end":{"line":225,"column":null}},"94":{"start":{"line":224,"column":8},"end":{"line":224,"column":46}},"95":{"start":{"line":336,"column":8},"end":{"line":336,"column":47}},"96":{"start":{"line":231,"column":4},"end":{"line":233,"column":null}},"97":{"start":{"line":232,"column":8},"end":{"line":232,"column":29}},"98":{"start":{"line":345,"column":8},"end":{"line":345,"column":30}},"99":{"start":{"line":239,"column":4},"end":{"line":241,"column":null}},"100":{"start":{"line":240,"column":8},"end":{"line":240,"column":38}},"101":{"start":{"line":353,"column":8},"end":{"line":353,"column":39}},"102":{"start":{"line":247,"column":4},"end":{"line":249,"column":null}},"103":{"start":{"line":248,"column":8},"end":{"line":248,"column":39}},"104":{"start":{"line":361,"column":8},"end":{"line":361,"column":40}},"105":{"start":{"line":255,"column":4},"end":{"line":257,"column":null}},"106":{"start":{"line":256,"column":8},"end":{"line":256,"column":31}},"107":{"start":{"line":369,"column":8},"end":{"line":369,"column":32}},"108":{"start":{"line":263,"column":4},"end":{"line":265,"column":null}},"109":{"start":{"line":264,"column":8},"end":{"line":264,"column":29}},"110":{"start":{"line":377,"column":8},"end":{"line":377,"column":30}},"111":{"start":{"line":271,"column":4},"end":{"line":273,"column":null}},"112":{"start":{"line":272,"column":8},"end":{"line":272,"column":27}},"113":{"start":{"line":385,"column":8},"end":{"line":385,"column":28}},"114":{"start":{"line":279,"column":4},"end":{"line":281,"column":null}},"115":{"start":{"line":280,"column":8},"end":{"line":280,"column":37}},"116":{"start":{"line":393,"column":8},"end":{"line":393,"column":38}},"117":{"start":{"line":287,"column":4},"end":{"line":289,"column":null}},"118":{"start":{"line":288,"column":8},"end":{"line":288,"column":45}},"119":{"start":{"line":401,"column":8},"end":{"line":401,"column":46}},"120":{"start":{"line":403,"column":0},"end":{"line":403,"column":null}},"121":{"start":{"line":14,"column":13},"end":{"line":14,"column":19}}},"fnMap":{"0":{"name":"(anonymous_7)","decl":{"start":{"line":14,"column":0},"end":{"line":14,"column":13}},"loc":{"start":{"line":14,"column":0},"end":{"line":403,"column":null}}},"1":{"name":"Coupon","decl":{"start":{"line":30,"column":4},"end":{"line":30,"column":null}},"loc":{"start":{"line":45,"column":21},"end":{"line":62,"column":5}}},"2":{"name":"(anonymous_9)","decl":{"start":{"line":64,"column":4},"end":{"line":64,"column":18}},"loc":{"start":{"line":79,"column":21},"end":{"line":101,"column":5}}},"3":{"name":"(anonymous_10)","decl":{"start":{"line":103,"column":4},"end":{"line":103,"column":11}},"loc":{"start":{"line":103,"column":41},"end":{"line":105,"column":5}}},"4":{"name":"(anonymous_11)","decl":{"start":{"line":107,"column":4},"end":{"line":107,"column":11}},"loc":{"start":{"line":107,"column":121},"end":{"line":124,"column":5}}},"5":{"name":"(anonymous_12)","decl":{"start":{"line":123,"column":34},"end":{"line":123,"column":35}},"loc":{"start":{"line":123,"column":40},"end":{"line":123,"column":50}}},"6":{"name":"(anonymous_13)","decl":{"start":{"line":126,"column":4},"end":{"line":126,"column":12}},"loc":{"start":{"line":126,"column":83},"end":{"line":128,"column":5}}},"7":{"name":"(anonymous_14)","decl":{"start":{"line":130,"column":4},"end":{"line":130,"column":12}},"loc":{"start":{"line":130,"column":87},"end":{"line":132,"column":5}}},"8":{"name":"(anonymous_15)","decl":{"start":{"line":134,"column":4},"end":{"line":134,"column":12}},"loc":{"start":{"line":134,"column":73},"end":{"line":136,"column":5}}},"9":{"name":"(anonymous_16)","decl":{"start":{"line":138,"column":4},"end":{"line":138,"column":12}},"loc":{"start":{"line":138,"column":48},"end":{"line":140,"column":5}}},"10":{"name":"(anonymous_17)","decl":{"start":{"line":139,"column":93},"end":{"line":139,"column":94}},"loc":{"start":{"line":139,"column":100},"end":{"line":139,"column":106}}},"11":{"name":"(anonymous_18)","decl":{"start":{"line":142,"column":4},"end":{"line":142,"column":11}},"loc":{"start":{"line":142,"column":85},"end":{"line":150,"column":5}}},"12":{"name":"(anonymous_19)","decl":{"start":{"line":152,"column":4},"end":{"line":152,"column":11}},"loc":{"start":{"line":152,"column":4},"end":{"line":154,"column":5}}},"13":{"name":"(anonymous_20)","decl":{"start":{"line":156,"column":4},"end":{"line":156,"column":11}},"loc":{"start":{"line":156,"column":4},"end":{"line":158,"column":5}}},"14":{"name":"(anonymous_21)","decl":{"start":{"line":160,"column":4},"end":{"line":160,"column":11}},"loc":{"start":{"line":160,"column":4},"end":{"line":162,"column":5}}},"15":{"name":"(anonymous_22)","decl":{"start":{"line":164,"column":4},"end":{"line":164,"column":11}},"loc":{"start":{"line":164,"column":52},"end":{"line":170,"column":5}}},"16":{"name":"(anonymous_23)","decl":{"start":{"line":165,"column":71},"end":{"line":165,"column":72}},"loc":{"start":{"line":165,"column":77},"end":{"line":165,"column":87}}},"17":{"name":"(anonymous_24)","decl":{"start":{"line":168,"column":46},"end":{"line":168,"column":47}},"loc":{"start":{"line":168,"column":57},"end":{"line":168,"column":72}}},"18":{"name":"(anonymous_25)","decl":{"start":{"line":172,"column":4},"end":{"line":172,"column":11}},"loc":{"start":{"line":172,"column":4},"end":{"line":174,"column":5}}},"19":{"name":"(anonymous_26)","decl":{"start":{"line":176,"column":4},"end":{"line":176,"column":11}},"loc":{"start":{"line":176,"column":4},"end":{"line":178,"column":5}}},"20":{"name":"(anonymous_27)","decl":{"start":{"line":183,"column":4},"end":{"line":183,"column":15}},"loc":{"start":{"line":183,"column":4},"end":{"line":185,"column":5}}},"21":{"name":"(anonymous_28)","decl":{"start":{"line":295,"column":4},"end":{"line":295,"column":26}},"loc":{"start":{"line":295,"column":39},"end":{"line":297,"column":5}}},"22":{"name":"(anonymous_29)","decl":{"start":{"line":191,"column":4},"end":{"line":191,"column":15}},"loc":{"start":{"line":191,"column":4},"end":{"line":193,"column":5}}},"23":{"name":"(anonymous_30)","decl":{"start":{"line":303,"column":4},"end":{"line":303,"column":20}},"loc":{"start":{"line":303,"column":38},"end":{"line":305,"column":5}}},"24":{"name":"(anonymous_31)","decl":{"start":{"line":199,"column":4},"end":{"line":199,"column":15}},"loc":{"start":{"line":199,"column":4},"end":{"line":201,"column":5}}},"25":{"name":"(anonymous_32)","decl":{"start":{"line":311,"column":4},"end":{"line":311,"column":30}},"loc":{"start":{"line":311,"column":43},"end":{"line":313,"column":5}}},"26":{"name":"(anonymous_33)","decl":{"start":{"line":207,"column":4},"end":{"line":207,"column":15}},"loc":{"start":{"line":207,"column":4},"end":{"line":209,"column":5}}},"27":{"name":"(anonymous_34)","decl":{"start":{"line":319,"column":4},"end":{"line":319,"column":31}},"loc":{"start":{"line":319,"column":44},"end":{"line":321,"column":5}}},"28":{"name":"(anonymous_35)","decl":{"start":{"line":215,"column":4},"end":{"line":215,"column":15}},"loc":{"start":{"line":215,"column":4},"end":{"line":217,"column":5}}},"29":{"name":"(anonymous_36)","decl":{"start":{"line":327,"column":4},"end":{"line":327,"column":39}},"loc":{"start":{"line":327,"column":52},"end":{"line":329,"column":5}}},"30":{"name":"(anonymous_37)","decl":{"start":{"line":223,"column":4},"end":{"line":223,"column":15}},"loc":{"start":{"line":223,"column":4},"end":{"line":225,"column":5}}},"31":{"name":"(anonymous_38)","decl":{"start":{"line":335,"column":4},"end":{"line":335,"column":40}},"loc":{"start":{"line":335,"column":55},"end":{"line":337,"column":5}}},"32":{"name":"(anonymous_39)","decl":{"start":{"line":231,"column":4},"end":{"line":231,"column":15}},"loc":{"start":{"line":231,"column":4},"end":{"line":233,"column":5}}},"33":{"name":"(anonymous_40)","decl":{"start":{"line":343,"column":4},"end":{"line":343,"column":23}},"loc":{"start":{"line":343,"column":48},"end":{"line":346,"column":5}}},"34":{"name":"(anonymous_41)","decl":{"start":{"line":239,"column":4},"end":{"line":239,"column":15}},"loc":{"start":{"line":239,"column":4},"end":{"line":241,"column":5}}},"35":{"name":"(anonymous_42)","decl":{"start":{"line":352,"column":4},"end":{"line":352,"column":32}},"loc":{"start":{"line":352,"column":45},"end":{"line":354,"column":5}}},"36":{"name":"(anonymous_43)","decl":{"start":{"line":247,"column":4},"end":{"line":247,"column":15}},"loc":{"start":{"line":247,"column":4},"end":{"line":249,"column":5}}},"37":{"name":"(anonymous_44)","decl":{"start":{"line":360,"column":4},"end":{"line":360,"column":33}},"loc":{"start":{"line":360,"column":46},"end":{"line":362,"column":5}}},"38":{"name":"(anonymous_45)","decl":{"start":{"line":255,"column":4},"end":{"line":255,"column":15}},"loc":{"start":{"line":255,"column":4},"end":{"line":257,"column":5}}},"39":{"name":"(anonymous_46)","decl":{"start":{"line":368,"column":4},"end":{"line":368,"column":25}},"loc":{"start":{"line":368,"column":36},"end":{"line":370,"column":5}}},"40":{"name":"(anonymous_47)","decl":{"start":{"line":263,"column":4},"end":{"line":263,"column":15}},"loc":{"start":{"line":263,"column":4},"end":{"line":265,"column":5}}},"41":{"name":"(anonymous_48)","decl":{"start":{"line":376,"column":4},"end":{"line":376,"column":23}},"loc":{"start":{"line":376,"column":46},"end":{"line":378,"column":5}}},"42":{"name":"(anonymous_49)","decl":{"start":{"line":271,"column":4},"end":{"line":271,"column":15}},"loc":{"start":{"line":271,"column":4},"end":{"line":273,"column":5}}},"43":{"name":"(anonymous_50)","decl":{"start":{"line":384,"column":4},"end":{"line":384,"column":21}},"loc":{"start":{"line":384,"column":39},"end":{"line":386,"column":5}}},"44":{"name":"(anonymous_51)","decl":{"start":{"line":279,"column":4},"end":{"line":279,"column":15}},"loc":{"start":{"line":279,"column":4},"end":{"line":281,"column":5}}},"45":{"name":"(anonymous_52)","decl":{"start":{"line":392,"column":4},"end":{"line":392,"column":31}},"loc":{"start":{"line":392,"column":44},"end":{"line":394,"column":5}}},"46":{"name":"(anonymous_53)","decl":{"start":{"line":287,"column":4},"end":{"line":287,"column":15}},"loc":{"start":{"line":287,"column":4},"end":{"line":289,"column":5}}},"47":{"name":"(anonymous_54)","decl":{"start":{"line":400,"column":4},"end":{"line":400,"column":39}},"loc":{"start":{"line":400,"column":58},"end":{"line":402,"column":5}}}},"branchMap":{"0":{"loc":{"start":{"line":47,"column":8},"end":{"line":47,"column":null}},"type":"binary-expr","locations":[{"start":{"line":47,"column":8},"end":{"line":47,"column":17}},{"start":{"line":47,"column":17},"end":{"line":47,"column":null}}]},"1":{"loc":{"start":{"line":77,"column":8},"end":{"line":77,"column":null}},"type":"if","locations":[{"start":{"line":77,"column":8},"end":{"line":77,"column":null}}]},"2":{"loc":{"start":{"line":81,"column":30},"end":{"line":81,"column":122}},"type":"cond-expr","locations":[{"start":{"line":81,"column":64},"end":{"line":81,"column":65}},{"start":{"line":81,"column":68},"end":{"line":81,"column":122}}]},"3":{"loc":{"start":{"line":81,"column":68},"end":{"line":81,"column":122}},"type":"cond-expr","locations":[{"start":{"line":81,"column":101},"end":{"line":81,"column":102}},{"start":{"line":81,"column":105},"end":{"line":81,"column":122}}]},"4":{"loc":{"start":{"line":82,"column":40},"end":{"line":82,"column":89}},"type":"cond-expr","locations":[{"start":{"line":82,"column":70},"end":{"line":82,"column":85}},{"start":{"line":82,"column":88},"end":{"line":82,"column":89}}]},"5":{"loc":{"start":{"line":108,"column":8},"end":{"line":109,"column":111}},"type":"if","locations":[{"start":{"line":108,"column":8},"end":{"line":109,"column":111}}]},"6":{"loc":{"start":{"line":108,"column":12},"end":{"line":108,"column":106}},"type":"binary-expr","locations":[{"start":{"line":108,"column":12},"end":{"line":108,"column":84}},{"start":{"line":108,"column":88},"end":{"line":108,"column":106}}]},"7":{"loc":{"start":{"line":110,"column":8},"end":{"line":111,"column":118}},"type":"if","locations":[{"start":{"line":110,"column":8},"end":{"line":111,"column":118}}]},"8":{"loc":{"start":{"line":112,"column":8},"end":{"line":113,"column":117}},"type":"if","locations":[{"start":{"line":112,"column":8},"end":{"line":113,"column":117}}]},"9":{"loc":{"start":{"line":115,"column":8},"end":{"line":116,"column":124}},"type":"if","locations":[{"start":{"line":115,"column":8},"end":{"line":116,"column":124}}]},"10":{"loc":{"start":{"line":118,"column":8},"end":{"line":118,"column":134}},"type":"if","locations":[{"start":{"line":118,"column":8},"end":{"line":118,"column":134}}]},"11":{"loc":{"start":{"line":120,"column":8},"end":{"line":121,"column":72}},"type":"if","locations":[{"start":{"line":120,"column":8},"end":{"line":121,"column":72}}]},"12":{"loc":{"start":{"line":120,"column":12},"end":{"line":120,"column":127}},"type":"binary-expr","locations":[{"start":{"line":120,"column":12},"end":{"line":120,"column":47}},{"start":{"line":120,"column":51},"end":{"line":120,"column":85}},{"start":{"line":120,"column":89},"end":{"line":120,"column":127}}]},"13":{"loc":{"start":{"line":127,"column":15},"end":{"line":127,"column":64}},"type":"binary-expr","locations":[{"start":{"line":127,"column":15},"end":{"line":127,"column":42}},{"start":{"line":127,"column":46},"end":{"line":127,"column":64}}]},"14":{"loc":{"start":{"line":131,"column":15},"end":{"line":131,"column":59}},"type":"binary-expr","locations":[{"start":{"line":131,"column":15},"end":{"line":131,"column":42}},{"start":{"line":131,"column":46},"end":{"line":131,"column":59}}]},"15":{"loc":{"start":{"line":135,"column":15},"end":{"line":135,"column":113}},"type":"binary-expr","locations":[{"start":{"line":135,"column":15},"end":{"line":135,"column":47}},{"start":{"line":135,"column":51},"end":{"line":135,"column":113}}]},"16":{"loc":{"start":{"line":139,"column":15},"end":{"line":139,"column":129}},"type":"binary-expr","locations":[{"start":{"line":139,"column":15},"end":{"line":139,"column":53}},{"start":{"line":139,"column":57},"end":{"line":139,"column":129}}]},"17":{"loc":{"start":{"line":144,"column":8},"end":{"line":149,"column":null}},"type":"if","locations":[{"start":{"line":144,"column":8},"end":{"line":149,"column":null}},{"start":{"line":145,"column":13},"end":{"line":149,"column":null}}]},"18":{"loc":{"start":{"line":145,"column":13},"end":{"line":149,"column":null}},"type":"if","locations":[{"start":{"line":145,"column":13},"end":{"line":149,"column":null}},{"start":{"line":147,"column":15},"end":{"line":149,"column":null}}]},"19":{"loc":{"start":{"line":161,"column":15},"end":{"line":161,"column":58}},"type":"binary-expr","locations":[{"start":{"line":161,"column":15},"end":{"line":161,"column":29}},{"start":{"line":161,"column":33},"end":{"line":161,"column":58}}]},"20":{"loc":{"start":{"line":165,"column":53},"end":{"line":165,"column":116}},"type":"cond-expr","locations":[{"start":{"line":165,"column":109},"end":{"line":165,"column":111}},{"start":{"line":165,"column":109},"end":{"line":165,"column":116}}]},"21":{"loc":{"start":{"line":165,"column":53},"end":{"line":165,"column":111}},"type":"binary-expr","locations":[{"start":{"line":165,"column":53},"end":{"line":165,"column":111}},{"start":{"line":165,"column":109},"end":{"line":165,"column":111}}]},"22":{"loc":{"start":{"line":167,"column":8},"end":{"line":167,"column":97}},"type":"if","locations":[{"start":{"line":167,"column":8},"end":{"line":167,"column":97}}]},"23":{"loc":{"start":{"line":168,"column":8},"end":{"line":169,"column":99}},"type":"if","locations":[{"start":{"line":168,"column":8},"end":{"line":169,"column":99}},{"start":{"line":169,"column":13},"end":{"line":169,"column":99}}]}},"s":{"0":1,"1":1,"2":1,"3":1,"4":0,"5":0,"6":0,"7":0,"8":0,"9":0,"10":0,"11":0,"12":0,"13":0,"14":0,"15":0,"16":0,"17":0,"18":0,"19":1,"20":0,"21":0,"22":0,"23":0,"24":1,"25":0,"26":1,"27":0,"28":0,"29":0,"30":0,"31":0,"32":0,"33":0,"34":0,"35":0,"36":0,"37":0,"38":0,"39":0,"40":0,"41":0,"42":1,"43":0,"44":1,"45":0,"46":1,"47":0,"48":1,"49":0,"50":0,"51":1,"52":0,"53":0,"54":0,"55":0,"56":0,"57":0,"58":1,"59":0,"60":1,"61":0,"62":1,"63":0,"64":1,"65":0,"66":0,"67":0,"68":0,"69":0,"70":0,"71":0,"72":0,"73":0,"74":1,"75":0,"76":1,"77":0,"78":1,"79":0,"80":0,"81":1,"82":0,"83":0,"84":1,"85":0,"86":0,"87":1,"88":0,"89":0,"90":1,"91":0,"92":0,"93":1,"94":0,"95":0,"96":1,"97":0,"98":0,"99":1,"100":0,"101":0,"102":1,"103":0,"104":0,"105":1,"106":0,"107":0,"108":1,"109":0,"110":0,"111":1,"112":0,"113":0,"114":1,"115":0,"116":0,"117":1,"118":0,"119":0,"120":1,"121":1},"f":{"0":1,"1":0,"2":0,"3":0,"4":0,"5":0,"6":0,"7":0,"8":0,"9":0,"10":0,"11":0,"12":0,"13":0,"14":0,"15":0,"16":0,"17":0,"18":0,"19":0,"20":0,"21":0,"22":0,"23":0,"24":0,"25":0,"26":0,"27":0,"28":0,"29":0,"30":0,"31":0,"32":0,"33":0,"34":0,"35":0,"36":0,"37":0,"38":0,"39":0,"40":0,"41":0,"42":0,"43":0,"44":0,"45":0,"46":0,"47":0},"b":{"0":[0,0],"1":[0],"2":[0,0],"3":[0,0],"4":[0,0],"5":[0],"6":[0,0],"7":[0],"8":[0],"9":[0],"10":[0],"11":[0],"12":[0,0,0],"13":[0,0],"14":[0,0],"15":[0,0],"16":[0,0],"17":[0,0],"18":[0,0],"19":[0,0],"20":[0,0],"21":[0,0],"22":[0],"23":[0,0]}}
,"/home/alexandre/novox/repos/lets-cook-API/src/bounded_contexts/operations/domain/cupons/CuponType/CouponTypeFactory.ts": {"path":"/home/alexandre/novox/repos/lets-cook-API/src/bounded_contexts/operations/domain/cupons/CuponType/CouponTypeFactory.ts","statementMap":{"0":{"start":{"line":1,"column":0},"end":{"line":1,"column":42}},"1":{"start":{"line":2,"column":0},"end":{"line":2,"column":46}},"2":{"start":{"line":4,"column":0},"end":{"line":4,"column":49}},"3":{"start":{"line":6,"column":0},"end":{"line":6,"column":13}},"4":{"start":{"line":7,"column":18},"end":{"line":20,"column":null}},"5":{"start":{"line":8,"column":8},"end":{"line":19,"column":null}},"6":{"start":{"line":10,"column":16},"end":{"line":10,"column":51}},"7":{"start":{"line":13,"column":16},"end":{"line":13,"column":53}},"8":{"start":{"line":16,"column":16},"end":{"line":16,"column":53}},"9":{"start":{"line":18,"column":16},"end":{"line":18,"column":127}},"10":{"start":{"line":21,"column":0},"end":{"line":21,"column":null}},"11":{"start":{"line":6,"column":13},"end":{"line":6,"column":30}}},"fnMap":{"0":{"name":"(anonymous_0)","decl":{"start":{"line":6,"column":0},"end":{"line":6,"column":13}},"loc":{"start":{"line":6,"column":0},"end":{"line":21,"column":null}}},"1":{"name":"(anonymous_2)","decl":{"start":{"line":7,"column":4},"end":{"line":7,"column":18}},"loc":{"start":{"line":7,"column":52},"end":{"line":20,"column":5}}}},"branchMap":{"0":{"loc":{"start":{"line":8,"column":8},"end":{"line":19,"column":null}},"type":"switch","locations":[{"start":{"line":9,"column":12},"end":{"line":10,"column":51}},{"start":{"line":12,"column":12},"end":{"line":13,"column":53}},{"start":{"line":15,"column":12},"end":{"line":16,"column":53}},{"start":{"line":17,"column":12},"end":{"line":18,"column":127}}]}},"s":{"0":1,"1":1,"2":1,"3":1,"4":1,"5":0,"6":0,"7":0,"8":0,"9":0,"10":1,"11":1},"f":{"0":1,"1":0},"b":{"0":[0,0,0,0]}}
,"/home/alexandre/novox/repos/lets-cook-API/src/bounded_contexts/operations/domain/cupons/CuponType/FixedPrice.ts": {"path":"/home/alexandre/novox/repos/lets-cook-API/src/bounded_contexts/operations/domain/cupons/CuponType/FixedPrice.ts","statementMap":{"0":{"start":{"line":3,"column":0},"end":{"line":3,"column":13}},"1":{"start":{"line":8,"column":8},"end":{"line":8,"column":103}},"2":{"start":{"line":8,"column":23},"end":{"line":8,"column":103}},"3":{"start":{"line":9,"column":8},"end":{"line":9,"column":28}},"4":{"start":{"line":10,"column":8},"end":{"line":10,"column":27}},"5":{"start":{"line":13,"column":4},"end":{"line":15,"column":null}},"6":{"start":{"line":14,"column":8},"end":{"line":14,"column":51}},"7":{"start":{"line":16,"column":0},"end":{"line":16,"column":null}},"8":{"start":{"line":3,"column":13},"end":{"line":3,"column":23}}},"fnMap":{"0":{"name":"(anonymous_0)","decl":{"start":{"line":3,"column":0},"end":{"line":3,"column":13}},"loc":{"start":{"line":3,"column":0},"end":{"line":16,"column":null}}},"1":{"name":"FixedPrice","decl":{"start":{"line":7,"column":4},"end":{"line":7,"column":16}},"loc":{"start":{"line":7,"column":43},"end":{"line":11,"column":5}}},"2":{"name":"(anonymous_2)","decl":{"start":{"line":13,"column":4},"end":{"line":13,"column":15}},"loc":{"start":{"line":13,"column":34},"end":{"line":15,"column":5}}}},"branchMap":{"0":{"loc":{"start":{"line":8,"column":8},"end":{"line":8,"column":103}},"type":"if","locations":[{"start":{"line":8,"column":8},"end":{"line":8,"column":103}}]}},"s":{"0":1,"1":0,"2":0,"3":0,"4":0,"5":1,"6":0,"7":1,"8":1},"f":{"0":1,"1":0,"2":0},"b":{"0":[0]}}
,"/home/alexandre/novox/repos/lets-cook-API/src/bounded_contexts/operations/domain/cupons/CuponType/FreeShipping.ts": {"path":"/home/alexandre/novox/repos/lets-cook-API/src/bounded_contexts/operations/domain/cupons/CuponType/FreeShipping.ts","statementMap":{"0":{"start":{"line":3,"column":0},"end":{"line":3,"column":13}},"1":{"start":{"line":8,"column":8},"end":{"line":8,"column":27}},"2":{"start":{"line":9,"column":8},"end":{"line":9,"column":23}},"3":{"start":{"line":12,"column":4},"end":{"line":14,"column":null}},"4":{"start":{"line":13,"column":8},"end":{"line":13,"column":51}},"5":{"start":{"line":15,"column":0},"end":{"line":15,"column":null}},"6":{"start":{"line":3,"column":13},"end":{"line":3,"column":25}}},"fnMap":{"0":{"name":"(anonymous_0)","decl":{"start":{"line":3,"column":0},"end":{"line":3,"column":13}},"loc":{"start":{"line":3,"column":0},"end":{"line":15,"column":null}}},"1":{"name":"FreeShipping","decl":{"start":{"line":7,"column":4},"end":{"line":7,"column":16}},"loc":{"start":{"line":7,"column":43},"end":{"line":10,"column":5}}},"2":{"name":"(anonymous_2)","decl":{"start":{"line":12,"column":4},"end":{"line":12,"column":15}},"loc":{"start":{"line":12,"column":34},"end":{"line":14,"column":5}}}},"branchMap":{},"s":{"0":1,"1":0,"2":0,"3":1,"4":0,"5":1,"6":1},"f":{"0":1,"1":0,"2":0},"b":{}}
,"/home/alexandre/novox/repos/lets-cook-API/src/bounded_contexts/operations/domain/cupons/CuponType/PercentagePrice.ts": {"path":"/home/alexandre/novox/repos/lets-cook-API/src/bounded_contexts/operations/domain/cupons/CuponType/PercentagePrice.ts","statementMap":{"0":{"start":{"line":3,"column":0},"end":{"line":3,"column":13}},"1":{"start":{"line":8,"column":8},"end":{"line":8,"column":121}},"2":{"start":{"line":8,"column":38},"end":{"line":8,"column":121}},"3":{"start":{"line":9,"column":8},"end":{"line":9,"column":30}},"4":{"start":{"line":10,"column":8},"end":{"line":10,"column":27}},"5":{"start":{"line":13,"column":4},"end":{"line":15,"column":null}},"6":{"start":{"line":14,"column":8},"end":{"line":14,"column":51}},"7":{"start":{"line":16,"column":0},"end":{"line":16,"column":null}},"8":{"start":{"line":3,"column":13},"end":{"line":3,"column":25}}},"fnMap":{"0":{"name":"(anonymous_0)","decl":{"start":{"line":3,"column":0},"end":{"line":3,"column":13}},"loc":{"start":{"line":3,"column":0},"end":{"line":16,"column":null}}},"1":{"name":"PercentPrice","decl":{"start":{"line":7,"column":4},"end":{"line":7,"column":16}},"loc":{"start":{"line":7,"column":43},"end":{"line":11,"column":5}}},"2":{"name":"(anonymous_2)","decl":{"start":{"line":13,"column":4},"end":{"line":13,"column":15}},"loc":{"start":{"line":13,"column":34},"end":{"line":15,"column":5}}}},"branchMap":{"0":{"loc":{"start":{"line":8,"column":8},"end":{"line":8,"column":121}},"type":"if","locations":[{"start":{"line":8,"column":8},"end":{"line":8,"column":121}}]},"1":{"loc":{"start":{"line":8,"column":12},"end":{"line":8,"column":36}},"type":"binary-expr","locations":[{"start":{"line":8,"column":12},"end":{"line":8,"column":23}},{"start":{"line":8,"column":27},"end":{"line":8,"column":36}}]}},"s":{"0":1,"1":0,"2":0,"3":0,"4":0,"5":1,"6":0,"7":1,"8":1},"f":{"0":1,"1":0,"2":0},"b":{"0":[0],"1":[0,0]}}
[...]
mn":55}},"type":"binary-expr","locations":[{"start":{"line":37,"column":12},"end":{"line":37,"column":29}},{"start":{"line":37,"column":33},"end":{"line":37,"column":55}}]},"4":{"loc":{"start":{"line":45,"column":8},"end":{"line":49,"column":null}},"type":"if","locations":[{"start":{"line":45,"column":8},"end":{"line":49,"column":null}},{"start":{"line":47,"column":15},"end":{"line":49,"column":null}}]},"5":{"loc":{"start":{"line":45,"column":12},"end":{"line":45,"column":74}},"type":"binary-expr","locations":[{"start":{"line":45,"column":12},"end":{"line":45,"column":29}},{"start":{"line":45,"column":33},"end":{"line":45,"column":55}},{"start":{"line":45,"column":59},"end":{"line":45,"column":74}}]},"6":{"loc":{"start":{"line":55,"column":12},"end":{"line":55,"column":49}},"type":"if","locations":[{"start":{"line":55,"column":12},"end":{"line":55,"column":49}}]},"7":{"loc":{"start":{"line":64,"column":12},"end":{"line":64,"column":49}},"type":"if","locations":[{"start":{"line":64,"column":12},"end":{"line":64,"column":49}}]},"8":{"loc":{"start":{"line":73,"column":12},"end":{"line":75,"column":null}},"type":"if","locations":[{"start":{"line":73,"column":12},"end":{"line":75,"column":null}}]},"9":{"loc":{"start":{"line":78,"column":8},"end":{"line":85,"column":null}},"type":"if","locations":[{"start":{"line":78,"column":8},"end":{"line":85,"column":null}},{"start":{"line":80,"column":15},"end":{"line":85,"column":null}}]},"10":{"loc":{"start":{"line":89,"column":26},"end":{"line":89,"column":50}},"type":"binary-expr","locations":[{"start":{"line":89,"column":26},"end":{"line":89,"column":36}},{"start":{"line":89,"column":40},"end":{"line":89,"column":50}}]},"11":{"loc":{"start":{"line":90,"column":8},"end":{"line":97,"column":null}},"type":"if","locations":[{"start":{"line":90,"column":8},"end":{"line":97,"column":null}},{"start":{"line":95,"column":15},"end":{"line":97,"column":null}}]},"12":{"loc":{"start":{"line":104,"column":12},"end":{"line":104,"column":82}},"type":"if","locations":[{"start":{"line":104,"column":12},"end":{"line":104,"column":82}}]},"13":{"loc":{"start":{"line":107,"column":8},"end":{"line":111,"column":null}},"type":"if","locations":[{"start":{"line":107,"column":8},"end":{"line":111,"column":null}},{"start":{"line":109,"column":15},"end":{"line":111,"column":null}}]}},"s":{"0":1,"1":1,"2":0,"3":0,"4":0,"5":0,"6":0,"7":0,"8":1,"9":0,"10":0,"11":0,"12":0,"13":0,"14":0,"15":0,"16":1,"17":0,"18":0,"19":0,"20":1,"21":6,"22":0,"23":6,"24":1,"25":0,"26":0,"27":0,"28":0,"29":0,"30":0,"31":0,"32":1,"33":1,"34":2,"35":3,"36":3,"37":3,"38":0,"39":1,"40":1,"41":0,"42":0,"43":0,"44":0,"45":0,"46":0,"47":0,"48":0,"49":0,"50":1,"51":0,"52":0,"53":0,"54":0,"55":1,"56":0,"57":0,"58":0,"59":0,"60":0,"61":0,"62":0,"63":0,"64":0,"65":0,"66":1,"67":1},"f":{"0":1,"1":0,"2":0,"3":0,"4":6,"5":0,"6":1,"7":0,"8":0,"9":0},"b":{"0":[0],"1":[0],"2":[0,0],"3":[0,0],"4":[0,6],"5":[6,6,6],"6":[0],"7":[0],"8":[0],"9":[0,0],"10":[0,0],"11":[0,0],"12":[0],"13":[0,0]}}
,"/home/alexandre/novox/repos/lets-cook-API/src/core/logic/Utils.ts": {"path":"/home/alexandre/novox/repos/lets-cook-API/src/core/logic/Utils.ts","statementMap":{"0":{"start":{"line":1,"column":0},"end":{"line":1,"column":13}},"1":{"start":{"line":2,"column":18},"end":{"line":4,"column":null}},"2":{"start":{"line":3,"column":8},"end":{"line":3,"column":60}},"3":{"start":{"line":5,"column":0},"end":{"line":5,"column":null}},"4":{"start":{"line":1,"column":13},"end":{"line":1,"column":18}}},"fnMap":{"0":{"name":"(anonymous_0)","decl":{"start":{"line":1,"column":0},"end":{"line":1,"column":13}},"loc":{"start":{"line":1,"column":0},"end":{"line":5,"column":null}}},"1":{"name":"(anonymous_2)","decl":{"start":{"line":2,"column":4},"end":{"line":2,"column":18}},"loc":{"start":{"line":2,"column":44},"end":{"line":4,"column":5}}}},"branchMap":{},"s":{"0":1,"1":1,"2":0,"3":1,"4":1},"f":{"0":1,"1":0},"b":{}}
,"/home/alexandre/novox/repos/lets-cook-API/src/infraestructure/mongoose/models/PaymentOrder.ts": {"path":"/home/alexandre/novox/repos/lets-cook-API/src/infraestructure/mongoose/models/PaymentOrder.ts","statementMap":{"0":{"start":{"line":1,"column":0},"end":{"line":1,"column":46}},"1":{"start":{"line":2,"column":0},"end":{"line":2,"column":29}},"2":{"start":{"line":4,"column":27},"end":{"line":80,"column":null}},"3":{"start":{"line":83,"column":13},"end":{"line":83,"column":79}}},"fnMap":{},"branchMap":{},"s":{"0":1,"1":1,"2":1,"3":1},"f":{},"b":{}}
,"/home/alexandre/novox/repos/lets-cook-API/src/infraestructure/mongoose/models/coupon.ts": {"path":"/home/alexandre/novox/repos/lets-cook-API/src/infraestructure/mongoose/models/coupon.ts","statementMap":{"0":{"start":{"line":1,"column":0},"end":{"line":1,"column":46}},"1":{"start":{"line":2,"column":0},"end":{"line":2,"column":29}},"2":{"start":{"line":4,"column":21},"end":{"line":94,"column":null}},"3":{"start":{"line":97,"column":13},"end":{"line":97,"column":61}}},"fnMap":{},"branchMap":{},"s":{"0":1,"1":1,"2":1,"3":1},"f":{},"b":{}}
,"/home/alexandre/novox/repos/lets-cook-API/src/infraestructure/mongoose/models/customer.ts": {"path":"/home/alexandre/novox/repos/lets-cook-API/src/infraestructure/mongoose/models/customer.ts","statementMap":{"0":{"start":{"line":1,"column":0},"end":{"line":1,"column":32}},"1":{"start":{"line":2,"column":0},"end":{"line":2,"column":29}},"2":{"start":{"line":4,"column":22},"end":{"line":59,"column":2}},"3":{"start":{"line":61,"column":22},"end":{"line":116,"column":2}},"4":{"start":{"line":118,"column":27},"end":{"line":149,"column":2}},"5":{"start":{"line":151,"column":28},"end":{"line":190,"column":2}},"6":{"start":{"line":192,"column":23},"end":{"line":255,"column":null}},"7":{"start":{"line":258,"column":13},"end":{"line":258,"column":67}}},"fnMap":{},"branchMap":{},"s":{"0":1,"1":1,"2":1,"3":1,"4":1,"5":1,"6":1,"7":1},"f":{},"b":{}}
,"/home/alexandre/novox/repos/lets-cook-API/src/infraestructure/mongoose/models/index.ts": {"path":"/home/alexandre/novox/repos/lets-cook-API/src/infraestructure/mongoose/models/index.ts","statementMap":{"0":{"start":{"line":1,"column":0},"end":{"line":1,"column":29}},"1":{"start":{"line":2,"column":0},"end":{"line":2,"column":23}},"2":{"start":{"line":3,"column":0},"end":{"line":3,"column":25}},"3":{"start":{"line":4,"column":0},"end":{"line":4,"column":23}},"4":{"start":{"line":5,"column":0},"end":{"line":5,"column":23}},"5":{"start":{"line":6,"column":0},"end":{"line":6,"column":23}},"6":{"start":{"line":7,"column":0},"end":{"line":7,"column":36}},"7":{"start":{"line":8,"column":0},"end":{"line":8,"column":25}},"8":{"start":{"line":9,"column":0},"end":{"line":9,"column":27}},"9":{"start":{"line":10,"column":0},"end":{"line":10,"column":27}},"10":{"start":{"line":11,"column":0},"end":{"line":11,"column":31}},"11":{"start":{"line":12,"column":0},"end":{"line":12,"column":24}},"12":{"start":{"line":13,"column":0},"end":{"line":13,"column":31}},"13":{"start":{"line":14,"column":0},"end":{"line":14,"column":23}},"14":{"start":{"line":15,"column":0},"end":{"line":15,"column":22}}},"fnMap":{},"branchMap":{},"s":{"0":1,"1":1,"2":1,"3":1,"4":1,"5":1,"6":1,"7":1,"8":1,"9":1,"10":1,"11":1,"12":1,"13":1,"14":1},"f":{},"b":{}}
,"/home/alexandre/novox/repos/lets-cook-API/src/infraestructure/mongoose/models/ingredient.ts": {"path":"/home/alexandre/novox/repos/lets-cook-API/src/infraestructure/mongoose/models/ingredient.ts","statementMap":{"0":{"start":{"line":1,"column":0},"end":{"line":1,"column":32}},"1":{"start":{"line":2,"column":0},"end":{"line":2,"column":29}},"2":{"start":{"line":4,"column":25},"end":{"line":33,"column":null}},"3":{"start":{"line":36,"column":13},"end":{"line":36,"column":73}}},"fnMap":{},"branchMap":{},"s":{"0":1,"1":1,"2":1,"3":1},"f":{},"b":{}}
,"/home/alexandre/novox/repos/lets-cook-API/src/infraestructure/mongoose/models/log.ts": {"path":"/home/alexandre/novox/repos/lets-cook-API/src/infraestructure/mongoose/models/log.ts","statementMap":{"0":{"start":{"line":1,"column":0},"end":{"line":1,"column":46}},"1":{"start":{"line":2,"column":0},"end":{"line":2,"column":29}},"2":{"start":{"line":4,"column":18},"end":{"line":34,"column":null}},"3":{"start":{"line":37,"column":13},"end":{"line":37,"column":52}}},"fnMap":{},"branchMap":{},"s":{"0":1,"1":1,"2":1,"3":1},"f":{},"b":{}}
,"/home/alexandre/novox/repos/lets-cook-API/src/infraestructure/mongoose/models/order.ts": {"path":"/home/alexandre/novox/repos/lets-cook-API/src/infraestructure/mongoose/models/order.ts","statementMap":{"0":{"start":{"line":1,"column":0},"end":{"line":1,"column":32}},"1":{"start":{"line":2,"column":0},"end":{"line":2,"column":29}},"2":{"start":{"line":4,"column":20},"end":{"line":138,"column":null}},"3":{"start":{"line":141,"column":13},"end":{"line":141,"column":58}}},"fnMap":{},"branchMap":{},"s":{"0":1,"1":1,"2":1,"3":1},"f":{},"b":{}}
,"/home/alexandre/novox/repos/lets-cook-API/src/infraestructure/mongoose/models/plan.ts": {"path":"/home/alexandre/novox/repos/lets-cook-API/src/infraestructure/mongoose/models/plan.ts","statementMap":{"0":{"start":{"line":1,"column":0},"end":{"line":1,"column":46}},"1":{"start":{"line":2,"column":0},"end":{"line":2,"column":29}},"2":{"start":{"line":3,"column":26},"end":{"line":58,"column":null}},"3":{"start":{"line":61,"column":19},"end":{"line":171,"column":null}},"4":{"start":{"line":174,"column":13},"end":{"line":174,"column":55}}},"fnMap":{},"branchMap":{},"s":{"0":1,"1":1,"2":1,"3":1,"4":1},"f":{},"b":{}}
,"/home/alexandre/novox/repos/lets-cook-API/src/infraestructure/mongoose/models/rate.ts": {"path":"/home/alexandre/novox/repos/lets-cook-API/src/infraestructure/mongoose/models/rate.ts","statementMap":{"0":{"start":{"line":1,"column":0},"end":{"line":1,"column":46}},"1":{"start":{"line":2,"column":0},"end":{"line":2,"column":29}},"2":{"start":{"line":4,"column":19},"end":{"line":50,"column":null}},"3":{"start":{"line":53,"column":13},"end":{"line":53,"column":55}}},"fnMap":{},"branchMap":{},"s":{"0":1,"1":1,"2":1,"3":1},"f":{},"b":{}}
,"/home/alexandre/novox/repos/lets-cook-API/src/infraestructure/mongoose/models/recipe.ts": {"path":"/home/alexandre/novox/repos/lets-cook-API/src/infraestructure/mongoose/models/recipe.ts","statementMap":{"0":{"start":{"line":1,"column":0},"end":{"line":1,"column":46}},"1":{"start":{"line":2,"column":0},"end":{"line":2,"column":29}},"2":{"start":{"line":4,"column":26},"end":{"line":16,"column":2}},"3":{"start":{"line":18,"column":27},"end":{"line":28,"column":2}},"4":{"start":{"line":30,"column":21},"end":{"line":40,"column":2}},"5":{"start":{"line":42,"column":26},"end":{"line":72,"column":2}},"6":{"start":{"line":74,"column":0},"end":{"line":74,"column":54}},"7":{"start":{"line":76,"column":22},"end":{"line":95,"column":2}},"8":{"start":{"line":97,"column":0},"end":{"line":97,"column":50}},"9":{"start":{"line":99,"column":21},"end":{"line":200,"column":null}},"10":{"start":{"line":203,"column":13},"end":{"line":203,"column":61}}},"fnMap":{},"branchMap":{},"s":{"0":1,"1":1,"2":1,"3":1,"4":1,"5":1,"6":1,"7":1,"8":1,"9":1,"10":1},"f":{},"b":{}}
,"/home/alexandre/novox/repos/lets-cook-API/src/infraestructure/mongoose/models/recipeRestriction.ts": {"path":"/home/alexandre/novox/repos/lets-cook-API/src/infraestructure/mongoose/models/recipeRestriction.ts","statementMap":{"0":{"start":{"line":1,"column":0},"end":{"line":1,"column":32}},"1":{"start":{"line":2,"column":0},"end":{"line":2,"column":29}},"2":{"start":{"line":4,"column":39},"end":{"line":26,"column":null}},"3":{"start":{"line":29,"column":13},"end":{"line":29,"column":115}}},"fnMap":{},"branchMap":{},"s":{"0":1,"1":1,"2":1,"3":1},"f":{},"b":{}}
,"/home/alexandre/novox/repos/lets-cook-API/src/infraestructure/mongoose/models/role.ts": {"path":"/home/alexandre/novox/repos/lets-cook-API/src/infraestructure/mongoose/models/role.ts","statementMap":{"0":{"start":{"line":1,"column":0},"end":{"line":1,"column":32}},"1":{"start":{"line":3,"column":0},"end":{"line":3,"column":88}},"2":{"start":{"line":4,"column":0},"end":{"line":4,"column":29}},"3":{"start":{"line":6,"column":19},"end":{"line":26,"column":null}},"4":{"start":{"line":29,"column":13},"end":{"line":29,"column":55}}},"fnMap":{},"branchMap":{},"s":{"0":1,"1":1,"2":1,"3":1,"4":1},"f":{},"b":{}}
,"/home/alexandre/novox/repos/lets-cook-API/src/infraestructure/mongoose/models/shipping.ts": {"path":"/home/alexandre/novox/repos/lets-cook-API/src/infraestructure/mongoose/models/shipping.ts","statementMap":{"0":{"start":{"line":1,"column":0},"end":{"line":1,"column":46}},"1":{"start":{"line":2,"column":0},"end":{"line":2,"column":29}},"2":{"start":{"line":4,"column":27},"end":{"line":50,"column":null}},"3":{"start":{"line":53,"column":13},"end":{"line":53,"column":75}}},"fnMap":{},"branchMap":{},"s":{"0":1,"1":1,"2":1,"3":1},"f":{},"b":{}}
,"/home/alexandre/novox/repos/lets-cook-API/src/infraestructure/mongoose/models/subscription.ts": {"path":"/home/alexandre/novox/repos/lets-cook-API/src/infraestructure/mongoose/models/subscription.ts","statementMap":{"0":{"start":{"line":1,"column":0},"end":{"line":1,"column":32}},"1":{"start":{"line":2,"column":0},"end":{"line":2,"column":29}},"2":{"start":{"line":4,"column":27},"end":{"line":98,"column":null}},"3":{"start":{"line":101,"column":13},"end":{"line":101,"column":79}}},"fnMap":{},"branchMap":{},"s":{"0":1,"1":1,"2":1,"3":1},"f":{},"b":{}}
,"/home/alexandre/novox/repos/lets-cook-API/src/infraestructure/mongoose/models/user.ts": {"path":"/home/alexandre/novox/repos/lets-cook-API/src/infraestructure/mongoose/models/user.ts","statementMap":{"0":{"start":{"line":1,"column":0},"end":{"line":1,"column":32}},"1":{"start":{"line":2,"column":0},"end":{"line":2,"column":29}},"2":{"start":{"line":4,"column":19},"end":{"line":51,"column":null}},"3":{"start":{"line":54,"column":13},"end":{"line":54,"column":55}}},"fnMap":{},"branchMap":{},"s":{"0":1,"1":1,"2":1,"3":1},"f":{},"b":{}}
,"/home/alexandre/novox/repos/lets-cook-API/src/infraestructure/mongoose/models/week.ts": {"path":"/home/alexandre/novox/repos/lets-cook-API/src/infraestructure/mongoose/models/week.ts","statementMap":{"0":{"start":{"line":1,"column":0},"end":{"line":1,"column":32}},"1":{"start":{"line":2,"column":0},"end":{"line":2,"column":29}},"2":{"start":{"line":4,"column":19},"end":{"line":25,"column":null}},"3":{"start":{"line":28,"column":13},"end":{"line":28,"column":55}}},"fnMap":{},"branchMap":{},"s":{"0":1,"1":1,"2":1,"3":1},"f":{},"b":{}}
,"/home/alexandre/novox/repos/lets-cook-API/src/shared/notificationService/mockNotificationService.ts": {"path":"/home/alexandre/novox/repos/lets-cook-API/src/shared/notificationService/mockNotificationService.ts","statementMap":{"0":{"start":{"line":6,"column":0},"end":{"line":6,"column":13}},"1":{"start":{"line":7,"column":4},"end":{"line":9,"column":null}},"2":{"start":{"line":8,"column":8},"end":{"line":8,"column":51}},"3":{"start":{"line":10,"column":4},"end":{"line":12,"column":null}},"4":{"start":{"line":11,"column":8},"end":{"line":11,"column":51}},"5":{"start":{"line":13,"column":4},"end":{"line":15,"column":null}},"6":{"start":{"line":14,"column":8},"end":{"line":14,"column":51}},"7":{"start":{"line":16,"column":4},"end":{"line":18,"column":null}},"8":{"start":{"line":17,"column":8},"end":{"line":17,"column":51}},"9":{"start":{"line":19,"column":4},"end":{"line":21,"column":null}},"10":{"start":{"line":20,"column":8},"end":{"line":20,"column":51}},"11":{"start":{"line":22,"column":4},"end":{"line":24,"column":null}},"12":{"start":{"line":23,"column":8},"end":{"line":23,"column":51}},"13":{"start":{"line":25,"column":4},"end":{"line":27,"column":null}},"14":{"start":{"line":26,"column":8},"end":{"line":26,"column":51}},"15":{"start":{"line":28,"column":4},"end":{"line":30,"column":null}},"16":{"start":{"line":29,"column":8},"end":{"line":29,"column":51}},"17":{"start":{"line":31,"column":4},"end":{"line":33,"column":null}},"18":{"start":{"line":32,"column":8},"end":{"line":32,"column":51}},"19":{"start":{"line":34,"column":4},"end":{"line":36,"column":null}},"20":{"start":{"line":35,"column":8},"end":{"line":35,"column":51}},"21":{"start":{"line":37,"column":4},"end":{"line":39,"column":null}},"22":{"start":{"line":38,"column":8},"end":{"line":38,"column":51}},"23":{"start":{"line":40,"column":4},"end":{"line":42,"column":null}},"24":{"start":{"line":41,"column":8},"end":{"line":41,"column":51}},"25":{"start":{"line":43,"column":4},"end":{"line":45,"column":null}},"26":{"start":{"line":44,"column":8},"end":{"line":44,"column":51}},"27":{"start":{"line":46,"column":4},"end":{"line":48,"column":null}},"28":{"start":{"line":47,"column":8},"end":{"line":47,"column":51}},"29":{"start":{"line":49,"column":4},"end":{"line":51,"column":null}},"30":{"start":{"line":50,"column":8},"end":{"line":50,"column":51}},"31":{"start":{"line":53,"column":0},"end":{"line":53,"column":null}},"32":{"start":{"line":6,"column":13},"end":{"line":6,"column":36}}},"fnMap":{"0":{"name":"(anonymous_0)","decl":{"start":{"line":6,"column":0},"end":{"line":6,"column":13}},"loc":{"start":{"line":6,"column":0},"end":{"line":53,"column":null}}},"1":{"name":"(anonymous_2)","decl":{"start":{"line":7,"column":4},"end":{"line":7,"column":45}},"loc":{"start":{"line":7,"column":80},"end":{"line":9,"column":5}}},"2":{"name":"(anonymous_3)","decl":{"start":{"line":10,"column":4},"end":{"line":10,"column":32}},"loc":{"start":{"line":10,"column":67},"end":{"line":12,"column":5}}},"3":{"name":"(anonymous_4)","decl":{"start":{"line":13,"column":4},"end":{"line":13,"column":44}},"loc":{"start":{"line":13,"column":79},"end":{"line":15,"column":5}}},"4":{"name":"(anonymous_5)","decl":{"start":{"line":16,"column":4},"end":{"line":16,"column":40}},"loc":{"start":{"line":16,"column":4},"end":{"line":18,"column":5}}},"5":{"name":"(anonymous_6)","decl":{"start":{"line":19,"column":4},"end":{"line":19,"column":57}},"loc":{"start":{"line":19,"column":93},"end":{"line":21,"column":5}}},"6":{"name":"(anonymous_7)","decl":{"start":{"line":22,"column":4},"end":{"line":22,"column":55}},"loc":{"start":{"line":22,"column":91},"end":{"line":24,"column":5}}},"7":{"name":"(anonymous_8)","decl":{"start":{"line":25,"column":4},"end":{"line":25,"column":56}},"loc":{"start":{"line":25,"column":121},"end":{"line":27,"column":5}}},"8":{"name":"(anonymous_9)","decl":{"start":{"line":28,"column":4},"end":{"line":28,"column":28}},"loc":{"start":{"line":28,"column":4},"end":{"line":30,"column":5}}},"9":{"name":"(anonymous_10)","decl":{"start":{"line":31,"column":4},"end":{"line":31,"column":33}},"loc":{"start":{"line":31,"column":99},"end":{"line":33,"column":5}}},"10":{"name":"(anonymous_11)","decl":{"start":{"line":34,"column":4},"end":{"line":34,"column":33}},"loc":{"start":{"line":34,"column":91},"end":{"line":36,"column":5}}},"11":{"name":"(anonymous_12)","decl":{"start":{"line":37,"column":4},"end":{"line":37,"column":37}},"loc":{"start":{"line":37,"column":64},"end":{"line":39,"column":5}}},"12":{"name":"(anonymous_13)","decl":{"start":{"line":40,"column":4},"end":{"line":40,"column":37}},"loc":{"start":{"line":40,"column":64},"end":{"line":42,"column":5}}},"13":{"name":"(anonymous_14)","decl":{"start":{"line":43,"column":4},"end":{"line":43,"column":18}},"loc":{"start":{"line":43,"column":88},"end":{"line":45,"column":5}}},"14":{"name":"(anonymous_15)","decl":{"start":{"line":46,"column":4},"end":{"line":46,"column":41}},"loc":{"start":{"line":46,"column":80},"end":{"line":48,"column":5}}},"15":{"name":"(anonymous_16)","decl":{"start":{"line":49,"column":4},"end":{"line":49,"column":24}},"loc":{"start":{"line":49,"column":82},"end":{"line":51,"column":5}}}},"branchMap":{},"s":{"0":1,"1":1,"2":0,"3":1,"4":0,"5":1,"6":0,"7":1,"8":0,"9":1,"10":0,"11":1,"12":0,"13":1,"14":0,"15":1,"16":0,"17":1,"18":0,"19":1,"20":0,"21":1,"22":0,"23":1,"24":0,"25":1,"26":0,"27":1,"28":0,"29":1,"30":0,"31":1,"32":1},"f":{"0":2,"1":0,"2":0,"3":0,"4":0,"5":0,"6":0,"7":0,"8":0,"9":0,"10":0,"11":0,"12":0,"13":0,"14":0,"15":0},"b":{}}
}
