TN:
SF:src/bounded_contexts/IAM/domain/permission/Permission.ts
FN:1,(anonymous_0)
FNF:1
FNH:1
FNDA:1,(anonymous_0)
DA:1,1
DA:2,1
DA:3,1
DA:4,1
DA:5,1
DA:6,1
DA:7,1
DA:8,1
DA:9,1
DA:10,1
DA:11,1
DA:12,1
DA:13,1
DA:14,1
DA:15,1
DA:16,1
DA:17,1
DA:18,1
DA:19,1
DA:20,1
DA:21,1
DA:22,1
DA:23,1
DA:24,1
DA:25,1
DA:26,1
DA:27,1
DA:28,1
DA:29,1
DA:30,1
DA:31,1
DA:32,1
DA:33,1
DA:34,1
DA:35,1
DA:36,1
DA:37,1
DA:38,1
DA:39,1
LF:39
LH:39
BRDA:1,0,0,1
BRDA:1,0,1,1
BRF:2
BRH:2
end_of_record
TN:
SF:src/bounded_contexts/IAM/domain/user/UserPassword.ts
FN:4,(anonymous_6)
FN:8,UserPassword
FN:13,(anonymous_8)
FN:21,(anonymous_9)
FN:27,(anonymous_10)
FN:31,(anonymous_11)
FN:35,(anonymous_12)
FN:39,(anonymous_13)
FN:49,(anonymous_14)
FN:55,(anonymous_15)
FN:63,(anonymous_16)
FN:71,(anonymous_17)
FNF:12
FNH:7
FNDA:1,(anonymous_6)
FNDA:1,UserPassword
FNDA:1,(anonymous_8)
FNDA:0,(anonymous_9)
FNDA:1,(anonymous_10)
FNDA:1,(anonymous_11)
FNDA:1,(anonymous_12)
FNDA:1,(anonymous_13)
FNDA:0,(anonymous_14)
FNDA:0,(anonymous_15)
FNDA:0,(anonymous_16)
FNDA:0,(anonymous_17)
DA:2,1
DA:4,1
DA:9,1
DA:10,1
DA:13,1
DA:14,1
DA:16,1
DA:18,1
DA:21,1
DA:24,0
DA:27,1
DA:28,1
DA:31,1
DA:32,1
DA:35,1
DA:36,1
DA:39,1
DA:40,1
DA:45,0
DA:49,1
DA:50,0
DA:52,0
DA:55,1
DA:56,0
DA:63,1
DA:64,0
DA:71,1
DA:72,0
DA:74,1
LF:29
LH:22
BRDA:14,0,0,0
BRDA:24,1,0,0
BRDA:24,1,1,0
BRDA:40,2,0,0
BRDA:41,3,0,1
BRDA:41,3,1,1
BRDA:41,3,2,1
BRDA:50,4,0,0
BRDA:56,5,0,0
BRDA:56,5,1,0
BRF:10
BRH:3
end_of_record
TN:
SF:src/bounded_contexts/operations/application/paymentService/mockPaymentService.ts
FN:5,(anonymous_0)
FN:7,(anonymous_2)
FN:10,(anonymous_3)
FN:13,(anonymous_4)
FN:16,(anonymous_5)
FN:19,(anonymous_6)
FN:22,(anonymous_7)
FN:25,(anonymous_8)
FN:28,(anonymous_9)
FN:31,(anonymous_10)
FNF:10
FNH:1
FNDA:2,(anonymous_0)
FNDA:0,(anonymous_2)
FNDA:0,(anonymous_3)
FNDA:0,(anonymous_4)
FNDA:0,(anonymous_5)
FNDA:0,(anonymous_6)
FNDA:0,(anonymous_7)
FNDA:0,(anonymous_8)
FNDA:0,(anonymous_9)
FNDA:0,(anonymous_10)
DA:5,1
DA:7,1
DA:8,0
DA:10,1
DA:11,0
DA:13,1
DA:14,0
DA:16,1
DA:17,0
DA:19,1
DA:20,0
DA:22,1
DA:23,0
DA:25,1
DA:26,0
DA:28,1
DA:29,0
DA:31,1
DA:32,0
DA:35,1
LF:20
LH:11
BRF:0
BRH:0
end_of_record
TN:
SF:src/bounded_contexts/operations/application/timeService/momentTimeService.ts
FN:9,(anonymous_0)
FN:10,MomentTimeService
FN:12,(anonymous_2)
FN:16,(anonymous_3)
FN:21,(anonymous_4)
FN:25,(anonymous_5)
FN:29,(anonymous_6)
FN:33,(anonymous_7)
FN:37,(anonymous_8)
FN:41,(anonymous_9)
FN:49,(anonymous_10)
FN:63,(anonymous_11)
FN:74,(anonymous_12)
FNF:13
FNH:1
FNDA:1,(anonymous_0)
FNDA:0,MomentTimeService
FNDA:0,(anonymous_2)
FNDA:0,(anonymous_3)
FNDA:0,(anonymous_4)
FNDA:0,(anonymous_5)
FNDA:0,(anonymous_6)
FNDA:0,(anonymous_7)
FNDA:0,(anonymous_8)
FNDA:0,(anonymous_9)
FNDA:0,(anonymous_10)
FNDA:0,(anonymous_11)
FNDA:0,(anonymous_12)
DA:2,1
DA:5,1
DA:7,1
DA:9,1
DA:12,1
DA:13,0
DA:16,1
DA:18,0
DA:21,1
DA:22,0
DA:25,1
DA:26,0
DA:29,1
DA:30,0
DA:33,1
DA:34,0
DA:37,1
DA:38,0
DA:41,1
DA:42,0
DA:43,0
DA:44,0
DA:46,0
DA:49,1
DA:50,0
DA:51,0
DA:52,0
DA:53,0
DA:54,0
DA:55,0
DA:56,0
DA:58,0
DA:63,1
DA:64,0
DA:66,0
DA:67,0
DA:69,0
DA:71,0
DA:74,1
DA:75,0
DA:76,0
DA:77,0
DA:79,0
DA:81,1
LF:44
LH:16
BRDA:29,0,0,0
BRDA:75,1,0,0
BRDA:76,2,0,0
BRDA:77,3,0,0
BRF:4
BRH:0
end_of_record
TN:
SF:src/bounded_contexts/operations/domain/address/Address.ts
FN:5,(anonymous_6)
FN:17,Address
FN:43,(anonymous_8)
FN:47,(anonymous_9)
FN:51,(anonymous_10)
FN:80,(anonymous_11)
FN:112,(anonymous_12)
FN:88,(anonymous_13)
FN:120,(anonymous_14)
FN:96,(anonymous_15)
FN:128,(anonymous_16)
FN:104,(anonymous_17)
FN:136,(anonymous_18)
FN:144,(anonymous_19)
FN:191,(anonymous_20)
FN:152,(anonymous_21)
FN:199,(anonymous_22)
FN:159,(anonymous_23)
FN:207,(anonymous_24)
FN:167,(anonymous_25)
FN:215,(anonymous_26)
FN:175,(anonymous_27)
FN:223,(anonymous_28)
FN:183,(anonymous_29)
FN:231,(anonymous_30)
FNF:25
FNH:1
FNDA:1,(anonymous_6)
FNDA:0,Address
FNDA:0,(anonymous_8)
FNDA:0,(anonymous_9)
FNDA:0,(anonymous_10)
FNDA:0,(anonymous_11)
FNDA:0,(anonymous_12)
FNDA:0,(anonymous_13)
FNDA:0,(anonymous_14)
FNDA:0,(anonymous_15)
FNDA:0,(anonymous_16)
FNDA:0,(anonymous_17)
FNDA:0,(anonymous_18)
FNDA:0,(anonymous_19)
FNDA:0,(anonymous_20)
FNDA:0,(anonymous_21)
FNDA:0,(anonymous_22)
FNDA:0,(anonymous_23)
FNDA:0,(anonymous_24)
FNDA:0,(anonymous_25)
FNDA:0,(anonymous_26)
FNDA:0,(anonymous_27)
FNDA:0,(anonymous_28)
FNDA:0,(anonymous_29)
FNDA:0,(anonymous_30)
DA:1,1
DA:5,1
DA:30,0
DA:31,0
DA:32,0
DA:33,0
DA:34,0
DA:35,0
DA:36,0
DA:37,0
DA:38,0
DA:39,0
DA:40,0
DA:43,1
DA:44,0
DA:47,1
DA:48,0
DA:51,1
DA:63,0
DA:64,0
DA:65,0
DA:66,0
DA:67,0
DA:68,0
DA:69,0
DA:70,0
DA:71,0
DA:72,0
DA:80,1
DA:81,0
DA:88,1
DA:89,0
DA:96,1
DA:97,0
DA:104,1
DA:105,0
DA:113,0
DA:121,0
DA:129,0
DA:137,0
DA:144,1
DA:145,0
DA:152,1
DA:153,0
DA:159,1
DA:160,0
DA:167,1
DA:168,0
DA:175,1
DA:176,0
DA:183,1
DA:184,0
DA:192,0
DA:200,0
DA:208,0
DA:216,0
DA:224,0
DA:232,0
DA:234,1
LF:59
LH:16
BRDA:30,0,0,0
BRDA:30,0,1,0
BRF:2
BRH:0
end_of_record
TN:
SF:src/bounded_contexts/operations/domain/address/AddressId.ts
FN:3,(anonymous_6)
FN:4,AddressId
FNF:2
FNH:1
FNDA:1,(anonymous_6)
FNDA:0,AddressId
DA:1,1
DA:3,1
DA:5,0
DA:7,1
LF:4
LH:3
BRDA:5,0,0,0
BRDA:5,0,1,0
BRF:2
BRH:0
end_of_record
TN:
SF:src/bounded_contexts/operations/domain/billing/Billing.ts
FN:4,(anonymous_6)
FN:16,Billing
FN:42,(anonymous_8)
FN:56,(anonymous_9)
FN:64,(anonymous_10)
FN:73,(anonymous_11)
FN:97,(anonymous_12)
FN:81,(anonymous_13)
FN:105,(anonymous_14)
FN:89,(anonymous_15)
FN:113,(anonymous_16)
FN:121,(anonymous_17)
FN:168,(anonymous_18)
FN:129,(anonymous_19)
FN:176,(anonymous_20)
FN:136,(anonymous_21)
FN:184,(anonymous_22)
FN:144,(anonymous_23)
FN:192,(anonymous_24)
FN:152,(anonymous_25)
FN:200,(anonymous_26)
FN:160,(anonymous_27)
FN:208,(anonymous_28)
FNF:23
FNH:1
FNDA:1,(anonymous_6)
FNDA:0,Billing
FNDA:0,(anonymous_8)
FNDA:0,(anonymous_9)
FNDA:0,(anonymous_10)
FNDA:0,(anonymous_11)
FNDA:0,(anonymous_12)
FNDA:0,(anonymous_13)
FNDA:0,(anonymous_14)
FNDA:0,(anonymous_15)
FNDA:0,(anonymous_16)
FNDA:0,(anonymous_17)
FNDA:0,(anonymous_18)
FNDA:0,(anonymous_19)
FNDA:0,(anonymous_20)
FNDA:0,(anonymous_21)
FNDA:0,(anonymous_22)
FNDA:0,(anonymous_23)
FNDA:0,(anonymous_24)
FNDA:0,(anonymous_25)
FNDA:0,(anonymous_26)
FNDA:0,(anonymous_27)
FNDA:0,(anonymous_28)
DA:1,1
DA:4,1
DA:28,0
DA:29,0
DA:30,0
DA:31,0
DA:32,0
DA:33,0
DA:34,0
DA:35,0
DA:36,0
DA:37,0
DA:38,0
DA:42,1
DA:43,0
DA:44,0
DA:45,0
DA:46,0
DA:47,0
DA:48,0
DA:56,1
DA:57,0
DA:65,0
DA:73,1
DA:74,0
DA:81,1
DA:82,0
DA:89,1
DA:90,0
DA:98,0
DA:106,0
DA:114,0
DA:121,1
DA:122,0
DA:129,1
DA:130,0
DA:136,1
DA:137,0
DA:144,1
DA:145,0
DA:152,1
DA:153,0
DA:160,1
DA:161,0
DA:169,0
DA:177,0
DA:185,0
DA:193,0
DA:201,0
DA:209,0
DA:211,1
LF:51
LH:14
BRDA:28,0,0,0
BRDA:28,0,1,0
BRF:2
BRH:0
end_of_record
TN:
SF:src/bounded_contexts/operations/domain/billing/BillingId.ts
FN:3,(anonymous_6)
FN:4,BillingId
FNF:2
FNH:1
FNDA:1,(anonymous_6)
FNDA:0,BillingId
DA:1,1
DA:3,1
DA:5,0
DA:7,1
LF:4
LH:3
BRDA:5,0,0,0
BRDA:5,0,1,0
BRF:2
BRH:0
end_of_record
TN:
SF:src/bounded_contexts/operations/domain/cancellationReason/CancellationReason.ts
FN:1,(anonymous_0)
FN:7,CancellationReason
FN:14,(anonymous_2)
FN:33,(anonymous_3)
FN:72,(anonymous_4)
FN:41,(anonymous_5)
FN:80,(anonymous_6)
FN:49,(anonymous_7)
FN:88,(anonymous_8)
FN:56,(anonymous_9)
FN:64,(anonymous_10)
FNF:11
FNH:1
FNDA:1,(anonymous_0)
FNDA:0,CancellationReason
FNDA:0,(anonymous_2)
FNDA:0,(anonymous_3)
FNDA:0,(anonymous_4)
FNDA:0,(anonymous_5)
FNDA:0,(anonymous_6)
FNDA:0,(anonymous_7)
FNDA:0,(anonymous_8)
FNDA:0,(anonymous_9)
FNDA:0,(anonymous_10)
DA:1,1
DA:8,0
DA:9,0
DA:10,0
DA:11,0
DA:14,1
DA:15,0
DA:26,0
DA:33,1
DA:34,0
DA:41,1
DA:42,0
DA:49,1
DA:50,0
DA:56,1
DA:57,0
DA:65,0
DA:73,0
DA:81,0
DA:89,0
DA:91,1
LF:21
LH:7
BRDA:26,0,0,0
BRDA:26,0,1,0
BRF:2
BRH:0
end_of_record
TN:
SF:src/bounded_contexts/operations/domain/cupons/CouponId.ts
FN:3,(anonymous_6)
FN:4,CouponId
FNF:2
FNH:1
FNDA:1,(anonymous_6)
FNDA:0,CouponId
DA:1,1
DA:3,1
DA:5,0
DA:7,1
LF:4
LH:3
BRDA:5,0,0,0
BRDA:5,0,1,0
BRF:2
BRH:0
end_of_record
TN:
SF:src/bounded_contexts/operations/domain/cupons/CouponState.ts
FN:1,(anonymous_0)
FNF:1
FNH:1
FNDA:1,(anonymous_0)
DA:1,1
DA:2,1
DA:3,1
DA:4,1
DA:5,1
DA:6,1
LF:6
LH:6
BRDA:1,0,0,1
BRDA:1,0,1,1
BRF:2
BRH:2
end_of_record
TN:
SF:src/bounded_contexts/operations/domain/cupons/Cupon.ts
FN:14,(anonymous_7)
FN:30,Coupon
FN:64,(anonymous_9)
FN:103,(anonymous_10)
FN:107,(anonymous_11)
FN:123,(anonymous_12)
FN:126,(anonymous_13)
FN:130,(anonymous_14)
FN:134,(anonymous_15)
FN:138,(anonymous_16)
FN:139,(anonymous_17)
FN:142,(anonymous_18)
FN:152,(anonymous_19)
FN:156,(anonymous_20)
FN:160,(anonymous_21)
FN:164,(anonymous_22)
FN:165,(anonymous_23)
FN:168,(anonymous_24)
FN:172,(anonymous_25)
FN:176,(anonymous_26)
FN:183,(anonymous_27)
FN:295,(anonymous_28)
FN:191,(anonymous_29)
FN:303,(anonymous_30)
FN:199,(anonymous_31)
FN:311,(anonymous_32)
FN:207,(anonymous_33)
FN:319,(anonymous_34)
FN:215,(anonymous_35)
FN:327,(anonymous_36)
FN:223,(anonymous_37)
FN:335,(anonymous_38)
FN:231,(anonymous_39)
FN:343,(anonymous_40)
FN:239,(anonymous_41)
FN:352,(anonymous_42)
FN:247,(anonymous_43)
FN:360,(anonymous_44)
FN:255,(anonymous_45)
FN:368,(anonymous_46)
FN:263,(anonymous_47)
FN:376,(anonymous_48)
FN:271,(anonymous_49)
FN:384,(anonymous_50)
FN:279,(anonymous_51)
FN:392,(anonymous_52)
FN:287,(anonymous_53)
FN:400,(anonymous_54)
FNF:48
FNH:1
FNDA:1,(anonymous_7)
FNDA:0,Coupon
FNDA:0,(anonymous_9)
FNDA:0,(anonymous_10)
FNDA:0,(anonymous_11)
FNDA:0,(anonymous_12)
FNDA:0,(anonymous_13)
FNDA:0,(anonymous_14)
FNDA:0,(anonymous_15)
FNDA:0,(anonymous_16)
FNDA:0,(anonymous_17)
FNDA:0,(anonymous_18)
FNDA:0,(anonymous_19)
FNDA:0,(anonymous_20)
FNDA:0,(anonymous_21)
FNDA:0,(anonymous_22)
FNDA:0,(anonymous_23)
FNDA:0,(anonymous_24)
FNDA:0,(anonymous_25)
FNDA:0,(anonymous_26)
FNDA:0,(anonymous_27)
FNDA:0,(anonymous_28)
FNDA:0,(anonymous_29)
FNDA:0,(anonymous_30)
FNDA:0,(anonymous_31)
FNDA:0,(anonymous_32)
FNDA:0,(anonymous_33)
FNDA:0,(anonymous_34)
FNDA:0,(anonymous_35)
FNDA:0,(anonymous_36)
FNDA:0,(anonymous_37)
FNDA:0,(anonymous_38)
FNDA:0,(anonymous_39)
FNDA:0,(anonymous_40)
FNDA:0,(anonymous_41)
FNDA:0,(anonymous_42)
FNDA:0,(anonymous_43)
FNDA:0,(anonymous_44)
FNDA:0,(anonymous_45)
FNDA:0,(anonymous_46)
FNDA:0,(anonymous_47)
FNDA:0,(anonymous_48)
FNDA:0,(anonymous_49)
FNDA:0,(anonymous_50)
FNDA:0,(anonymous_51)
FNDA:0,(anonymous_52)
FNDA:0,(anonymous_53)
FNDA:0,(anonymous_54)
DA:2,1
DA:12,1
DA:14,1
DA:47,0
DA:48,0
DA:49,0
DA:50,0
DA:51,0
DA:52,0
DA:53,0
DA:54,0
DA:55,0
DA:56,0
DA:57,0
DA:58,0
DA:59,0
DA:60,0
DA:61,0
DA:64,1
DA:77,0
DA:81,0
DA:82,0
DA:84,0
DA:103,1
DA:104,0
DA:107,1
DA:108,0
DA:109,0
DA:110,0
DA:111,0
DA:112,0
DA:113,0
DA:115,0
DA:116,0
DA:118,0
DA:120,0
DA:121,0
DA:123,0
DA:126,1
DA:127,0
DA:130,1
DA:131,0
DA:134,1
DA:135,0
DA:138,1
DA:139,0
DA:142,1
DA:143,0
DA:144,0
DA:145,0
DA:146,0
DA:148,0
DA:152,1
DA:153,0
DA:156,1
DA:157,0
DA:160,1
DA:161,0
DA:164,1
DA:165,0
DA:166,0
DA:167,0
DA:168,0
DA:169,0
DA:172,1
DA:173,0
DA:176,1
DA:177,0
DA:183,1
DA:184,0
DA:191,1
DA:192,0
DA:199,1
DA:200,0
DA:207,1
DA:208,0
DA:215,1
DA:216,0
DA:223,1
DA:224,0
DA:231,1
DA:232,0
DA:239,1
DA:240,0
DA:247,1
DA:248,0
DA:255,1
DA:256,0
DA:263,1
DA:264,0
DA:271,1
DA:272,0
DA:279,1
DA:280,0
DA:287,1
DA:288,0
DA:296,0
DA:304,0
DA:312,0
DA:320,0
DA:328,0
DA:336,0
DA:345,0
DA:353,0
DA:361,0
DA:369,0
DA:377,0
DA:385,0
DA:393,0
DA:401,0
DA:403,1
LF:111
LH:32
BRDA:47,0,0,0
BRDA:47,0,1,0
BRDA:77,1,0,0
BRDA:81,2,0,0
BRDA:81,2,1,0
BRDA:81,3,0,0
BRDA:81,3,1,0
BRDA:82,4,0,0
BRDA:82,4,1,0
BRDA:108,5,0,0
BRDA:108,6,0,0
BRDA:108,6,1,0
BRDA:110,7,0,0
BRDA:112,8,0,0
BRDA:115,9,0,0
BRDA:118,10,0,0
BRDA:120,11,0,0
BRDA:120,12,0,0
BRDA:120,12,1,0
BRDA:120,12,2,0
BRDA:127,13,0,0
BRDA:127,13,1,0
BRDA:131,14,0,0
BRDA:131,14,1,0
BRDA:135,15,0,0
BRDA:135,15,1,0
BRDA:139,16,0,0
BRDA:139,16,1,0
BRDA:144,17,0,0
BRDA:144,17,1,0
BRDA:145,18,0,0
BRDA:145,18,1,0
BRDA:161,19,0,0
BRDA:161,19,1,0
BRDA:165,20,0,0
BRDA:165,20,1,0
BRDA:165,21,0,0
BRDA:165,21,1,0
BRDA:167,22,0,0
BRDA:168,23,0,0
BRDA:168,23,1,0
BRF:41
BRH:0
end_of_record
TN:
SF:src/bounded_contexts/operations/domain/cupons/CuponType/CouponTypeFactory.ts
FN:6,(anonymous_0)
FN:7,(anonymous_2)
FNF:2
FNH:1
FNDA:1,(anonymous_0)
FNDA:0,(anonymous_2)
DA:1,1
DA:2,1
DA:4,1
DA:6,1
DA:7,1
DA:8,0
DA:10,0
DA:13,0
DA:16,0
DA:18,0
DA:21,1
LF:11
LH:6
BRDA:8,0,0,0
BRDA:8,0,1,0
BRDA:8,0,2,0
BRDA:8,0,3,0
BRF:4
BRH:0
end_of_record
TN:
SF:src/bounded_contexts/operations/domain/cupons/CuponType/FixedPrice.ts
FN:3,(anonymous_0)
FN:7,FixedPrice
FN:13,(anonymous_2)
FNF:3
FNH:1
FNDA:1,(anonymous_0)
FNDA:0,FixedPrice
FNDA:0,(anonymous_2)
DA:3,1
DA:8,0
DA:9,0
DA:10,0
DA:13,1
DA:14,0
DA:16,1
LF:7
LH:3
BRDA:8,0,0,0
BRF:1
BRH:0
end_of_record
TN:
SF:src/bounded_contexts/operations/domain/cupons/CuponType/FreeShipping.ts
FN:3,(anonymous_0)
FN:7,FreeShipping
FN:12,(anonymous_2)
FNF:3
FNH:1
FNDA:1,(anonymous_0)
FNDA:0,FreeShipping
FNDA:0,(anonymous_2)
DA:3,1
DA:8,0
DA:9,0
DA:12,1
DA:13,0
DA:15,1
LF:6
LH:3
BRF:0
BRH:0
end_of_record
TN:
SF:src/bounded_contexts/operations/domain/cupons/CuponType/PercentagePrice.ts
FN:3,(anonymous_0)
FN:7,PercentPrice
FN:13,(anonymous_2)
FNF:3
FNH:1
FNDA:1,(anonymous_0)
FNDA:0,PercentPrice
FNDA:0,(anonymous_2)
DA:3,1
DA:8,0
DA:9,0
DA:10,0
DA:13,1
DA:14,0
DA:16,1
LF:7
LH:3
BRDA:8,0,0,0
BRDA:8,1,0,0
BRDA:8,1,1,0
BRF:3
BRH:0
end_of_record
TN:
SF:src/bounded_contexts/operations/domain/cupons/LimitAplication/FirstOrder.ts
FN:5,(anonymous_0)
FN:9,FirstOrder
FN:14,(anonymous_2)
FNF:3
FNH:1
FNDA:1,(anonymous_0)
FNDA:0,FirstOrder
FNDA:0,(anonymous_2)
DA:5,1
DA:10,0
DA:11,0
DA:14,1
DA:15,0
DA:16,0
DA:18,1
LF:7
LH:3
BRDA:15,0,0,0
BRF:1
BRH:0
end_of_record
TN:
SF:src/bounded_contexts/operations/domain/cupons/LimitAplication/LimitApplicationFactory.ts
FN:6,(anonymous_0)
FN:7,(anonymous_2)
FNF:2
FNH:1
FNDA:1,(anonymous_0)
FNDA:0,(anonymous_2)
DA:1,1
DA:3,1
DA:4,1
DA:6,1
DA:7,1
DA:8,0
DA:10,0
DA:13,0
DA:16,0
DA:19,0
DA:24,1
LF:11
LH:6
BRDA:8,0,0,0
BRDA:8,0,1,0
BRDA:8,0,2,0
BRDA:8,0,3,0
BRF:4
BRH:0
end_of_record
TN:
SF:src/bounded_contexts/operations/domain/cupons/LimitAplication/LimitQty.ts
FN:5,(anonymous_0)
FN:9,LimitQty
FN:14,(anonymous_2)
FN:15,(anonymous_3)
FNF:4
FNH:1
FNDA:1,(anonymous_0)
FNDA:0,LimitQty
FNDA:0,(anonymous_2)
FNDA:0,(anonymous_3)
DA:5,1
DA:10,0
DA:11,0
DA:14,1
DA:15,0
DA:16,0
DA:18,0
DA:20,1
LF:8
LH:3
BRDA:15,0,0,0
BRDA:15,0,1,0
BRDA:15,1,0,0
BRDA:15,1,1,0
BRDA:16,2,0,0
BRDA:18,3,0,0
BRDA:18,3,1,0
BRDA:18,4,0,0
BRDA:18,4,1,0
BRF:9
BRH:0
end_of_record
TN:
SF:src/bounded_contexts/operations/domain/cupons/LimitAplication/OnePerCustomer.ts
FN:5,(anonymous_0)
FN:9,OnePerCustomer
FN:14,(anonymous_2)
FN:15,(anonymous_3)
FNF:4
FNH:1
FNDA:1,(anonymous_0)
FNDA:0,OnePerCustomer
FNDA:0,(anonymous_2)
FNDA:0,(anonymous_3)
DA:5,1
DA:10,0
DA:11,0
DA:14,1
DA:15,0
DA:16,0
DA:18,0
DA:20,1
LF:8
LH:3
BRDA:15,0,0,0
BRDA:15,1,0,0
BRDA:15,1,1,0
BRF:3
BRH:0
end_of_record
TN:
SF:src/bounded_contexts/operations/domain/customer/Customer.ts
FN:15,(anonymous_7)
FN:32,Customer
FN:68,(anonymous_9)
FN:106,(anonymous_10)
FN:110,(anonymous_11)
FN:114,(anonymous_12)
FN:120,(anonymous_13)
FN:122,(anonymous_14)
FN:125,(anonymous_15)
FN:126,(anonymous_16)
FN:129,(anonymous_17)
FN:139,(anonymous_18)
FN:140,(anonymous_19)
FN:143,(anonymous_20)
FN:147,(anonymous_21)
FN:148,(anonymous_22)
FN:151,(anonymous_23)
FN:155,(anonymous_24)
FN:161,(anonymous_25)
FN:167,(anonymous_26)
FN:168,(anonymous_27)
FN:173,(anonymous_28)
FN:179,(anonymous_29)
FN:202,(anonymous_30)
FN:218,(anonymous_31)
FN:238,(anonymous_32)
FN:242,(anonymous_33)
FN:266,(anonymous_34)
FN:293,(anonymous_35)
FN:313,(anonymous_36)
FN:323,(anonymous_37)
FN:340,(anonymous_38)
FN:342,(anonymous_39)
FN:354,(anonymous_40)
FN:367,(anonymous_41)
FN:372,(anonymous_42)
FN:382,(anonymous_43)
FN:486,(anonymous_44)
FN:390,(anonymous_45)
FN:494,(anonymous_46)
FN:398,(anonymous_47)
FN:502,(anonymous_48)
FN:406,(anonymous_49)
FN:510,(anonymous_50)
FN:414,(anonymous_51)
FN:518,(anonymous_52)
FN:422,(anonymous_53)
FN:526,(anonymous_54)
FN:430,(anonymous_55)
FN:534,(anonymous_56)
FN:438,(anonymous_57)
FN:542,(anonymous_58)
FN:446,(anonymous_59)
FN:550,(anonymous_60)
FN:454,(anonymous_61)
FN:558,(anonymous_62)
FN:462,(anonymous_63)
FN:566,(anonymous_64)
FN:470,(anonymous_65)
FN:574,(anonymous_66)
FN:478,(anonymous_67)
FN:582,(anonymous_68)
FN:590,(anonymous_69)
FN:606,(anonymous_70)
FN:598,(anonymous_71)
FN:614,(anonymous_72)
FNF:66
FNH:3
FNDA:1,(anonymous_7)
FNDA:1,Customer
FNDA:1,(anonymous_9)
FNDA:0,(anonymous_10)
FNDA:0,(anonymous_11)
FNDA:0,(anonymous_12)
FNDA:0,(anonymous_13)
FNDA:0,(anonymous_14)
FNDA:0,(anonymous_15)
FNDA:0,(anonymous_16)
FNDA:0,(anonymous_17)
FNDA:0,(anonymous_18)
FNDA:0,(anonymous_19)
FNDA:0,(anonymous_20)
FNDA:0,(anonymous_21)
FNDA:0,(anonymous_22)
FNDA:0,(anonymous_23)
FNDA:0,(anonymous_24)
FNDA:0,(anonymous_25)
FNDA:0,(anonymous_26)
FNDA:0,(anonymous_27)
FNDA:0,(anonymous_28)
FNDA:0,(anonymous_29)
FNDA:0,(anonymous_30)
FNDA:0,(anonymous_31)
FNDA:0,(anonymous_32)
FNDA:0,(anonymous_33)
FNDA:0,(anonymous_34)
FNDA:0,(anonymous_35)
FNDA:0,(anonymous_36)
FNDA:0,(anonymous_37)
FNDA:0,(anonymous_38)
FNDA:0,(anonymous_39)
FNDA:0,(anonymous_40)
FNDA:0,(anonymous_41)
FNDA:0,(anonymous_42)
FNDA:0,(anonymous_43)
FNDA:0,(anonymous_44)
FNDA:0,(anonymous_45)
FNDA:0,(anonymous_46)
FNDA:0,(anonymous_47)
FNDA:0,(anonymous_48)
FNDA:0,(anonymous_49)
FNDA:0,(anonymous_50)
FNDA:0,(anonymous_51)
FNDA:0,(anonymous_52)
FNDA:0,(anonymous_53)
FNDA:0,(anonymous_54)
FNDA:0,(anonymous_55)
FNDA:0,(anonymous_56)
FNDA:0,(anonymous_57)
FNDA:0,(anonymous_58)
FNDA:0,(anonymous_59)
FNDA:0,(anonymous_60)
FNDA:0,(anonymous_61)
FNDA:0,(anonymous_62)
FNDA:0,(anonymous_63)
FNDA:0,(anonymous_64)
FNDA:0,(anonymous_65)
FNDA:0,(anonymous_66)
FNDA:0,(anonymous_67)
FNDA:0,(anonymous_68)
FNDA:0,(anonymous_69)
FNDA:0,(anonymous_70)
FNDA:0,(anonymous_71)
FNDA:0,(anonymous_72)
DA:2,1
DA:5,1
DA:6,1
DA:7,1
DA:8,1
DA:9,1
DA:10,1
DA:15,1
DA:50,1
DA:51,1
DA:52,1
DA:53,1
DA:54,1
DA:55,1
DA:56,1
DA:57,1
DA:58,1
DA:59,1
DA:60,1
DA:61,1
DA:62,1
DA:63,1
DA:64,1
DA:65,1
DA:68,1
DA:86,1
DA:106,1
DA:107,0
DA:110,1
DA:111,0
DA:114,1
DA:115,0
DA:117,0
DA:120,1
DA:121,0
DA:122,0
DA:123,0
DA:125,1
DA:126,0
DA:129,1
DA:130,0
DA:131,0
DA:132,0
DA:134,0
DA:139,1
DA:140,0
DA:143,1
DA:144,0
DA:147,1
DA:148,0
DA:151,1
DA:152,0
DA:155,1
DA:156,0
DA:158,0
DA:161,1
DA:162,0
DA:164,0
DA:167,1
DA:168,0
DA:170,0
DA:173,1
DA:174,0
DA:176,0
DA:179,1
DA:188,0
DA:202,1
DA:210,0
DA:211,0
DA:212,0
DA:214,0
DA:218,1
DA:230,0
DA:231,0
DA:232,0
DA:234,0
DA:238,1
DA:239,0
DA:242,1
DA:253,0
DA:266,1
DA:279,0
DA:293,1
DA:305,0
DA:306,0
DA:307,0
DA:309,0
DA:313,1
DA:323,0
DA:325,0
DA:326,0
DA:327,0
DA:328,0
DA:329,0
DA:331,0
DA:337,0
DA:338,0
DA:339,0
DA:340,0
DA:342,0
DA:345,0
DA:346,0
DA:354,1
DA:358,0
DA:360,0
DA:361,0
DA:362,0
DA:363,0
DA:366,0
DA:367,0
DA:369,0
DA:371,0
DA:372,0
DA:375,0
DA:382,1
DA:383,0
DA:390,1
DA:391,0
DA:398,1
DA:399,0
DA:406,1
DA:407,0
DA:414,1
DA:415,0
DA:422,1
DA:423,0
DA:430,1
DA:431,0
DA:438,1
DA:439,0
DA:446,1
DA:447,0
DA:454,1
DA:455,0
DA:462,1
DA:463,0
DA:470,1
DA:471,0
DA:478,1
DA:479,0
DA:487,0
DA:495,0
DA:503,0
DA:511,0
DA:519,0
DA:527,0
DA:535,0
DA:543,0
DA:551,0
DA:559,0
DA:567,0
DA:575,0
DA:583,0
DA:590,1
DA:591,0
DA:598,1
DA:599,0
DA:607,0
DA:615,0
DA:617,1
LF:160
LH:65
BRDA:50,0,0,1
BRDA:50,0,1,1
BRDA:115,1,0,0
BRDA:115,2,0,0
BRDA:115,2,1,0
BRDA:131,3,0,0
BRDA:131,3,1,0
BRDA:152,4,0,0
BRDA:152,4,1,0
BRDA:152,5,0,0
BRDA:152,5,1,0
BRDA:152,6,0,0
BRDA:152,6,1,0
BRDA:152,7,0,0
BRDA:152,7,1,0
BRDA:152,8,0,0
BRDA:152,8,1,0
BRDA:170,9,0,0
BRDA:170,9,1,0
BRDA:170,10,0,0
BRDA:170,10,1,0
BRDA:170,11,0,0
BRDA:170,11,1,0
BRDA:174,12,0,0
BRDA:189,13,0,0
BRDA:189,13,1,0
BRDA:189,14,0,0
BRDA:189,14,1,0
BRDA:190,15,0,0
BRDA:190,15,1,0
BRDA:190,16,0,0
BRDA:190,16,1,0
BRDA:192,17,0,0
BRDA:192,17,1,0
BRDA:192,18,0,0
BRDA:192,18,1,0
BRDA:192,19,0,0
BRDA:192,19,1,0
BRDA:192,20,0,0
BRDA:192,20,1,0
BRDA:192,21,0,0
BRDA:192,21,1,0
BRDA:192,22,0,0
BRDA:192,22,1,0
BRDA:194,23,0,0
BRDA:194,23,1,0
BRDA:194,24,0,0
BRDA:194,24,1,0
BRDA:194,25,0,0
BRDA:194,25,1,0
BRDA:194,26,0,0
BRDA:194,26,1,0
BRDA:194,27,0,0
BRDA:194,27,1,0
BRDA:194,28,0,0
BRDA:194,28,1,0
BRDA:195,29,0,0
BRDA:195,29,1,0
BRDA:195,30,0,0
BRDA:195,30,1,0
BRDA:196,31,0,0
BRDA:196,31,1,0
BRDA:196,32,0,0
BRDA:196,32,1,0
BRDA:197,33,0,0
BRDA:197,33,1,0
BRDA:197,34,0,0
BRDA:197,34,1,0
BRDA:198,35,0,0
BRDA:198,35,1,0
BRDA:198,36,0,0
BRDA:198,36,1,0
BRDA:210,37,0,0
BRDA:210,37,1,0
BRDA:214,38,0,0
BRDA:214,38,1,0
BRDA:214,39,0,0
BRDA:214,39,1,0
BRDA:230,40,0,0
BRDA:230,40,1,0
BRDA:234,41,0,0
BRDA:234,41,1,0
BRDA:234,42,0,0
BRDA:234,42,1,0
BRDA:242,43,0,0
BRDA:254,44,0,0
BRDA:254,44,1,0
BRDA:254,45,0,0
BRDA:254,45,1,0
BRDA:255,46,0,0
BRDA:255,46,1,0
BRDA:255,47,0,0
BRDA:255,47,1,0
BRDA:256,48,0,0
BRDA:256,48,1,0
BRDA:256,49,0,0
BRDA:256,49,1,0
BRDA:256,50,0,0
BRDA:256,50,1,0
BRDA:256,51,0,0
BRDA:256,51,1,0
BRDA:256,52,0,0
BRDA:256,52,1,0
BRDA:257,53,0,0
BRDA:257,53,1,0
BRDA:257,54,0,0
BRDA:257,54,1,0
BRDA:258,55,0,0
BRDA:258,55,1,0
BRDA:258,56,0,0
BRDA:258,56,1,0
BRDA:259,57,0,0
BRDA:259,57,1,0
BRDA:259,58,0,0
BRDA:259,58,1,0
BRDA:259,59,0,0
BRDA:259,59,1,0
BRDA:259,60,0,0
BRDA:259,60,1,0
BRDA:260,61,0,0
BRDA:260,61,1,0
BRDA:260,62,0,0
BRDA:260,62,1,0
BRDA:260,63,0,0
BRDA:260,63,1,0
BRDA:260,64,0,0
BRDA:260,64,1,0
BRDA:261,65,0,0
BRDA:261,65,1,0
BRDA:261,66,0,0
BRDA:261,66,1,0
BRDA:261,67,0,0
BRDA:261,67,1,0
BRDA:261,68,0,0
BRDA:261,68,1,0
BRDA:262,69,0,0
BRDA:262,69,1,0
BRDA:262,70,0,0
BRDA:262,70,1,0
BRDA:262,71,0,0
BRDA:262,71,1,0
BRDA:262,72,0,0
BRDA:262,72,1,0
BRDA:280,73,0,0
BRDA:280,73,1,0
BRDA:280,74,0,0
BRDA:280,74,1,0
BRDA:281,75,0,0
BRDA:281,75,1,0
BRDA:281,76,0,0
BRDA:281,76,1,0
BRDA:282,77,0,0
BRDA:282,77,1,0
BRDA:282,78,0,0
BRDA:282,78,1,0
BRDA:283,79,0,0
BRDA:283,79,1,0
BRDA:283,80,0,0
BRDA:283,80,1,0
BRDA:284,81,0,0
BRDA:284,81,1,0
BRDA:284,82,0,0
BRDA:284,82,1,0
BRDA:285,83,0,0
BRDA:285,83,1,0
BRDA:285,84,0,0
BRDA:285,84,1,0
BRDA:286,85,0,0
BRDA:286,85,1,0
BRDA:286,86,0,0
BRDA:286,86,1,0
BRDA:286,87,0,0
BRDA:286,87,1,0
BRDA:286,88,0,0
BRDA:286,88,1,0
BRDA:287,89,0,0
BRDA:287,89,1,0
BRDA:287,90,0,0
BRDA:287,90,1,0
BRDA:287,91,0,0
BRDA:287,91,1,0
BRDA:287,92,0,0
BRDA:287,92,1,0
BRDA:288,93,0,0
BRDA:288,93,1,0
BRDA:288,94,0,0
BRDA:288,94,1,0
BRDA:288,95,0,0
BRDA:288,95,1,0
BRDA:288,96,0,0
BRDA:288,96,1,0
BRDA:289,97,0,0
BRDA:289,97,1,0
BRDA:289,98,0,0
BRDA:289,98,1,0
BRDA:289,99,0,0
BRDA:289,99,1,0
BRDA:289,100,0,0
BRDA:289,100,1,0
BRDA:305,101,0,0
BRDA:305,101,1,0
BRDA:309,102,0,0
BRDA:309,102,1,0
BRDA:309,103,0,0
BRDA:309,103,1,0
BRDA:325,104,0,0
BRDA:325,104,1,0
BRDA:326,105,0,0
BRDA:328,106,0,0
BRDA:328,106,1,0
BRDA:337,107,0,0
BRDA:338,108,0,0
BRDA:361,109,0,0
BRDA:361,109,1,0
BRDA:366,110,0,0
BRDA:367,111,0,0
BRDA:369,112,0,0
BRDA:372,113,0,0
BRDA:372,114,0,0
BRDA:372,114,1,0
BRDA:372,115,0,0
BRDA:372,115,1,0
BRF:222
BRH:2
end_of_record
TN:
SF:src/bounded_contexts/operations/domain/customer/CustomerId.ts
FN:3,(anonymous_6)
FN:4,CustomerId
FNF:2
FNH:2
FNDA:1,(anonymous_6)
FNDA:1,CustomerId
DA:1,1
DA:3,1
DA:5,1
DA:7,1
LF:4
LH:4
BRDA:5,0,0,1
BRDA:5,0,1,0
BRF:2
BRH:1
end_of_record
TN:
SF:src/bounded_contexts/operations/domain/customer/log/Log.ts
FN:4,(anonymous_0)
FN:13,Log
FN:27,(anonymous_2)
FN:83,(anonymous_3)
FN:35,(anonymous_4)
FN:91,(anonymous_5)
FN:43,(anonymous_6)
FN:99,(anonymous_7)
FN:51,(anonymous_8)
FN:107,(anonymous_9)
FN:59,(anonymous_10)
FN:115,(anonymous_11)
FN:67,(anonymous_12)
FN:123,(anonymous_13)
FN:75,(anonymous_14)
FN:131,(anonymous_15)
FNF:16
FNH:1
FNDA:1,(anonymous_0)
FNDA:0,Log
FNDA:0,(anonymous_2)
FNDA:0,(anonymous_3)
FNDA:0,(anonymous_4)
FNDA:0,(anonymous_5)
FNDA:0,(anonymous_6)
FNDA:0,(anonymous_7)
FNDA:0,(anonymous_8)
FNDA:0,(anonymous_9)
FNDA:0,(anonymous_10)
FNDA:0,(anonymous_11)
FNDA:0,(anonymous_12)
FNDA:0,(anonymous_13)
FNDA:0,(anonymous_14)
FNDA:0,(anonymous_15)
DA:4,1
DA:14,0
DA:15,0
DA:16,0
DA:17,0
DA:18,0
DA:19,0
DA:20,0
DA:27,1
DA:28,0
DA:35,1
DA:36,0
DA:43,1
DA:44,0
DA:51,1
DA:52,0
DA:59,1
DA:60,0
DA:67,1
DA:68,0
DA:75,1
DA:76,0
DA:84,0
DA:92,0
DA:100,0
DA:108,0
DA:116,0
DA:124,0
DA:132,0
DA:134,1
LF:30
LH:9
BRF:0
BRH:0
end_of_record
TN:
SF:src/bounded_contexts/operations/domain/customer/log/LogType.ts
FN:1,(anonymous_0)
FNF:1
FNH:1
FNDA:1,(anonymous_0)
DA:1,1
DA:2,1
DA:3,1
DA:4,1
DA:5,1
DA:6,1
DA:7,1
DA:8,1
DA:9,1
DA:10,1
DA:11,1
DA:12,1
DA:13,1
DA:14,1
DA:15,1
DA:16,1
DA:17,1
DA:18,1
LF:18
LH:18
BRDA:1,0,0,1
BRDA:1,0,1,1
BRF:2
BRH:2
end_of_record
TN:
SF:src/bounded_contexts/operations/domain/customer/paymentMethod/PaymentMethod.ts
FN:5,(anonymous_6)
FN:14,PaymentMethod
FN:34,(anonymous_8)
FN:40,(anonymous_9)
FN:46,(anonymous_10)
FN:68,(anonymous_11)
FN:124,(anonymous_12)
FN:76,(anonymous_13)
FN:132,(anonymous_14)
FN:84,(anonymous_15)
FN:140,(anonymous_16)
FN:92,(anonymous_17)
FN:148,(anonymous_18)
FN:100,(anonymous_19)
FN:156,(anonymous_20)
FN:108,(anonymous_21)
FN:164,(anonymous_22)
FN:116,(anonymous_23)
FN:172,(anonymous_24)
FNF:19
FNH:1
FNDA:1,(anonymous_6)
FNDA:0,PaymentMethod
FNDA:0,(anonymous_8)
FNDA:0,(anonymous_9)
FNDA:0,(anonymous_10)
FNDA:0,(anonymous_11)
FNDA:0,(anonymous_12)
FNDA:0,(anonymous_13)
FNDA:0,(anonymous_14)
FNDA:0,(anonymous_15)
FNDA:0,(anonymous_16)
FNDA:0,(anonymous_17)
FNDA:0,(anonymous_18)
FNDA:0,(anonymous_19)
FNDA:0,(anonymous_20)
FNDA:0,(anonymous_21)
FNDA:0,(anonymous_22)
FNDA:0,(anonymous_23)
FNDA:0,(anonymous_24)
DA:1,1
DA:5,1
DA:24,0
DA:25,0
DA:26,0
DA:27,0
DA:28,0
DA:29,0
DA:30,0
DA:31,0
DA:34,1
DA:35,0
DA:37,0
DA:40,1
DA:41,0
DA:43,0
DA:46,1
DA:55,0
DA:56,0
DA:57,0
DA:58,0
DA:59,0
DA:60,0
DA:61,0
DA:68,1
DA:69,0
DA:76,1
DA:77,0
DA:84,1
DA:85,0
DA:92,1
DA:93,0
DA:100,1
DA:101,0
DA:108,1
DA:109,0
DA:116,1
DA:117,0
DA:125,0
DA:133,0
DA:141,0
DA:149,0
DA:157,0
DA:165,0
DA:173,0
DA:175,1
LF:46
LH:13
BRDA:24,0,0,0
BRDA:24,0,1,0
BRF:2
BRH:0
end_of_record
TN:
SF:src/bounded_contexts/operations/domain/customer/paymentMethod/PaymentMethodId.ts
FN:3,(anonymous_6)
FN:4,PaymentMethodId
FNF:2
FNH:1
FNDA:1,(anonymous_6)
FNDA:0,PaymentMethodId
DA:1,1
DA:3,1
DA:5,0
DA:7,1
LF:4
LH:3
BRDA:5,0,0,0
BRDA:5,0,1,0
BRF:2
BRH:0
end_of_record
TN:
SF:src/bounded_contexts/operations/domain/customer/personalInfo/PersonalInfo.ts
FN:4,(anonymous_6)
FN:12,PersonalInfo
FN:30,(anonymous_8)
FN:43,(anonymous_9)
FN:91,(anonymous_10)
FN:51,(anonymous_11)
FN:99,(anonymous_12)
FN:59,(anonymous_13)
FN:107,(anonymous_14)
FN:67,(anonymous_15)
FN:115,(anonymous_16)
FN:75,(anonymous_17)
FN:123,(anonymous_18)
FN:83,(anonymous_19)
FN:131,(anonymous_20)
FNF:15
FNH:1
FNDA:1,(anonymous_6)
FNDA:0,PersonalInfo
FNDA:0,(anonymous_8)
FNDA:0,(anonymous_9)
FNDA:0,(anonymous_10)
FNDA:0,(anonymous_11)
FNDA:0,(anonymous_12)
FNDA:0,(anonymous_13)
FNDA:0,(anonymous_14)
FNDA:0,(anonymous_15)
FNDA:0,(anonymous_16)
FNDA:0,(anonymous_17)
FNDA:0,(anonymous_18)
FNDA:0,(anonymous_19)
FNDA:0,(anonymous_20)
DA:1,1
DA:4,1
DA:21,0
DA:22,0
DA:23,0
DA:24,0
DA:25,0
DA:26,0
DA:27,0
DA:30,1
DA:31,0
DA:32,0
DA:33,0
DA:34,0
DA:35,0
DA:36,0
DA:43,1
DA:44,0
DA:51,1
DA:52,0
DA:59,1
DA:60,0
DA:67,1
DA:68,0
DA:75,1
DA:76,0
DA:83,1
DA:84,0
DA:92,0
DA:100,0
DA:108,0
DA:116,0
DA:124,0
DA:132,0
DA:134,1
LF:35
LH:10
BRDA:21,0,0,0
BRDA:21,0,1,0
BRDA:34,1,0,0
BRDA:35,2,0,0
BRF:4
BRH:0
end_of_record
TN:
SF:src/bounded_contexts/operations/domain/customer/personalInfo/PersonalInfoId.ts
FN:3,(anonymous_6)
FN:4,PersonalInfoId
FNF:2
FNH:1
FNDA:1,(anonymous_6)
FNDA:0,PersonalInfoId
DA:1,1
DA:3,1
DA:5,0
DA:7,1
LF:4
LH:3
BRDA:5,0,0,0
BRDA:5,0,1,0
BRF:2
BRH:0
end_of_record
TN:
SF:src/bounded_contexts/operations/domain/customer/preferredDeliveryTime/from15to18.ts
FN:4,(anonymous_0)
FN:5,(anonymous_2)
FN:18,(anonymous_3)
FNF:3
FNH:1
FNDA:1,(anonymous_0)
FNDA:0,(anonymous_2)
FNDA:0,(anonymous_3)
DA:1,1
DA:4,1
DA:5,1
DA:6,0
DA:8,0
DA:10,0
DA:12,0
DA:14,0
DA:18,1
DA:19,0
DA:21,1
LF:11
LH:5
BRDA:6,0,0,0
BRDA:6,0,1,0
BRDA:6,0,2,0
BRDA:6,0,3,0
BRF:4
BRH:0
end_of_record
TN:
SF:src/bounded_contexts/operations/domain/customer/preferredDeliveryTime/from17to20.ts
FN:4,(anonymous_0)
FN:5,(anonymous_2)
FN:18,(anonymous_3)
FNF:3
FNH:1
FNDA:1,(anonymous_0)
FNDA:0,(anonymous_2)
FNDA:0,(anonymous_3)
DA:1,1
DA:4,1
DA:5,1
DA:6,0
DA:8,0
DA:10,0
DA:12,0
DA:14,0
DA:18,1
DA:19,0
DA:21,1
LF:11
LH:5
BRDA:6,0,0,0
BRDA:6,0,1,0
BRDA:6,0,2,0
BRDA:6,0,3,0
BRF:4
BRH:0
end_of_record
TN:
SF:src/bounded_contexts/operations/domain/customer/preferredDeliveryTime/from19to22.ts
FN:4,(anonymous_0)
FN:5,(anonymous_2)
FN:18,(anonymous_3)
FNF:3
FNH:1
FNDA:1,(anonymous_0)
FNDA:0,(anonymous_2)
FNDA:0,(anonymous_3)
DA:1,1
DA:4,1
DA:5,1
DA:6,0
DA:8,0
DA:10,0
DA:12,0
DA:14,0
DA:18,1
DA:19,0
DA:21,1
LF:11
LH:5
BRDA:6,0,0,0
BRDA:6,0,1,0
BRDA:6,0,2,0
BRDA:6,0,3,0
BRF:4
BRH:0
end_of_record
TN:
SF:src/bounded_contexts/operations/domain/customer/preferredDeliveryTime/preferredDeliveryTimeFactory.ts
FN:6,(anonymous_0)
FN:7,(anonymous_2)
FNF:2
FNH:1
FNDA:1,(anonymous_0)
FNDA:0,(anonymous_2)
DA:1,1
DA:2,1
DA:3,1
DA:6,1
DA:7,1
DA:8,0
DA:10,0
DA:12,0
DA:14,0
DA:16,0
DA:19,1
LF:11
LH:6
BRDA:8,0,0,0
BRDA:8,0,1,0
BRDA:8,0,2,0
BRDA:8,0,3,0
BRF:4
BRH:0
end_of_record
TN:
SF:src/bounded_contexts/operations/domain/ingredient/ingredient.ts
FN:4,(anonymous_0)
FN:8,Ingredient
FN:13,(anonymous_2)
FN:21,(anonymous_3)
FN:37,(anonymous_4)
FN:29,(anonymous_5)
FNF:6
FNH:1
FNDA:1,(anonymous_0)
FNDA:0,Ingredient
FNDA:0,(anonymous_2)
FNDA:0,(anonymous_3)
FNDA:0,(anonymous_4)
FNDA:0,(anonymous_5)
DA:2,1
DA:4,1
DA:9,0
DA:10,0
DA:13,1
DA:14,0
DA:21,1
DA:22,0
DA:29,1
DA:30,0
DA:38,0
DA:40,1
LF:12
LH:6
BRDA:10,0,0,0
BRDA:10,0,1,0
BRF:2
BRH:0
end_of_record
TN:
SF:src/bounded_contexts/operations/domain/ingredient/ingredientId.ts
FN:3,(anonymous_6)
FN:4,IngredientId
FNF:2
FNH:1
FNDA:1,(anonymous_6)
FNDA:0,IngredientId
DA:1,1
DA:3,1
DA:5,0
DA:7,1
LF:4
LH:3
BRDA:5,0,0,0
BRDA:5,0,1,0
BRF:2
BRH:0
end_of_record
TN:
SF:src/bounded_contexts/operations/domain/locale/Locale.ts
FN:1,(anonymous_0)
FNF:1
FNH:1
FNDA:1,(anonymous_0)
DA:1,1
DA:2,1
DA:3,1
DA:4,1
LF:4
LH:4
BRDA:1,0,0,1
BRDA:1,0,1,1
BRF:2
BRH:2
end_of_record
TN:
SF:src/bounded_contexts/operations/domain/order/Order.ts
FN:21,(anonymous_6)
FN:45,Order
FN:95,(anonymous_8)
FN:97,(anonymous_9)
FN:99,(anonymous_10)
FN:108,(anonymous_11)
FN:124,(anonymous_12)
FN:136,(anonymous_13)
FN:140,(anonymous_14)
FN:144,(anonymous_15)
FN:148,(anonymous_16)
FN:151,(anonymous_17)
FN:155,(anonymous_18)
FN:159,(anonymous_19)
FN:172,(anonymous_20)
FN:184,(anonymous_21)
FN:190,(anonymous_22)
FN:194,(anonymous_23)
FN:199,(anonymous_24)
FN:203,(anonymous_25)
FN:214,(anonymous_26)
FN:232,(anonymous_27)
FN:236,(anonymous_28)
FN:247,(anonymous_29)
FN:250,(anonymous_30)
FN:254,(anonymous_31)
FN:258,(anonymous_32)
FN:262,(anonymous_33)
FN:266,(anonymous_34)
FN:275,(anonymous_35)
FN:287,(anonymous_36)
FN:300,(anonymous_37)
FN:305,(anonymous_38)
FN:309,(anonymous_39)
FN:314,(anonymous_40)
FN:327,(anonymous_41)
FN:340,(anonymous_42)
FN:353,(anonymous_43)
FN:360,(anonymous_44)
FN:368,(anonymous_45)
FN:390,(anonymous_46)
FN:399,(anonymous_47)
FN:409,(anonymous_48)
FN:604,(anonymous_49)
FN:417,(anonymous_50)
FN:612,(anonymous_51)
FN:425,(anonymous_52)
FN:620,(anonymous_53)
FN:433,(anonymous_54)
FN:628,(anonymous_55)
FN:441,(anonymous_56)
FN:636,(anonymous_57)
FN:449,(anonymous_58)
FN:644,(anonymous_59)
FN:457,(anonymous_60)
FN:652,(anonymous_61)
FN:465,(anonymous_62)
FN:660,(anonymous_63)
FN:473,(anonymous_64)
FN:668,(anonymous_65)
FN:481,(anonymous_66)
FN:676,(anonymous_67)
FN:489,(anonymous_68)
FN:684,(anonymous_69)
FN:497,(anonymous_70)
FN:692,(anonymous_71)
FN:505,(anonymous_72)
FN:700,(anonymous_73)
FN:513,(anonymous_74)
FN:708,(anonymous_75)
FN:521,(anonymous_76)
FN:716,(anonymous_77)
FN:529,(anonymous_78)
FN:724,(anonymous_79)
FN:537,(anonymous_80)
FN:732,(anonymous_81)
FN:545,(anonymous_82)
FN:740,(anonymous_83)
FN:553,(anonymous_84)
FN:748,(anonymous_85)
FN:561,(anonymous_86)
FN:756,(anonymous_87)
FN:570,(anonymous_88)
FN:578,(anonymous_89)
FN:587,(anonymous_90)
FN:595,(anonymous_91)
FNF:86
FNH:1
FNDA:1,(anonymous_6)
FNDA:0,Order
FNDA:0,(anonymous_8)
FNDA:0,(anonymous_9)
FNDA:0,(anonymous_10)
FNDA:0,(anonymous_11)
FNDA:0,(anonymous_12)
FNDA:0,(anonymous_13)
FNDA:0,(anonymous_14)
FNDA:0,(anonymous_15)
FNDA:0,(anonymous_16)
FNDA:0,(anonymous_17)
FNDA:0,(anonymous_18)
FNDA:0,(anonymous_19)
FNDA:0,(anonymous_20)
FNDA:0,(anonymous_21)
FNDA:0,(anonymous_22)
FNDA:0,(anonymous_23)
FNDA:0,(anonymous_24)
FNDA:0,(anonymous_25)
FNDA:0,(anonymous_26)
FNDA:0,(anonymous_27)
FNDA:0,(anonymous_28)
FNDA:0,(anonymous_29)
FNDA:0,(anonymous_30)
FNDA:0,(anonymous_31)
FNDA:0,(anonymous_32)
FNDA:0,(anonymous_33)
FNDA:0,(anonymous_34)
FNDA:0,(anonymous_35)
FNDA:0,(anonymous_36)
FNDA:0,(anonymous_37)
FNDA:0,(anonymous_38)
FNDA:0,(anonymous_39)
FNDA:0,(anonymous_40)
FNDA:0,(anonymous_41)
FNDA:0,(anonymous_42)
FNDA:0,(anonymous_43)
FNDA:0,(anonymous_44)
FNDA:0,(anonymous_45)
FNDA:0,(anonymous_46)
FNDA:0,(anonymous_47)
FNDA:0,(anonymous_48)
FNDA:0,(anonymous_49)
FNDA:0,(anonymous_50)
FNDA:0,(anonymous_51)
FNDA:0,(anonymous_52)
FNDA:0,(anonymous_53)
FNDA:0,(anonymous_54)
FNDA:0,(anonymous_55)
FNDA:0,(anonymous_56)
FNDA:0,(anonymous_57)
FNDA:0,(anonymous_58)
FNDA:0,(anonymous_59)
FNDA:0,(anonymous_60)
FNDA:0,(anonymous_61)
FNDA:0,(anonymous_62)
FNDA:0,(anonymous_63)
FNDA:0,(anonymous_64)
FNDA:0,(anonymous_65)
FNDA:0,(anonymous_66)
FNDA:0,(anonymous_67)
FNDA:0,(anonymous_68)
FNDA:0,(anonymous_69)
FNDA:0,(anonymous_70)
FNDA:0,(anonymous_71)
FNDA:0,(anonymous_72)
FNDA:0,(anonymous_73)
FNDA:0,(anonymous_74)
FNDA:0,(anonymous_75)
FNDA:0,(anonymous_76)
FNDA:0,(anonymous_77)
FNDA:0,(anonymous_78)
FNDA:0,(anonymous_79)
FNDA:0,(anonymous_80)
FNDA:0,(anonymous_81)
FNDA:0,(anonymous_82)
FNDA:0,(anonymous_83)
FNDA:0,(anonymous_84)
FNDA:0,(anonymous_85)
FNDA:0,(anonymous_86)
FNDA:0,(anonymous_87)
FNDA:0,(anonymous_88)
FNDA:0,(anonymous_89)
FNDA:0,(anonymous_90)
FNDA:0,(anonymous_91)
DA:1,1
DA:3,1
DA:4,1
DA:19,1
DA:21,1
DA:64,0
DA:65,0
DA:66,0
DA:67,0
DA:68,0
DA:70,0
DA:71,0
DA:72,0
DA:73,0
DA:74,0
DA:75,0
DA:76,0
DA:77,0
DA:78,0
DA:79,0
DA:80,0
DA:81,0
DA:82,0
DA:83,0
DA:84,0
DA:85,0
DA:86,0
DA:87,0
DA:88,0
DA:89,0
DA:90,0
DA:91,0
DA:92,0
DA:95,1
DA:97,0
DA:98,0
DA:99,0
DA:101,0
DA:102,0
DA:107,0
DA:108,0
DA:109,0
DA:116,0
DA:119,0
DA:120,0
DA:124,0
DA:126,0
DA:130,0
DA:131,0
DA:132,0
DA:133,0
DA:136,1
DA:137,0
DA:140,1
DA:141,0
DA:144,1
DA:145,0
DA:148,1
DA:149,0
DA:151,1
DA:152,0
DA:155,1
DA:156,0
DA:159,1
DA:160,0
DA:161,0
DA:163,0
DA:165,0
DA:166,0
DA:167,0
DA:168,0
DA:169,0
DA:172,1
DA:173,0
DA:174,0
DA:176,0
DA:177,0
DA:178,0
DA:179,0
DA:180,0
DA:184,1
DA:185,0
DA:187,0
DA:190,1
DA:191,0
DA:194,1
DA:195,0
DA:196,0
DA:199,1
DA:200,0
DA:203,1
DA:204,0
DA:205,0
DA:206,0
DA:208,0
DA:209,0
DA:210,0
DA:214,1
DA:216,0
DA:217,0
DA:228,0
DA:229,0
DA:232,1
DA:233,0
DA:236,1
DA:237,0
DA:238,0
DA:239,0
DA:240,0
DA:241,0
DA:242,0
DA:244,0
DA:247,1
DA:248,0
DA:250,1
DA:251,0
DA:254,1
DA:255,0
DA:258,1
DA:259,0
DA:262,1
DA:263,0
DA:266,1
DA:267,0
DA:272,0
DA:275,1
DA:276,0
DA:277,0
DA:278,0
DA:280,0
DA:281,0
DA:282,0
DA:287,1
DA:288,0
DA:289,0
DA:290,0
DA:291,0
DA:296,0
DA:297,0
DA:300,1
DA:301,0
DA:305,1
DA:306,0
DA:309,1
DA:310,0
DA:311,0
DA:314,1
DA:315,0
DA:316,0
DA:318,0
DA:327,1
DA:328,0
DA:329,0
DA:331,0
DA:340,1
DA:341,0
DA:342,0
DA:344,0
DA:353,1
DA:354,0
DA:355,0
DA:357,0
DA:360,1
DA:361,0
DA:362,0
DA:363,0
DA:365,0
DA:368,1
DA:369,0
DA:370,0
DA:371,0
DA:373,0
DA:374,0
DA:376,0
DA:377,0
DA:379,0
DA:380,0
DA:382,0
DA:390,1
DA:391,0
DA:392,0
DA:393,0
DA:394,0
DA:396,0
DA:399,1
DA:400,0
DA:401,0
DA:403,0
DA:409,1
DA:410,0
DA:417,1
DA:418,0
DA:425,1
DA:426,0
DA:433,1
DA:434,0
DA:441,1
DA:442,0
DA:449,1
DA:450,0
DA:457,1
DA:458,0
DA:465,1
DA:466,0
DA:473,1
DA:474,0
DA:481,1
DA:482,0
DA:489,1
DA:490,0
DA:497,1
DA:498,0
DA:505,1
DA:506,0
DA:513,1
DA:514,0
DA:521,1
DA:522,0
DA:529,1
DA:530,0
DA:537,1
DA:538,0
DA:545,1
DA:546,0
DA:553,1
DA:554,0
DA:561,1
DA:562,0
DA:570,1
DA:571,0
DA:579,0
DA:587,1
DA:588,0
DA:596,0
DA:605,0
DA:613,0
DA:621,0
DA:629,0
DA:637,0
DA:645,0
DA:653,0
DA:661,0
DA:669,0
DA:677,0
DA:685,0
DA:693,0
DA:701,0
DA:709,0
DA:717,0
DA:725,0
DA:733,0
DA:741,0
DA:749,0
DA:757,0
DA:759,1
LF:255
LH:64
BRDA:64,0,0,0
BRDA:65,1,0,0
BRDA:66,2,0,0
BRDA:67,3,0,0
BRDA:68,4,0,0
BRDA:70,5,0,0
BRDA:70,5,1,0
BRDA:101,6,0,0
BRDA:108,7,0,0
BRDA:119,8,0,0
BRDA:119,9,0,0
BRDA:119,9,1,0
BRDA:119,9,2,0
BRDA:124,10,0,0
BRDA:132,11,0,0
BRDA:160,12,0,0
BRDA:163,13,0,0
BRDA:165,14,0,0
BRDA:173,15,0,0
BRDA:176,16,0,0
BRDA:177,17,0,0
BRDA:178,18,0,0
BRDA:187,19,0,0
BRDA:187,19,1,0
BRDA:187,19,2,0
BRDA:195,20,0,0
BRDA:204,21,0,0
BRDA:205,22,0,0
BRDA:206,23,0,0
BRDA:209,24,0,0
BRDA:216,25,0,0
BRDA:216,26,0,0
BRDA:216,26,1,0
BRDA:228,27,0,0
BRDA:237,28,0,0
BRDA:244,29,0,0
BRDA:280,30,0,0
BRDA:288,31,0,0
BRDA:290,32,0,0
BRDA:311,33,0,0
BRDA:311,33,1,0
BRDA:316,34,0,0
BRDA:320,35,0,0
BRDA:320,35,1,0
BRDA:329,36,0,0
BRDA:333,37,0,0
BRDA:333,37,1,0
BRDA:342,38,0,0
BRDA:346,39,0,0
BRDA:346,39,1,0
BRDA:355,40,0,0
BRDA:357,41,0,0
BRDA:357,41,1,0
BRDA:365,42,0,0
BRDA:365,42,1,0
BRDA:383,43,0,0
BRDA:383,43,1,0
BRDA:383,43,2,0
BRDA:383,43,3,0
BRDA:383,43,4,0
BRDA:396,44,0,0
BRDA:396,44,1,0
BRDA:400,45,0,0
BRF:63
BRH:0
end_of_record
TN:
SF:src/bounded_contexts/operations/domain/order/OrderId.ts
FN:3,(anonymous_6)
FN:4,OrderId
FNF:2
FNH:1
FNDA:1,(anonymous_6)
FNDA:0,OrderId
DA:1,1
DA:3,1
DA:5,0
DA:7,1
LF:4
LH:3
BRDA:5,0,0,0
BRDA:5,0,1,0
BRF:2
BRH:0
end_of_record
TN:
SF:src/bounded_contexts/operations/domain/order/RecipeSelection.ts
FN:5,(anonymous_0)
FN:10,RecipeSelection
FN:16,(anonymous_2)
FN:24,(anonymous_3)
FN:48,(anonymous_4)
FN:32,(anonymous_5)
FN:56,(anonymous_6)
FN:40,(anonymous_7)
FN:64,(anonymous_8)
FNF:9
FNH:1
FNDA:1,(anonymous_0)
FNDA:0,RecipeSelection
FNDA:0,(anonymous_2)
FNDA:0,(anonymous_3)
FNDA:0,(anonymous_4)
FNDA:0,(anonymous_5)
FNDA:0,(anonymous_6)
FNDA:0,(anonymous_7)
FNDA:0,(anonymous_8)
DA:5,1
DA:11,0
DA:12,0
DA:13,0
DA:16,1
DA:17,0
DA:24,1
DA:25,0
DA:32,1
DA:33,0
DA:40,1
DA:41,0
DA:49,0
DA:57,0
DA:65,0
DA:67,1
LF:16
LH:6
BRDA:17,0,0,0
BRDA:17,0,1,0
BRF:2
BRH:0
end_of_record
TN:
SF:src/bounded_contexts/operations/domain/order/orderState/OrderActive.ts
FN:9,(anonymous_0)
FN:14,OrderActive
FN:20,(anonymous_2)
FN:24,(anonymous_3)
FN:28,(anonymous_4)
FN:32,(anonymous_5)
FN:35,(anonymous_6)
FN:39,(anonymous_7)
FN:43,(anonymous_8)
FN:47,(anonymous_9)
FN:51,(anonymous_10)
FN:55,(anonymous_11)
FN:59,(anonymous_12)
FN:63,(anonymous_13)
FNF:14
FNH:1
FNDA:1,(anonymous_0)
FNDA:0,OrderActive
FNDA:0,(anonymous_2)
FNDA:0,(anonymous_3)
FNDA:0,(anonymous_4)
FNDA:0,(anonymous_5)
FNDA:0,(anonymous_6)
FNDA:0,(anonymous_7)
FNDA:0,(anonymous_8)
FNDA:0,(anonymous_9)
FNDA:0,(anonymous_10)
FNDA:0,(anonymous_11)
FNDA:0,(anonymous_12)
FNDA:0,(anonymous_13)
DA:3,1
DA:4,1
DA:5,1
DA:6,1
DA:7,1
DA:9,1
DA:15,0
DA:16,0
DA:17,0
DA:20,1
DA:21,0
DA:24,1
DA:25,0
DA:28,1
DA:29,0
DA:32,1
DA:33,0
DA:35,1
DA:36,0
DA:39,1
DA:40,0
DA:43,1
DA:44,0
DA:47,1
DA:48,0
DA:51,1
DA:52,0
DA:55,1
DA:56,0
DA:59,1
DA:60,0
DA:63,1
DA:64,0
DA:66,1
LF:34
LH:19
BRF:0
BRH:0
end_of_record
TN:
SF:src/bounded_contexts/operations/domain/order/orderState/OrderBilled.ts
FN:8,(anonymous_0)
FN:13,OrderBilled
FN:19,(anonymous_2)
FN:23,(anonymous_3)
FN:27,(anonymous_4)
FN:31,(anonymous_5)
FN:35,(anonymous_6)
FN:39,(anonymous_7)
FN:43,(anonymous_8)
FN:47,(anonymous_9)
FN:51,(anonymous_10)
FN:55,(anonymous_11)
FN:59,(anonymous_12)
FN:63,(anonymous_13)
FNF:14
FNH:1
FNDA:1,(anonymous_0)
FNDA:0,OrderBilled
FNDA:0,(anonymous_2)
FNDA:0,(anonymous_3)
FNDA:0,(anonymous_4)
FNDA:0,(anonymous_5)
FNDA:0,(anonymous_6)
FNDA:0,(anonymous_7)
FNDA:0,(anonymous_8)
FNDA:0,(anonymous_9)
FNDA:0,(anonymous_10)
FNDA:0,(anonymous_11)
FNDA:0,(anonymous_12)
FNDA:0,(anonymous_13)
DA:3,1
DA:4,1
DA:5,1
DA:6,1
DA:8,1
DA:14,0
DA:15,0
DA:16,0
DA:19,1
DA:20,0
DA:23,1
DA:24,0
DA:27,1
DA:28,0
DA:31,1
DA:32,0
DA:35,1
DA:36,0
DA:39,1
DA:40,0
DA:43,1
DA:44,0
DA:47,1
DA:48,0
DA:51,1
DA:52,0
DA:55,1
DA:56,0
DA:59,1
DA:60,0
DA:63,1
DA:64,0
DA:66,1
LF:33
LH:18
BRF:0
BRH:0
end_of_record
TN:
SF:src/bounded_contexts/operations/domain/order/orderState/OrderCancelled.ts
FN:8,(anonymous_0)
FN:13,OrderCancelled
FN:19,(anonymous_2)
FN:23,(anonymous_3)
FN:27,(anonymous_4)
FN:31,(anonymous_5)
FN:35,(anonymous_6)
FN:39,(anonymous_7)
FN:43,(anonymous_8)
FN:47,(anonymous_9)
FN:51,(anonymous_10)
FN:55,(anonymous_11)
FN:59,(anonymous_12)
FN:62,(anonymous_13)
FNF:14
FNH:1
FNDA:1,(anonymous_0)
FNDA:0,OrderCancelled
FNDA:0,(anonymous_2)
FNDA:0,(anonymous_3)
FNDA:0,(anonymous_4)
FNDA:0,(anonymous_5)
FNDA:0,(anonymous_6)
FNDA:0,(anonymous_7)
FNDA:0,(anonymous_8)
FNDA:0,(anonymous_9)
FNDA:0,(anonymous_10)
FNDA:0,(anonymous_11)
FNDA:0,(anonymous_12)
FNDA:0,(anonymous_13)
DA:4,1
DA:5,1
DA:6,1
DA:8,1
DA:14,0
DA:15,0
DA:16,0
DA:19,1
DA:20,0
DA:23,1
DA:24,0
DA:27,1
DA:28,0
DA:31,1
DA:32,0
DA:35,1
DA:36,0
DA:39,1
DA:40,0
DA:43,1
DA:44,0
DA:47,1
DA:48,0
DA:51,1
DA:52,0
DA:55,1
DA:56,0
DA:59,1
DA:60,0
DA:62,1
DA:63,0
DA:65,1
LF:32
LH:17
BRF:0
BRH:0
end_of_record
TN:
SF:src/bounded_contexts/operations/domain/order/orderState/OrderPendingPayment.ts
FN:9,(anonymous_0)
FN:14,OrderPendingPayment
FN:20,(anonymous_2)
FN:24,(anonymous_3)
FN:28,(anonymous_4)
FN:32,(anonymous_5)
FN:36,(anonymous_6)
FN:40,(anonymous_7)
FN:44,(anonymous_8)
FN:48,(anonymous_9)
FN:52,(anonymous_10)
FN:56,(anonymous_11)
FN:60,(anonymous_12)
FN:64,(anonymous_13)
FNF:14
FNH:1
FNDA:1,(anonymous_0)
FNDA:0,OrderPendingPayment
FNDA:0,(anonymous_2)
FNDA:0,(anonymous_3)
FNDA:0,(anonymous_4)
FNDA:0,(anonymous_5)
FNDA:0,(anonymous_6)
FNDA:0,(anonymous_7)
FNDA:0,(anonymous_8)
FNDA:0,(anonymous_9)
FNDA:0,(anonymous_10)
FNDA:0,(anonymous_11)
FNDA:0,(anonymous_12)
FNDA:0,(anonymous_13)
DA:3,1
DA:4,1
DA:5,1
DA:6,1
DA:7,1
DA:9,1
DA:15,0
DA:16,0
DA:17,0
DA:20,1
DA:21,0
DA:24,1
DA:25,0
DA:28,1
DA:29,0
DA:32,1
DA:33,0
DA:36,1
DA:37,0
DA:40,1
DA:41,0
DA:44,1
DA:45,0
DA:48,1
DA:49,0
DA:52,1
DA:53,0
DA:56,1
DA:57,0
DA:60,1
DA:61,0
DA:64,1
DA:65,0
DA:67,1
LF:34
LH:19
BRF:0
BRH:0
end_of_record
TN:
SF:src/bounded_contexts/operations/domain/order/orderState/OrderRejectedPayment.ts
FN:9,(anonymous_0)
FN:14,OrderRejectedPayment
FN:20,(anonymous_2)
FN:24,(anonymous_3)
FN:28,(anonymous_4)
FN:32,(anonymous_5)
FN:36,(anonymous_6)
FN:40,(anonymous_7)
FN:44,(anonymous_8)
FN:48,(anonymous_9)
FN:52,(anonymous_10)
FN:56,(anonymous_11)
FN:60,(anonymous_12)
FN:64,(anonymous_13)
FNF:14
FNH:1
FNDA:1,(anonymous_0)
FNDA:0,OrderRejectedPayment
FNDA:0,(anonymous_2)
FNDA:0,(anonymous_3)
FNDA:0,(anonymous_4)
FNDA:0,(anonymous_5)
FNDA:0,(anonymous_6)
FNDA:0,(anonymous_7)
FNDA:0,(anonymous_8)
FNDA:0,(anonymous_9)
FNDA:0,(anonymous_10)
FNDA:0,(anonymous_11)
FNDA:0,(anonymous_12)
FNDA:0,(anonymous_13)
DA:3,1
DA:4,1
DA:5,1
DA:6,1
DA:7,1
DA:9,1
DA:15,0
DA:16,0
DA:17,0
DA:20,1
DA:21,0
DA:24,1
DA:25,0
DA:28,1
DA:29,0
DA:32,1
DA:33,0
DA:36,1
DA:37,0
DA:40,1
DA:41,0
DA:44,1
DA:45,0
DA:48,1
DA:49,0
DA:52,1
DA:53,0
DA:56,1
DA:57,0
DA:60,1
DA:61,0
DA:64,1
DA:65,0
DA:67,1
LF:34
LH:19
BRF:0
BRH:0
end_of_record
TN:
SF:src/bounded_contexts/operations/domain/order/orderState/OrderSkipped.ts
FN:9,(anonymous_0)
FN:14,OrderSkipped
FN:20,(anonymous_2)
FN:24,(anonymous_3)
FN:28,(anonymous_4)
FN:32,(anonymous_5)
FN:37,(anonymous_6)
FN:41,(anonymous_7)
FN:45,(anonymous_8)
FN:49,(anonymous_9)
FN:53,(anonymous_10)
FN:57,(anonymous_11)
FN:61,(anonymous_12)
FN:65,(anonymous_13)
FNF:14
FNH:1
FNDA:1,(anonymous_0)
FNDA:0,OrderSkipped
FNDA:0,(anonymous_2)
FNDA:0,(anonymous_3)
FNDA:0,(anonymous_4)
FNDA:0,(anonymous_5)
FNDA:0,(anonymous_6)
FNDA:0,(anonymous_7)
FNDA:0,(anonymous_8)
FNDA:0,(anonymous_9)
FNDA:0,(anonymous_10)
FNDA:0,(anonymous_11)
FNDA:0,(anonymous_12)
FNDA:0,(anonymous_13)
DA:3,1
DA:4,1
DA:5,1
DA:6,1
DA:7,1
DA:9,1
DA:15,0
DA:16,0
DA:17,0
DA:20,1
DA:21,0
DA:24,1
DA:25,0
DA:28,1
DA:29,0
DA:32,1
DA:33,0
DA:34,0
DA:37,1
DA:38,0
DA:41,1
DA:42,0
DA:45,1
DA:46,0
DA:49,1
DA:50,0
DA:53,1
DA:54,0
DA:57,1
DA:58,0
DA:61,1
DA:62,0
DA:65,1
DA:66,0
DA:68,1
LF:35
LH:19
BRF:0
BRH:0
end_of_record
TN:
SF:src/bounded_contexts/operations/domain/order/orderState/OrderStateFactory.ts
FN:9,(anonymous_0)
FN:10,(anonymous_2)
FNF:2
FNH:1
FNDA:1,(anonymous_0)
FNDA:0,(anonymous_2)
DA:2,1
DA:3,1
DA:4,1
DA:5,1
DA:6,1
DA:7,1
DA:9,1
DA:10,1
DA:11,0
DA:13,0
DA:15,0
DA:17,0
DA:19,0
DA:21,0
DA:23,0
DA:25,0
DA:28,1
LF:17
LH:9
BRDA:11,0,0,0
BRDA:11,0,1,0
BRDA:11,0,2,0
BRDA:11,0,3,0
BRDA:11,0,4,0
BRDA:11,0,5,0
BRDA:11,0,6,0
BRF:7
BRH:0
end_of_record
TN:
SF:src/bounded_contexts/operations/domain/paymentOrder/PaymentOrder.ts
FN:12,(anonymous_6)
FN:27,PaymentOrder
FN:59,(anonymous_8)
FN:71,(anonymous_9)
FN:78,(anonymous_10)
FN:82,(anonymous_11)
FN:87,(anonymous_12)
FN:106,(anonymous_13)
FN:112,(anonymous_14)
FN:116,(anonymous_15)
FN:120,(anonymous_16)
FN:129,(anonymous_17)
FN:132,(anonymous_18)
FN:136,(anonymous_19)
FN:144,(anonymous_20)
FN:152,(anonymous_21)
FN:160,(anonymous_22)
FN:168,(anonymous_23)
FN:177,(anonymous_24)
FN:182,(anonymous_25)
FN:191,(anonymous_26)
FN:195,(anonymous_27)
FN:199,(anonymous_28)
FN:203,(anonymous_29)
FN:207,(anonymous_30)
FN:211,(anonymous_31)
FN:224,(anonymous_32)
FN:228,(anonymous_33)
FN:232,(anonymous_34)
FN:240,(anonymous_35)
FN:352,(anonymous_36)
FN:248,(anonymous_37)
FN:360,(anonymous_38)
FN:256,(anonymous_39)
FN:368,(anonymous_40)
FN:264,(anonymous_41)
FN:376,(anonymous_42)
FN:272,(anonymous_43)
FN:384,(anonymous_44)
FN:280,(anonymous_45)
FN:392,(anonymous_46)
FN:288,(anonymous_47)
FN:400,(anonymous_48)
FN:296,(anonymous_49)
FN:408,(anonymous_50)
FN:304,(anonymous_51)
FN:416,(anonymous_52)
FN:312,(anonymous_53)
FN:424,(anonymous_54)
FN:320,(anonymous_55)
FN:344,(anonymous_56)
FN:328,(anonymous_57)
FN:432,(anonymous_58)
FN:336,(anonymous_59)
FN:440,(anonymous_60)
FNF:55
FNH:1
FNDA:1,(anonymous_6)
FNDA:0,PaymentOrder
FNDA:0,(anonymous_8)
FNDA:0,(anonymous_9)
FNDA:0,(anonymous_10)
FNDA:0,(anonymous_11)
FNDA:0,(anonymous_12)
FNDA:0,(anonymous_13)
FNDA:0,(anonymous_14)
FNDA:0,(anonymous_15)
FNDA:0,(anonymous_16)
FNDA:0,(anonymous_17)
FNDA:0,(anonymous_18)
FNDA:0,(anonymous_19)
FNDA:0,(anonymous_20)
FNDA:0,(anonymous_21)
FNDA:0,(anonymous_22)
FNDA:0,(anonymous_23)
FNDA:0,(anonymous_24)
FNDA:0,(anonymous_25)
FNDA:0,(anonymous_26)
FNDA:0,(anonymous_27)
FNDA:0,(anonymous_28)
FNDA:0,(anonymous_29)
FNDA:0,(anonymous_30)
FNDA:0,(anonymous_31)
FNDA:0,(anonymous_32)
FNDA:0,(anonymous_33)
FNDA:0,(anonymous_34)
FNDA:0,(anonymous_35)
FNDA:0,(anonymous_36)
FNDA:0,(anonymous_37)
FNDA:0,(anonymous_38)
FNDA:0,(anonymous_39)
FNDA:0,(anonymous_40)
FNDA:0,(anonymous_41)
FNDA:0,(anonymous_42)
FNDA:0,(anonymous_43)
FNDA:0,(anonymous_44)
FNDA:0,(anonymous_45)
FNDA:0,(anonymous_46)
FNDA:0,(anonymous_47)
FNDA:0,(anonymous_48)
FNDA:0,(anonymous_49)
FNDA:0,(anonymous_50)
FNDA:0,(anonymous_51)
FNDA:0,(anonymous_52)
FNDA:0,(anonymous_53)
FNDA:0,(anonymous_54)
FNDA:0,(anonymous_55)
FNDA:0,(anonymous_56)
FNDA:0,(anonymous_57)
FNDA:0,(anonymous_58)
FNDA:0,(anonymous_59)
FNDA:0,(anonymous_60)
DA:1,1
DA:2,1
DA:9,1
DA:12,1
DA:38,0
DA:43,0
DA:44,0
DA:45,0
DA:46,0
DA:47,0
DA:48,0
DA:49,0
DA:50,0
DA:51,0
DA:52,0
DA:53,0
DA:54,0
DA:55,0
DA:56,0
DA:59,1
DA:60,0
DA:62,0
DA:64,0
DA:65,0
DA:67,0
DA:68,0
DA:71,1
DA:72,0
DA:73,0
DA:75,0
DA:78,1
DA:79,0
DA:82,1
DA:83,0
DA:87,1
DA:93,0
DA:94,0
DA:96,0
DA:98,0
DA:99,0
DA:101,0
DA:106,1
DA:107,0
DA:108,0
DA:112,1
DA:113,0
DA:116,1
DA:117,0
DA:120,1
DA:121,0
DA:123,0
DA:124,0
DA:125,0
DA:126,0
DA:129,1
DA:130,0
DA:132,1
DA:133,0
DA:136,1
DA:137,0
DA:138,0
DA:141,0
DA:144,1
DA:145,0
DA:146,0
DA:149,0
DA:152,1
DA:153,0
DA:154,0
DA:157,0
DA:160,1
DA:161,0
DA:162,0
DA:165,0
DA:168,1
DA:169,0
DA:170,0
DA:173,0
DA:177,1
DA:178,0
DA:182,1
DA:183,0
DA:191,1
DA:192,0
DA:195,1
DA:196,0
DA:199,1
DA:200,0
DA:203,1
DA:204,0
DA:207,1
DA:208,0
DA:211,1
DA:212,0
DA:213,0
DA:214,0
DA:215,0
DA:216,0
DA:217,0
DA:218,0
DA:219,0
DA:221,0
DA:224,1
DA:225,0
DA:228,1
DA:229,0
DA:232,1
DA:233,0
DA:240,1
DA:241,0
DA:248,1
DA:249,0
DA:256,1
DA:257,0
DA:264,1
DA:265,0
DA:272,1
DA:273,0
DA:280,1
DA:281,0
DA:288,1
DA:289,0
DA:296,1
DA:297,0
DA:304,1
DA:305,0
DA:312,1
DA:313,0
DA:320,1
DA:321,0
DA:328,1
DA:329,0
DA:336,1
DA:337,0
DA:345,0
DA:353,0
DA:361,0
DA:369,0
DA:377,0
DA:385,0
DA:393,0
DA:401,0
DA:409,0
DA:417,0
DA:425,0
DA:433,0
DA:441,0
DA:443,1
LF:148
LH:45
BRDA:38,0,0,0
BRDA:43,1,0,0
BRDA:43,1,1,0
BRDA:62,2,0,0
BRDA:67,3,0,0
BRDA:68,4,0,0
BRDA:75,5,0,0
BRDA:75,6,0,0
BRDA:75,6,1,0
BRDA:75,6,2,0
BRDA:93,7,0,0
BRDA:93,8,0,0
BRDA:93,8,1,0
BRDA:98,9,0,0
BRDA:123,10,0,0
BRDA:124,11,0,0
BRDA:125,12,0,0
BRDA:126,13,0,0
BRDA:138,14,0,0
BRDA:138,15,0,0
BRDA:138,15,1,0
BRDA:146,16,0,0
BRDA:146,17,0,0
BRDA:146,17,1,0
BRDA:154,18,0,0
BRDA:154,19,0,0
BRDA:154,19,1,0
BRDA:162,20,0,0
BRDA:162,21,0,0
BRDA:162,21,1,0
BRDA:170,22,0,0
BRDA:170,23,0,0
BRDA:170,23,1,0
BRDA:196,24,0,0
BRDA:196,24,1,0
BRDA:212,25,0,0
BRDA:212,26,0,0
BRDA:212,26,1,0
BRDA:214,27,0,0
BRDA:216,28,0,0
BRDA:217,29,0,0
BRDA:217,29,1,0
BRDA:229,30,0,0
BRDA:229,30,1,0
BRF:44
BRH:0
end_of_record
TN:
SF:src/bounded_contexts/operations/domain/paymentOrder/PaymentOrderId.ts
FN:3,(anonymous_6)
FN:4,PaymentOrderId
FNF:2
FNH:1
FNDA:1,(anonymous_6)
FNDA:0,PaymentOrderId
DA:1,1
DA:3,1
DA:5,0
DA:7,1
LF:4
LH:3
BRDA:5,0,0,0
BRDA:5,0,1,0
BRF:2
BRH:0
end_of_record
TN:
SF:src/bounded_contexts/operations/domain/paymentOrder/paymentOrderState/PaymentOrderActive.ts
FN:10,(anonymous_0)
FN:15,PaymentOrderActive
FN:21,(anonymous_2)
FN:24,(anonymous_3)
FN:28,(anonymous_4)
FN:32,(anonymous_5)
FN:36,(anonymous_6)
FN:40,(anonymous_7)
FN:44,(anonymous_8)
FN:48,(anonymous_9)
FN:52,(anonymous_10)
FN:56,(anonymous_11)
FN:60,(anonymous_12)
FN:64,(anonymous_13)
FNF:14
FNH:1
FNDA:1,(anonymous_0)
FNDA:0,PaymentOrderActive
FNDA:0,(anonymous_2)
FNDA:0,(anonymous_3)
FNDA:0,(anonymous_4)
FNDA:0,(anonymous_5)
FNDA:0,(anonymous_6)
FNDA:0,(anonymous_7)
FNDA:0,(anonymous_8)
FNDA:0,(anonymous_9)
FNDA:0,(anonymous_10)
FNDA:0,(anonymous_11)
FNDA:0,(anonymous_12)
FNDA:0,(anonymous_13)
DA:3,1
DA:4,1
DA:5,1
DA:6,1
DA:7,1
DA:8,1
DA:10,1
DA:16,0
DA:17,0
DA:18,0
DA:21,1
DA:22,0
DA:24,1
DA:25,0
DA:28,1
DA:29,0
DA:32,1
DA:33,0
DA:36,1
DA:37,0
DA:40,1
DA:41,0
DA:44,1
DA:45,0
DA:48,1
DA:49,0
DA:52,1
DA:53,0
DA:56,1
DA:57,0
DA:60,1
DA:61,0
DA:64,1
DA:65,0
DA:67,1
LF:35
LH:20
BRF:0
BRH:0
end_of_record
TN:
SF:src/bounded_contexts/operations/domain/paymentOrder/paymentOrderState/PaymentOrderBilled.ts
FN:10,(anonymous_0)
FN:15,PaymentOrderBilled
FN:21,(anonymous_2)
FN:24,(anonymous_3)
FN:28,(anonymous_4)
FN:32,(anonymous_5)
FN:36,(anonymous_6)
FN:40,(anonymous_7)
FN:44,(anonymous_8)
FN:48,(anonymous_9)
FN:52,(anonymous_10)
FN:56,(anonymous_11)
FN:60,(anonymous_12)
FN:64,(anonymous_13)
FNF:14
FNH:1
FNDA:1,(anonymous_0)
FNDA:0,PaymentOrderBilled
FNDA:0,(anonymous_2)
FNDA:0,(anonymous_3)
FNDA:0,(anonymous_4)
FNDA:0,(anonymous_5)
FNDA:0,(anonymous_6)
FNDA:0,(anonymous_7)
FNDA:0,(anonymous_8)
FNDA:0,(anonymous_9)
FNDA:0,(anonymous_10)
FNDA:0,(anonymous_11)
FNDA:0,(anonymous_12)
FNDA:0,(anonymous_13)
DA:3,1
DA:4,1
DA:5,1
DA:6,1
DA:7,1
DA:8,1
DA:10,1
DA:16,0
DA:17,0
DA:18,0
DA:21,1
DA:22,0
DA:24,1
DA:25,0
DA:28,1
DA:29,0
DA:32,1
DA:33,0
DA:36,1
DA:37,0
DA:40,1
DA:41,0
DA:44,1
DA:45,0
DA:48,1
DA:49,0
DA:52,1
DA:53,0
DA:56,1
DA:57,0
DA:60,1
DA:61,0
DA:64,1
DA:65,0
DA:67,1
LF:35
LH:20
BRF:0
BRH:0
end_of_record
TN:
SF:src/bounded_contexts/operations/domain/paymentOrder/paymentOrderState/PaymentOrderCancelled.ts
FN:10,(anonymous_0)
FN:15,PaymentOrderCancelled
FN:21,(anonymous_2)
FN:24,(anonymous_3)
FN:28,(anonymous_4)
FN:32,(anonymous_5)
FN:36,(anonymous_6)
FN:40,(anonymous_7)
FN:44,(anonymous_8)
FN:48,(anonymous_9)
FN:52,(anonymous_10)
FN:56,(anonymous_11)
FN:60,(anonymous_12)
FN:64,(anonymous_13)
FNF:14
FNH:1
FNDA:1,(anonymous_0)
FNDA:0,PaymentOrderCancelled
FNDA:0,(anonymous_2)
FNDA:0,(anonymous_3)
FNDA:0,(anonymous_4)
FNDA:0,(anonymous_5)
FNDA:0,(anonymous_6)
FNDA:0,(anonymous_7)
FNDA:0,(anonymous_8)
FNDA:0,(anonymous_9)
FNDA:0,(anonymous_10)
FNDA:0,(anonymous_11)
FNDA:0,(anonymous_12)
FNDA:0,(anonymous_13)
DA:3,1
DA:4,1
DA:5,1
DA:6,1
DA:7,1
DA:8,1
DA:10,1
DA:16,0
DA:17,0
DA:18,0
DA:21,1
DA:22,0
DA:24,1
DA:25,0
DA:28,1
DA:29,0
DA:32,1
DA:33,0
DA:36,1
DA:37,0
DA:40,1
DA:41,0
DA:44,1
DA:45,0
DA:48,1
DA:49,0
DA:52,1
DA:53,0
DA:56,1
DA:57,0
DA:60,1
DA:61,0
DA:64,1
DA:65,0
DA:67,1
LF:35
LH:20
BRF:0
BRH:0
end_of_record
TN:
SF:src/bounded_contexts/operations/domain/paymentOrder/paymentOrderState/PaymentOrderFactory.ts
FN:10,(anonymous_0)
FN:11,(anonymous_2)
FNF:2
FNH:1
FNDA:1,(anonymous_0)
FNDA:0,(anonymous_2)
DA:2,1
DA:3,1
DA:4,1
DA:5,1
DA:6,1
DA:7,1
DA:8,1
DA:10,1
DA:11,1
DA:12,0
DA:14,0
DA:16,0
DA:18,0
DA:20,0
DA:22,0
DA:24,0
DA:27,0
DA:29,0
DA:32,1
LF:19
LH:10
BRDA:12,0,0,0
BRDA:12,0,1,0
BRDA:12,0,2,0
BRDA:12,0,3,0
BRDA:12,0,4,0
BRDA:12,0,5,0
BRDA:12,0,6,0
BRDA:12,0,7,0
BRF:8
BRH:0
end_of_record
TN:
SF:src/bounded_contexts/operations/domain/paymentOrder/paymentOrderState/PaymentOrderPartiallyRefunded.ts
FN:10,(anonymous_0)
FN:15,PaymentOrderPartiallyRefunded
FN:21,(anonymous_2)
FN:24,(anonymous_3)
FN:28,(anonymous_4)
FN:32,(anonymous_5)
FN:36,(anonymous_6)
FN:40,(anonymous_7)
FN:44,(anonymous_8)
FN:48,(anonymous_9)
FN:52,(anonymous_10)
FN:56,(anonymous_11)
FN:60,(anonymous_12)
FN:64,(anonymous_13)
FNF:14
FNH:1
FNDA:1,(anonymous_0)
FNDA:0,PaymentOrderPartiallyRefunded
FNDA:0,(anonymous_2)
FNDA:0,(anonymous_3)
FNDA:0,(anonymous_4)
FNDA:0,(anonymous_5)
FNDA:0,(anonymous_6)
FNDA:0,(anonymous_7)
FNDA:0,(anonymous_8)
FNDA:0,(anonymous_9)
FNDA:0,(anonymous_10)
FNDA:0,(anonymous_11)
FNDA:0,(anonymous_12)
FNDA:0,(anonymous_13)
DA:3,1
DA:4,1
DA:5,1
DA:6,1
DA:7,1
DA:8,1
DA:10,1
DA:16,0
DA:17,0
DA:18,0
DA:21,1
DA:22,0
DA:24,1
DA:25,0
DA:28,1
DA:29,0
DA:32,1
DA:33,0
DA:36,1
DA:37,0
DA:40,1
DA:41,0
DA:44,1
DA:45,0
DA:48,1
DA:49,0
DA:52,1
DA:53,0
DA:56,1
DA:57,0
DA:60,1
DA:61,0
DA:64,1
DA:65,0
DA:67,1
LF:35
LH:20
BRF:0
BRH:0
end_of_record
TN:
SF:src/bounded_contexts/operations/domain/paymentOrder/paymentOrderState/PaymentOrderPendingConfirmation.ts
FN:10,(anonymous_0)
FN:15,PaymentOrderPendingConfirmation
FN:21,(anonymous_2)
FN:24,(anonymous_3)
FN:28,(anonymous_4)
FN:32,(anonymous_5)
FN:36,(anonymous_6)
FN:40,(anonymous_7)
FN:44,(anonymous_8)
FN:48,(anonymous_9)
FN:52,(anonymous_10)
FN:56,(anonymous_11)
FN:60,(anonymous_12)
FN:64,(anonymous_13)
FNF:14
FNH:1
FNDA:1,(anonymous_0)
FNDA:0,PaymentOrderPendingConfirmation
FNDA:0,(anonymous_2)
FNDA:0,(anonymous_3)
FNDA:0,(anonymous_4)
FNDA:0,(anonymous_5)
FNDA:0,(anonymous_6)
FNDA:0,(anonymous_7)
FNDA:0,(anonymous_8)
FNDA:0,(anonymous_9)
FNDA:0,(anonymous_10)
FNDA:0,(anonymous_11)
FNDA:0,(anonymous_12)
FNDA:0,(anonymous_13)
DA:3,1
DA:4,1
DA:5,1
DA:6,1
DA:7,1
DA:8,1
DA:10,1
DA:16,0
DA:17,0
DA:18,0
DA:21,1
DA:22,0
DA:24,1
DA:25,0
DA:28,1
DA:29,0
DA:32,1
DA:33,0
DA:36,1
DA:37,0
DA:40,1
DA:41,0
DA:44,1
DA:45,0
DA:48,1
DA:49,0
DA:52,1
DA:53,0
DA:56,1
DA:57,0
DA:60,1
DA:61,0
DA:64,1
DA:65,0
DA:67,1
LF:35
LH:20
BRF:0
BRH:0
end_of_record
TN:
SF:src/bounded_contexts/operations/domain/paymentOrder/paymentOrderState/PaymentOrderRefunded.ts
FN:10,(anonymous_0)
FN:15,PaymentOrderRefunded
FN:21,(anonymous_2)
FN:24,(anonymous_3)
FN:28,(anonymous_4)
FN:32,(anonymous_5)
FN:36,(anonymous_6)
FN:40,(anonymous_7)
FN:44,(anonymous_8)
FN:48,(anonymous_9)
FN:52,(anonymous_10)
FN:56,(anonymous_11)
FN:60,(anonymous_12)
FN:64,(anonymous_13)
FNF:14
FNH:1
FNDA:1,(anonymous_0)
FNDA:0,PaymentOrderRefunded
FNDA:0,(anonymous_2)
FNDA:0,(anonymous_3)
FNDA:0,(anonymous_4)
FNDA:0,(anonymous_5)
FNDA:0,(anonymous_6)
FNDA:0,(anonymous_7)
FNDA:0,(anonymous_8)
FNDA:0,(anonymous_9)
FNDA:0,(anonymous_10)
FNDA:0,(anonymous_11)
FNDA:0,(anonymous_12)
FNDA:0,(anonymous_13)
DA:3,1
DA:4,1
DA:5,1
DA:6,1
DA:7,1
DA:8,1
DA:10,1
DA:16,0
DA:17,0
DA:18,0
DA:21,1
DA:22,0
DA:24,1
DA:25,0
DA:28,1
DA:29,0
DA:32,1
DA:33,0
DA:36,1
DA:37,0
DA:40,1
DA:41,0
DA:44,1
DA:45,0
DA:48,1
DA:49,0
DA:52,1
DA:53,0
DA:56,1
DA:57,0
DA:60,1
DA:61,0
DA:64,1
DA:65,0
DA:67,1
LF:35
LH:20
BRF:0
BRH:0
end_of_record
TN:
SF:src/bounded_contexts/operations/domain/paymentOrder/paymentOrderState/PaymentOrderRejected.ts
FN:10,(anonymous_0)
FN:15,PaymentOrderRejected
FN:21,(anonymous_2)
FN:24,(anonymous_3)
FN:28,(anonymous_4)
FN:32,(anonymous_5)
FN:36,(anonymous_6)
FN:40,(anonymous_7)
FN:44,(anonymous_8)
FN:48,(anonymous_9)
FN:52,(anonymous_10)
FN:56,(anonymous_11)
FN:60,(anonymous_12)
FN:64,(anonymous_13)
FNF:14
FNH:1
FNDA:1,(anonymous_0)
FNDA:0,PaymentOrderRejected
FNDA:0,(anonymous_2)
FNDA:0,(anonymous_3)
FNDA:0,(anonymous_4)
FNDA:0,(anonymous_5)
FNDA:0,(anonymous_6)
FNDA:0,(anonymous_7)
FNDA:0,(anonymous_8)
FNDA:0,(anonymous_9)
FNDA:0,(anonymous_10)
FNDA:0,(anonymous_11)
FNDA:0,(anonymous_12)
FNDA:0,(anonymous_13)
DA:3,1
DA:4,1
DA:5,1
DA:6,1
DA:7,1
DA:8,1
DA:10,1
DA:16,0
DA:17,0
DA:18,0
DA:21,1
DA:22,0
DA:24,1
DA:25,0
DA:28,1
DA:29,0
DA:32,1
DA:33,0
DA:36,1
DA:37,0
DA:40,1
DA:41,0
DA:44,1
DA:45,0
DA:48,1
DA:49,0
DA:52,1
DA:53,0
DA:56,1
DA:57,0
DA:60,1
DA:61,0
DA:64,1
DA:65,0
DA:67,1
LF:35
LH:20
BRF:0
BRH:0
end_of_record
TN:
SF:src/bounded_contexts/operations/domain/plan/Plan.ts
FN:15,(anonymous_7)
FN:33,Plan
FN:71,(anonymous_9)
FN:103,(anonymous_10)
FN:129,(anonymous_11)
FN:135,(anonymous_12)
FN:139,(anonymous_13)
FN:145,(anonymous_14)
FN:153,(anonymous_15)
FN:154,(anonymous_16)
FN:157,(anonymous_17)
FN:164,(anonymous_18)
FN:170,(anonymous_19)
FN:178,(anonymous_20)
FN:185,(anonymous_21)
FN:189,(anonymous_22)
FN:197,(anonymous_23)
FN:198,(anonymous_24)
FN:205,(anonymous_25)
FN:206,(anonymous_26)
FN:213,(anonymous_27)
FN:216,(anonymous_28)
FN:216,(anonymous_29)
FN:231,(anonymous_30)
FN:232,(anonymous_31)
FN:242,(anonymous_32)
FN:244,(anonymous_33)
FN:252,(anonymous_34)
FN:388,(anonymous_35)
FN:260,(anonymous_36)
FN:396,(anonymous_37)
FN:268,(anonymous_38)
FN:404,(anonymous_39)
FN:276,(anonymous_40)
FN:412,(anonymous_41)
FN:284,(anonymous_42)
FN:420,(anonymous_43)
FN:292,(anonymous_44)
FN:428,(anonymous_45)
FN:300,(anonymous_46)
FN:436,(anonymous_47)
FN:308,(anonymous_48)
FN:446,(anonymous_49)
FN:316,(anonymous_50)
FN:454,(anonymous_51)
FN:324,(anonymous_52)
FN:462,(anonymous_53)
FN:332,(anonymous_54)
FN:470,(anonymous_55)
FN:340,(anonymous_56)
FN:478,(anonymous_57)
FN:348,(anonymous_58)
FN:486,(anonymous_59)
FN:356,(anonymous_60)
FN:494,(anonymous_61)
FN:364,(anonymous_62)
FN:502,(anonymous_63)
FN:372,(anonymous_64)
FN:380,(anonymous_65)
FNF:59
FNH:4
FNDA:1,(anonymous_7)
FNDA:1,Plan
FNDA:1,(anonymous_9)
FNDA:1,(anonymous_10)
FNDA:0,(anonymous_11)
FNDA:0,(anonymous_12)
FNDA:0,(anonymous_13)
FNDA:0,(anonymous_14)
FNDA:0,(anonymous_15)
FNDA:0,(anonymous_16)
FNDA:0,(anonymous_17)
FNDA:0,(anonymous_18)
FNDA:0,(anonymous_19)
FNDA:0,(anonymous_20)
FNDA:0,(anonymous_21)
FNDA:0,(anonymous_22)
FNDA:0,(anonymous_23)
FNDA:0,(anonymous_24)
FNDA:0,(anonymous_25)
FNDA:0,(anonymous_26)
FNDA:0,(anonymous_27)
FNDA:0,(anonymous_28)
FNDA:0,(anonymous_29)
FNDA:0,(anonymous_30)
FNDA:0,(anonymous_31)
FNDA:0,(anonymous_32)
FNDA:0,(anonymous_33)
FNDA:0,(anonymous_34)
FNDA:0,(anonymous_35)
FNDA:0,(anonymous_36)
FNDA:0,(anonymous_37)
FNDA:0,(anonymous_38)
FNDA:0,(anonymous_39)
FNDA:0,(anonymous_40)
FNDA:0,(anonymous_41)
FNDA:0,(anonymous_42)
FNDA:0,(anonymous_43)
FNDA:0,(anonymous_44)
FNDA:0,(anonymous_45)
FNDA:0,(anonymous_46)
FNDA:0,(anonymous_47)
FNDA:0,(anonymous_48)
FNDA:0,(anonymous_49)
FNDA:0,(anonymous_50)
FNDA:0,(anonymous_51)
FNDA:0,(anonymous_52)
FNDA:0,(anonymous_53)
FNDA:0,(anonymous_54)
FNDA:0,(anonymous_55)
FNDA:0,(anonymous_56)
FNDA:0,(anonymous_57)
FNDA:0,(anonymous_58)
FNDA:0,(anonymous_59)
FNDA:0,(anonymous_60)
FNDA:0,(anonymous_61)
FNDA:0,(anonymous_62)
FNDA:0,(anonymous_63)
FNDA:0,(anonymous_64)
FNDA:0,(anonymous_65)
DA:1,1
DA:2,1
DA:6,1
DA:8,1
DA:12,1
DA:15,1
DA:52,1
DA:53,1
DA:54,1
DA:55,1
DA:56,1
DA:57,1
DA:58,1
DA:59,1
DA:60,1
DA:61,1
DA:62,1
DA:63,1
DA:64,1
DA:65,1
DA:66,1
DA:67,1
DA:68,1
DA:71,1
DA:90,1
DA:96,1
DA:98,1
DA:99,0
DA:102,1
DA:103,1
DA:104,1
DA:105,1
DA:106,0
DA:108,1
DA:129,1
DA:132,0
DA:135,1
DA:136,0
DA:139,1
DA:140,0
DA:141,0
DA:142,0
DA:145,1
DA:146,0
DA:147,0
DA:149,0
DA:153,1
DA:154,0
DA:157,1
DA:158,0
DA:159,0
DA:161,0
DA:164,1
DA:165,0
DA:167,0
DA:170,1
DA:171,0
DA:173,0
DA:175,0
DA:178,1
DA:179,0
DA:182,0
DA:185,1
DA:186,0
DA:189,1
DA:190,0
DA:191,0
DA:192,0
DA:194,0
DA:197,1
DA:198,0
DA:200,0
DA:202,0
DA:205,1
DA:206,0
DA:208,0
DA:210,0
DA:213,1
DA:214,0
DA:215,0
DA:216,0
DA:219,0
DA:220,0
DA:223,0
DA:224,0
DA:225,0
DA:227,0
DA:228,0
DA:231,0
DA:232,0
DA:234,0
DA:235,0
DA:239,0
DA:242,1
DA:243,0
DA:244,0
DA:252,1
DA:253,0
DA:260,1
DA:261,0
DA:268,1
DA:269,0
DA:276,1
DA:277,0
DA:284,1
DA:285,0
DA:292,1
DA:293,0
DA:300,1
DA:301,0
DA:308,1
DA:309,0
DA:316,1
DA:317,0
DA:324,1
DA:325,0
DA:332,1
DA:333,0
DA:340,1
DA:341,0
DA:348,1
DA:349,0
DA:356,1
DA:357,0
DA:364,1
DA:365,0
DA:372,1
DA:373,0
DA:381,0
DA:389,0
DA:397,0
DA:405,0
DA:413,0
DA:421,0
DA:429,0
DA:437,0
DA:439,0
DA:447,0
DA:455,0
DA:463,0
DA:471,0
DA:479,0
DA:487,0
DA:495,0
DA:503,0
DA:505,1
LF:146
LH:64
BRDA:52,0,0,1
BRDA:52,0,1,1
BRDA:98,1,0,0
BRDA:102,2,0,0
BRDA:103,3,0,0
BRDA:104,4,0,0
BRDA:105,5,0,0
BRDA:105,6,0,1
BRDA:105,6,1,0
BRDA:140,7,0,0
BRDA:140,8,0,0
BRDA:140,8,1,0
BRDA:146,9,0,0
BRDA:146,9,1,0
BRDA:146,10,0,0
BRDA:146,10,1,0
BRDA:146,10,2,0
BRDA:159,11,0,0
BRDA:164,12,0,0
BRDA:167,13,0,0
BRDA:167,13,1,0
BRDA:173,14,0,0
BRDA:182,15,0,0
BRDA:182,15,1,0
BRDA:182,16,0,0
BRDA:182,16,1,0
BRDA:190,17,0,0
BRDA:192,18,0,0
BRDA:200,19,0,0
BRDA:208,20,0,0
BRDA:223,21,0,0
BRDA:223,21,1,0
BRDA:231,22,0,0
BRDA:232,23,0,0
BRDA:244,24,0,0
BRDA:244,24,1,0
BRDA:244,25,0,0
BRDA:244,25,1,0
BRDA:437,26,0,0
BRF:39
BRH:3
end_of_record
TN:
SF:src/bounded_contexts/operations/domain/plan/PlanId.ts
FN:3,(anonymous_6)
FN:4,PlanId
FNF:2
FNH:2
FNDA:1,(anonymous_6)
FNDA:1,PlanId
DA:1,1
DA:3,1
DA:5,1
DA:7,1
LF:4
LH:4
BRDA:5,0,0,1
BRDA:5,0,1,0
BRF:2
BRH:1
end_of_record
TN:
SF:src/bounded_contexts/operations/domain/plan/PlanSku.ts
FN:4,(anonymous_0)
FN:8,PlanSku
FN:15,(anonymous_2)
FN:23,(anonymous_3)
FN:31,(anonymous_4)
FNF:5
FNH:2
FNDA:1,(anonymous_0)
FNDA:3,PlanSku
FNDA:0,(anonymous_2)
FNDA:0,(anonymous_3)
FNDA:0,(anonymous_4)
DA:2,1
DA:4,1
DA:9,3
DA:11,3
DA:12,3
DA:15,1
DA:16,0
DA:23,1
DA:24,0
DA:32,0
DA:34,1
LF:11
LH:8
BRDA:11,0,0,0
BRF:1
BRH:0
end_of_record
TN:
SF:src/bounded_contexts/operations/domain/plan/PlanSlug.ts
FN:3,(anonymous_0)
FN:6,PlanSlug
FN:10,(anonymous_2)
FN:18,(anonymous_3)
FNF:4
FNH:2
FNDA:1,(anonymous_0)
FNDA:1,PlanSlug
FNDA:0,(anonymous_2)
FNDA:0,(anonymous_3)
DA:3,1
DA:7,1
DA:10,1
DA:11,0
DA:18,1
DA:19,0
DA:21,1
LF:7
LH:5
BRF:0
BRH:0
end_of_record
TN:
SF:src/bounded_contexts/operations/domain/plan/PlanFrequency/BiweeklyFrequency.ts
FN:5,(anonymous_0)
FN:8,BiweeklyFrequency
FN:12,(anonymous_2)
FN:16,(anonymous_3)
FN:20,(anonymous_4)
FN:33,(anonymous_5)
FN:46,(anonymous_6)
FN:50,(anonymous_7)
FN:54,(anonymous_8)
FN:57,(anonymous_9)
FN:60,(anonymous_10)
FN:63,(anonymous_11)
FN:71,(anonymous_12)
FN:79,(anonymous_13)
FNF:14
FNH:2
FNDA:1,(anonymous_0)
FNDA:1,BiweeklyFrequency
FNDA:0,(anonymous_2)
FNDA:0,(anonymous_3)
FNDA:0,(anonymous_4)
FNDA:0,(anonymous_5)
FNDA:0,(anonymous_6)
FNDA:0,(anonymous_7)
FNDA:0,(anonymous_8)
FNDA:0,(anonymous_9)
FNDA:0,(anonymous_10)
FNDA:0,(anonymous_11)
FNDA:0,(anonymous_12)
FNDA:0,(anonymous_13)
DA:2,1
DA:5,1
DA:9,1
DA:12,1
DA:13,0
DA:16,1
DA:17,0
DA:20,1
DA:21,0
DA:22,0
DA:24,0
DA:25,0
DA:27,0
DA:30,0
DA:33,1
DA:34,0
DA:36,0
DA:38,0
DA:40,0
DA:42,0
DA:46,1
DA:47,0
DA:50,1
DA:51,0
DA:54,1
DA:55,0
DA:57,1
DA:58,0
DA:60,1
DA:61,0
DA:63,1
DA:64,0
DA:71,1
DA:72,0
DA:80,0
DA:82,1
LF:36
LH:15
BRDA:33,0,0,0
BRDA:34,1,0,0
BRDA:34,1,1,0
BRDA:34,1,2,0
BRDA:34,1,3,0
BRF:5
BRH:0
end_of_record
TN:
SF:src/bounded_contexts/operations/domain/plan/PlanFrequency/MonthlyFrequency.ts
FN:4,(anonymous_0)
FN:7,MonthlyFrequency
FN:11,(anonymous_2)
FN:15,(anonymous_3)
FN:19,(anonymous_4)
FN:32,(anonymous_5)
FN:45,(anonymous_6)
FN:49,(anonymous_7)
FN:53,(anonymous_8)
FN:56,(anonymous_9)
FN:59,(anonymous_10)
FN:62,(anonymous_11)
FN:70,(anonymous_12)
FN:78,(anonymous_13)
FNF:14
FNH:1
FNDA:1,(anonymous_0)
FNDA:0,MonthlyFrequency
FNDA:0,(anonymous_2)
FNDA:0,(anonymous_3)
FNDA:0,(anonymous_4)
FNDA:0,(anonymous_5)
FNDA:0,(anonymous_6)
FNDA:0,(anonymous_7)
FNDA:0,(anonymous_8)
FNDA:0,(anonymous_9)
FNDA:0,(anonymous_10)
FNDA:0,(anonymous_11)
FNDA:0,(anonymous_12)
FNDA:0,(anonymous_13)
DA:1,1
DA:4,1
DA:8,0
DA:11,1
DA:12,0
DA:15,1
DA:16,0
DA:19,1
DA:20,0
DA:21,0
DA:23,0
DA:24,0
DA:26,0
DA:29,0
DA:32,1
DA:33,0
DA:35,0
DA:37,0
DA:39,0
DA:41,0
DA:45,1
DA:46,0
DA:49,1
DA:50,0
DA:53,1
DA:54,0
DA:56,1
DA:57,0
DA:59,1
DA:60,0
DA:62,1
DA:63,0
DA:70,1
DA:71,0
DA:79,0
DA:81,1
LF:36
LH:14
BRDA:32,0,0,0
BRDA:33,1,0,0
BRDA:33,1,1,0
BRDA:33,1,2,0
BRDA:33,1,3,0
BRF:5
BRH:0
end_of_record
TN:
SF:src/bounded_contexts/operations/domain/plan/PlanFrequency/OneTimeFrequency.ts
FN:4,(anonymous_0)
FN:5,(anonymous_2)
FN:8,(anonymous_3)
FN:12,(anonymous_4)
FN:15,(anonymous_5)
FN:27,(anonymous_6)
FN:31,(anonymous_7)
FN:35,(anonymous_8)
FN:38,(anonymous_9)
FN:41,(anonymous_10)
FN:44,(anonymous_11)
FNF:11
FNH:1
FNDA:1,(anonymous_0)
FNDA:0,(anonymous_2)
FNDA:0,(anonymous_3)
FNDA:0,(anonymous_4)
FNDA:0,(anonymous_5)
FNDA:0,(anonymous_6)
FNDA:0,(anonymous_7)
FNDA:0,(anonymous_8)
FNDA:0,(anonymous_9)
FNDA:0,(anonymous_10)
FNDA:0,(anonymous_11)
DA:1,1
DA:4,1
DA:5,1
DA:6,0
DA:8,1
DA:9,0
DA:12,1
DA:13,0
DA:15,1
DA:16,0
DA:18,0
DA:20,0
DA:22,0
DA:24,0
DA:27,1
DA:28,0
DA:31,1
DA:32,0
DA:35,1
DA:36,0
DA:38,1
DA:39,0
DA:41,1
DA:42,0
DA:44,1
DA:45,0
DA:47,1
LF:27
LH:13
BRDA:15,0,0,0
BRDA:16,1,0,0
BRDA:16,1,1,0
BRDA:16,1,2,0
BRDA:16,1,3,0
BRF:5
BRH:0
end_of_record
TN:
SF:src/bounded_contexts/operations/domain/plan/PlanFrequency/PlanFrequencyFactory.ts
FN:7,(anonymous_0)
FN:8,(anonymous_2)
FNF:2
FNH:2
FNDA:1,(anonymous_0)
FNDA:2,(anonymous_2)
DA:1,1
DA:3,1
DA:4,1
DA:5,1
DA:7,1
DA:8,1
DA:9,2
DA:11,0
DA:13,1
DA:15,1
DA:17,0
DA:19,0
DA:22,1
LF:13
LH:10
BRDA:9,0,0,0
BRDA:9,0,1,1
BRDA:9,0,2,1
BRDA:9,0,3,0
BRDA:9,0,4,0
BRF:5
BRH:2
end_of_record
TN:
SF:src/bounded_contexts/operations/domain/plan/PlanFrequency/WeeklyFrequency.ts
FN:4,(anonymous_0)
FN:7,WeeklyFrequency
FN:11,(anonymous_2)
FN:15,(anonymous_3)
FN:19,(anonymous_4)
FN:32,(anonymous_5)
FN:45,(anonymous_6)
FN:49,(anonymous_7)
FN:53,(anonymous_8)
FN:56,(anonymous_9)
FN:59,(anonymous_10)
FN:62,(anonymous_11)
FN:70,(anonymous_12)
FN:78,(anonymous_13)
FNF:14
FNH:2
FNDA:1,(anonymous_0)
FNDA:1,WeeklyFrequency
FNDA:0,(anonymous_2)
FNDA:0,(anonymous_3)
FNDA:0,(anonymous_4)
FNDA:0,(anonymous_5)
FNDA:0,(anonymous_6)
FNDA:0,(anonymous_7)
FNDA:0,(anonymous_8)
FNDA:0,(anonymous_9)
FNDA:0,(anonymous_10)
FNDA:0,(anonymous_11)
FNDA:0,(anonymous_12)
FNDA:0,(anonymous_13)
DA:1,1
DA:4,1
DA:8,1
DA:11,1
DA:12,0
DA:15,1
DA:16,0
DA:19,1
DA:20,0
DA:21,0
DA:23,0
DA:24,0
DA:26,0
DA:29,0
DA:32,1
DA:33,0
DA:35,0
DA:37,0
DA:39,0
DA:41,0
DA:45,1
DA:46,0
DA:49,1
DA:50,0
DA:53,1
DA:54,0
DA:56,1
DA:57,0
DA:59,1
DA:60,0
DA:62,1
DA:63,0
DA:70,1
DA:71,0
DA:79,0
DA:81,1
LF:36
LH:15
BRDA:32,0,0,0
BRDA:33,1,0,0
BRDA:33,1,1,0
BRDA:33,1,2,0
BRDA:33,1,3,0
BRF:5
BRH:0
end_of_record
TN:
SF:src/bounded_contexts/operations/domain/plan/PlanType/PlanType.ts
FN:1,(anonymous_0)
FNF:1
FNH:1
FNDA:1,(anonymous_0)
DA:1,1
DA:2,1
DA:3,1
LF:3
LH:3
BRDA:1,0,0,1
BRDA:1,0,1,1
BRF:2
BRH:2
end_of_record
TN:
SF:src/bounded_contexts/operations/domain/plan/PlanVariant/PlanVariant.ts
FN:8,(anonymous_7)
FN:20,PlanVariant
FN:46,(anonymous_9)
FN:47,(anonymous_10)
FN:50,(anonymous_11)
FN:54,(anonymous_12)
FN:62,(anonymous_13)
FN:74,(anonymous_14)
FN:78,(anonymous_15)
FN:82,(anonymous_16)
FN:88,(anonymous_17)
FN:93,(anonymous_18)
FN:97,(anonymous_19)
FN:105,(anonymous_20)
FN:109,(anonymous_21)
FN:113,(anonymous_22)
FN:143,(anonymous_23)
FN:239,(anonymous_24)
FN:151,(anonymous_25)
FN:247,(anonymous_26)
FN:159,(anonymous_27)
FN:255,(anonymous_28)
FN:167,(anonymous_29)
FN:263,(anonymous_30)
FN:175,(anonymous_31)
FN:271,(anonymous_32)
FN:183,(anonymous_33)
FN:279,(anonymous_34)
FN:191,(anonymous_35)
FN:287,(anonymous_36)
FN:199,(anonymous_37)
FN:295,(anonymous_38)
FN:207,(anonymous_39)
FN:223,(anonymous_40)
FN:215,(anonymous_41)
FN:231,(anonymous_42)
FNF:36
FNH:3
FNDA:1,(anonymous_7)
FNDA:2,PlanVariant
FNDA:0,(anonymous_9)
FNDA:0,(anonymous_10)
FNDA:0,(anonymous_11)
FNDA:0,(anonymous_12)
FNDA:0,(anonymous_13)
FNDA:0,(anonymous_14)
FNDA:0,(anonymous_15)
FNDA:0,(anonymous_16)
FNDA:0,(anonymous_17)
FNDA:0,(anonymous_18)
FNDA:0,(anonymous_19)
FNDA:0,(anonymous_20)
FNDA:0,(anonymous_21)
FNDA:0,(anonymous_22)
FNDA:0,(anonymous_23)
FNDA:0,(anonymous_24)
FNDA:0,(anonymous_25)
FNDA:0,(anonymous_26)
FNDA:0,(anonymous_27)
FNDA:0,(anonymous_28)
FNDA:0,(anonymous_29)
FNDA:0,(anonymous_30)
FNDA:0,(anonymous_31)
FNDA:0,(anonymous_32)
FNDA:0,(anonymous_33)
FNDA:0,(anonymous_34)
FNDA:1,(anonymous_35)
FNDA:0,(anonymous_36)
FNDA:0,(anonymous_37)
FNDA:0,(anonymous_38)
FNDA:0,(anonymous_39)
FNDA:0,(anonymous_40)
FNDA:0,(anonymous_41)
FNDA:0,(anonymous_42)
DA:1,1
DA:2,1
DA:6,1
DA:8,1
DA:33,2
DA:34,2
DA:35,2
DA:36,2
DA:37,2
DA:38,2
DA:39,2
DA:40,2
DA:41,2
DA:42,2
DA:43,2
DA:46,1
DA:47,0
DA:50,1
DA:51,0
DA:54,1
DA:55,0
DA:60,0
DA:61,0
DA:62,0
DA:66,0
DA:67,0
DA:68,0
DA:69,0
DA:71,0
DA:74,1
DA:75,0
DA:78,1
DA:79,0
DA:82,1
DA:83,0
DA:85,0
DA:88,1
DA:90,0
DA:93,1
DA:94,0
DA:97,1
DA:98,0
DA:105,1
DA:106,0
DA:109,1
DA:110,0
DA:113,1
DA:114,0
DA:115,0
DA:117,0
DA:121,0
DA:122,0
DA:125,0
DA:130,0
DA:131,0
DA:133,0
DA:136,0
DA:143,1
DA:144,0
DA:151,1
DA:152,0
DA:159,1
DA:160,0
DA:167,1
DA:168,0
DA:175,1
DA:176,0
DA:183,1
DA:184,0
DA:191,1
DA:192,1
DA:199,1
DA:200,0
DA:207,1
DA:208,0
DA:215,1
DA:216,0
DA:224,0
DA:232,0
DA:240,0
DA:248,0
DA:256,0
DA:264,0
DA:272,0
DA:280,0
DA:288,0
DA:296,0
DA:298,1
LF:88
LH:39
BRDA:33,0,0,2
BRDA:33,0,1,2
BRDA:37,1,0,2
BRDA:37,1,1,0
BRDA:51,2,0,0
BRDA:51,2,1,0
BRDA:54,3,0,0
BRDA:60,4,0,0
BRDA:66,5,0,0
BRDA:66,6,0,0
BRDA:66,6,1,0
BRDA:68,7,0,0
BRDA:69,8,0,0
BRDA:74,9,0,0
BRDA:79,10,0,0
BRDA:79,10,1,0
BRDA:83,11,0,0
BRDA:83,12,0,0
BRDA:83,12,1,0
BRDA:88,13,0,0
BRDA:94,14,0,0
BRDA:94,14,1,0
BRDA:99,15,0,0
BRDA:99,15,1,0
BRDA:106,16,0,0
BRDA:106,16,1,0
BRDA:114,17,0,0
BRDA:117,18,0,0
BRDA:117,18,1,0
BRDA:121,19,0,0
BRDA:125,20,0,0
BRDA:125,20,1,0
BRDA:133,21,0,0
BRDA:133,21,1,0
BRF:34
BRH:3
end_of_record
TN:
SF:src/bounded_contexts/operations/domain/plan/PlanVariant/PlanVariantAttribute.ts
FN:1,(anonymous_0)
FN:5,PlanVariantAttribute
FN:14,(anonymous_2)
FN:30,(anonymous_3)
FN:22,(anonymous_4)
FN:38,(anonymous_5)
FNF:6
FNH:1
FNDA:1,(anonymous_0)
FNDA:0,PlanVariantAttribute
FNDA:0,(anonymous_2)
FNDA:0,(anonymous_3)
FNDA:0,(anonymous_4)
FNDA:0,(anonymous_5)
DA:1,1
DA:6,0
DA:7,0
DA:14,1
DA:15,0
DA:22,1
DA:23,0
DA:31,0
DA:39,0
DA:41,1
LF:10
LH:4
BRF:0
BRH:0
end_of_record
TN:
SF:src/bounded_contexts/operations/domain/plan/PlanVariant/PlanVariantId.ts
FN:3,(anonymous_6)
FN:4,PlanVariantId
FNF:2
FNH:1
FNDA:1,(anonymous_6)
FNDA:0,PlanVariantId
DA:1,1
DA:3,1
DA:5,0
DA:7,1
LF:4
LH:3
BRDA:5,0,0,0
BRDA:5,0,1,0
BRF:2
BRH:0
end_of_record
TN:
SF:src/bounded_contexts/operations/domain/recipe/Months.ts
FN:1,(anonymous_0)
FNF:1
FNH:1
FNDA:1,(anonymous_0)
DA:1,1
DA:2,1
DA:3,1
DA:4,1
DA:5,1
DA:6,1
DA:7,1
DA:8,1
DA:9,1
DA:10,1
DA:11,1
DA:12,1
DA:13,1
LF:13
LH:13
BRDA:1,0,0,1
BRDA:1,0,1,1
BRF:2
BRH:2
end_of_record
TN:
SF:src/bounded_contexts/operations/domain/recipe/Recipe.ts
FN:15,(anonymous_12)
FN:27,Recipe
FN:45,(anonymous_14)
FN:46,(anonymous_15)
FN:55,(anonymous_16)
FN:59,(anonymous_17)
FN:63,(anonymous_18)
FN:67,(anonymous_19)
FN:68,(anonymous_20)
FN:68,(anonymous_21)
FN:74,(anonymous_22)
FN:78,(anonymous_23)
FN:79,(anonymous_24)
FN:82,(anonymous_25)
FN:83,(anonymous_26)
FN:86,(anonymous_27)
FN:87,(anonymous_28)
FN:90,(anonymous_29)
FN:94,(anonymous_30)
FN:95,(anonymous_31)
FN:102,(anonymous_32)
FN:182,(anonymous_33)
FN:110,(anonymous_34)
FN:190,(anonymous_35)
FN:118,(anonymous_36)
FN:198,(anonymous_37)
FN:126,(anonymous_38)
FN:206,(anonymous_39)
FN:134,(anonymous_40)
FN:214,(anonymous_41)
FN:142,(anonymous_42)
FN:222,(anonymous_43)
FN:150,(anonymous_44)
FN:230,(anonymous_45)
FN:158,(anonymous_46)
FN:238,(anonymous_47)
FN:166,(anonymous_48)
FN:254,(anonymous_49)
FN:174,(anonymous_50)
FN:246,(anonymous_51)
FNF:40
FNH:1
FNDA:1,(anonymous_12)
FNDA:0,Recipe
FNDA:0,(anonymous_14)
FNDA:0,(anonymous_15)
FNDA:0,(anonymous_16)
FNDA:0,(anonymous_17)
FNDA:0,(anonymous_18)
FNDA:0,(anonymous_19)
FNDA:0,(anonymous_20)
FNDA:0,(anonymous_21)
FNDA:0,(anonymous_22)
FNDA:0,(anonymous_23)
FNDA:0,(anonymous_24)
FNDA:0,(anonymous_25)
FNDA:0,(anonymous_26)
FNDA:0,(anonymous_27)
FNDA:0,(anonymous_28)
FNDA:0,(anonymous_29)
FNDA:0,(anonymous_30)
FNDA:0,(anonymous_31)
FNDA:0,(anonymous_32)
FNDA:0,(anonymous_33)
FNDA:0,(anonymous_34)
FNDA:0,(anonymous_35)
FNDA:0,(anonymous_36)
FNDA:0,(anonymous_37)
FNDA:0,(anonymous_38)
FNDA:0,(anonymous_39)
FNDA:0,(anonymous_40)
FNDA:0,(anonymous_41)
FNDA:0,(anonymous_42)
FNDA:0,(anonymous_43)
FNDA:0,(anonymous_44)
FNDA:0,(anonymous_45)
FNDA:0,(anonymous_46)
FNDA:0,(anonymous_47)
FNDA:0,(anonymous_48)
FNDA:0,(anonymous_49)
FNDA:0,(anonymous_50)
FNDA:0,(anonymous_51)
DA:1,1
DA:7,1
DA:15,1
DA:27,0
DA:40,0
DA:41,0
DA:42,0
DA:43,0
DA:44,0
DA:45,0
DA:46,0
DA:47,0
DA:48,0
DA:49,0
DA:50,0
DA:51,0
DA:52,0
DA:55,1
DA:56,0
DA:59,1
DA:60,0
DA:63,1
DA:64,0
DA:67,1
DA:68,0
DA:69,0
DA:71,0
DA:74,1
DA:75,0
DA:78,1
DA:79,0
DA:82,1
DA:83,0
DA:86,1
DA:87,0
DA:90,1
DA:91,0
DA:94,1
DA:95,0
DA:102,1
DA:103,0
DA:110,1
DA:111,0
DA:118,1
DA:119,0
DA:126,1
DA:127,0
DA:134,1
DA:135,0
DA:142,1
DA:143,0
DA:150,1
DA:151,0
DA:158,1
DA:159,0
DA:166,1
DA:167,0
DA:174,1
DA:175,0
DA:183,0
DA:191,0
DA:199,0
DA:207,0
DA:215,0
DA:223,0
DA:231,0
DA:239,0
DA:247,0
DA:255,0
DA:257,1
LF:70
LH:24
BRDA:40,0,0,0
BRDA:40,1,0,0
BRDA:40,1,1,0
BRDA:42,2,0,0
BRDA:42,2,1,0
BRDA:64,3,0,0
BRDA:64,3,1,0
BRDA:69,4,0,0
BRDA:79,5,0,0
BRDA:79,5,1,0
BRDA:79,6,0,0
BRDA:79,6,1,0
BRDA:83,7,0,0
BRDA:83,7,1,0
BRDA:83,8,0,0
BRDA:83,8,1,0
BRF:16
BRH:0
end_of_record
TN:
SF:src/bounded_contexts/operations/domain/recipe/RecipeId.ts
FN:4,(anonymous_6)
FN:5,RecipeId
FNF:2
FNH:1
FNDA:1,(anonymous_6)
FNDA:0,RecipeId
DA:1,1
DA:4,1
DA:6,0
DA:8,1
LF:4
LH:3
BRDA:6,0,0,0
BRDA:6,0,1,0
BRF:2
BRH:0
end_of_record
TN:
SF:src/bounded_contexts/operations/domain/recipe/RecipeTag.ts
FN:3,(anonymous_0)
FN:6,RecipeTag
FN:10,(anonymous_2)
FN:18,(anonymous_3)
FNF:4
FNH:1
FNDA:1,(anonymous_0)
FNDA:0,RecipeTag
FNDA:0,(anonymous_2)
FNDA:0,(anonymous_3)
DA:3,1
DA:7,0
DA:10,1
DA:11,0
DA:18,1
DA:19,0
DA:21,1
LF:7
LH:4
BRF:0
BRH:0
end_of_record
TN:
SF:src/bounded_contexts/operations/domain/recipe/RecipeTool.ts
FNF:0
FNH:0
DA:1,1
LF:1
LH:1
BRF:0
BRH:0
end_of_record
TN:
SF:src/bounded_contexts/operations/domain/recipe/RecipeGeneralData/RecipeCookDuration.ts
FN:4,(anonymous_0)
FN:8,RecipeCookDuration
FN:13,(anonymous_2)
FN:17,(anonymous_3)
FN:21,(anonymous_4)
FN:28,(anonymous_5)
FN:44,(anonymous_6)
FN:36,(anonymous_7)
FN:52,(anonymous_8)
FNF:9
FNH:1
FNDA:1,(anonymous_0)
FNDA:0,RecipeCookDuration
FNDA:0,(anonymous_2)
FNDA:0,(anonymous_3)
FNDA:0,(anonymous_4)
FNDA:0,(anonymous_5)
FNDA:0,(anonymous_6)
FNDA:0,(anonymous_7)
FNDA:0,(anonymous_8)
DA:2,1
DA:4,1
DA:9,0
DA:10,0
DA:13,1
DA:14,0
DA:17,1
DA:18,0
DA:21,1
DA:22,0
DA:28,1
DA:29,0
DA:36,1
DA:37,0
DA:45,0
DA:53,0
DA:55,1
LF:17
LH:8
BRDA:14,0,0,0
BRDA:14,0,1,0
BRF:2
BRH:0
end_of_record
TN:
SF:src/bounded_contexts/operations/domain/recipe/RecipeGeneralData/RecipeDescription.ts
FN:3,(anonymous_0)
FN:7,RecipeDescription
FN:12,(anonymous_2)
FN:20,(anonymous_3)
FN:36,(anonymous_4)
FN:28,(anonymous_5)
FN:44,(anonymous_6)
FNF:7
FNH:1
FNDA:1,(anonymous_0)
FNDA:0,RecipeDescription
FNDA:0,(anonymous_2)
FNDA:0,(anonymous_3)
FNDA:0,(anonymous_4)
FNDA:0,(anonymous_5)
FNDA:0,(anonymous_6)
DA:3,1
DA:8,0
DA:9,0
DA:12,1
DA:13,0
DA:20,1
DA:21,0
DA:28,1
DA:29,0
DA:37,0
DA:45,0
DA:47,1
LF:12
LH:5
BRDA:13,0,0,0
BRDA:13,0,1,0
BRF:2
BRH:0
end_of_record
TN:
SF:src/bounded_contexts/operations/domain/recipe/RecipeGeneralData/RecipeGeneralData.ts
FN:8,(anonymous_0)
FN:17,RecipeGeneralData
FN:35,(anonymous_2)
FN:51,(anonymous_3)
FN:107,(anonymous_4)
FN:59,(anonymous_5)
FN:115,(anonymous_6)
FN:67,(anonymous_7)
FN:123,(anonymous_8)
FN:75,(anonymous_9)
FN:131,(anonymous_10)
FN:83,(anonymous_11)
FN:139,(anonymous_12)
FN:91,(anonymous_13)
FN:147,(anonymous_14)
FN:99,(anonymous_15)
FN:154,(anonymous_16)
FNF:17
FNH:1
FNDA:1,(anonymous_0)
FNDA:0,RecipeGeneralData
FNDA:0,(anonymous_2)
FNDA:0,(anonymous_3)
FNDA:0,(anonymous_4)
FNDA:0,(anonymous_5)
FNDA:0,(anonymous_6)
FNDA:0,(anonymous_7)
FNDA:0,(anonymous_8)
FNDA:0,(anonymous_9)
FNDA:0,(anonymous_10)
FNDA:0,(anonymous_11)
FNDA:0,(anonymous_12)
FNDA:0,(anonymous_13)
FNDA:0,(anonymous_14)
FNDA:0,(anonymous_15)
FNDA:0,(anonymous_16)
DA:8,1
DA:26,0
DA:27,0
DA:28,0
DA:29,0
DA:30,0
DA:31,0
DA:32,0
DA:35,1
DA:36,0
DA:51,1
DA:52,0
DA:59,1
DA:60,0
DA:67,1
DA:68,0
DA:75,1
DA:76,0
DA:83,1
DA:84,0
DA:91,1
DA:92,0
DA:99,1
DA:100,0
DA:108,0
DA:116,0
DA:124,0
DA:132,0
DA:140,0
DA:148,0
DA:155,0
DA:157,1
LF:32
LH:10
BRDA:37,0,0,0
BRDA:37,0,1,0
BRDA:37,0,2,0
BRDA:37,0,3,0
BRDA:37,0,4,0
BRDA:37,0,5,0
BRDA:37,0,6,0
BRF:7
BRH:0
end_of_record
TN:
SF:src/bounded_contexts/operations/domain/recipe/RecipeGeneralData/RecipeSku.ts
FN:3,(anonymous_0)
FN:6,RecipeSku
FN:10,(anonymous_2)
FN:18,(anonymous_3)
FN:26,(anonymous_4)
FNF:5
FNH:1
FNDA:1,(anonymous_0)
FNDA:0,RecipeSku
FNDA:0,(anonymous_2)
FNDA:0,(anonymous_3)
FNDA:0,(anonymous_4)
DA:3,1
DA:7,0
DA:10,1
DA:11,0
DA:18,1
DA:19,0
DA:27,0
DA:29,1
LF:8
LH:4
BRF:0
BRH:0
end_of_record
TN:
SF:src/bounded_contexts/operations/domain/recipe/RecipeGeneralData/RecipeWeight.ts
FN:4,(anonymous_0)
FN:8,RecipeWeight
FN:13,(anonymous_2)
FN:17,(anonymous_3)
FN:25,(anonymous_4)
FN:41,(anonymous_5)
FN:33,(anonymous_6)
FN:49,(anonymous_7)
FNF:8
FNH:1
FNDA:1,(anonymous_0)
FNDA:0,RecipeWeight
FNDA:0,(anonymous_2)
FNDA:0,(anonymous_3)
FNDA:0,(anonymous_4)
FNDA:0,(anonymous_5)
FNDA:0,(anonymous_6)
FNDA:0,(anonymous_7)
DA:4,1
DA:9,0
DA:10,0
DA:13,1
DA:14,0
DA:17,1
DA:18,0
DA:25,1
DA:26,0
DA:33,1
DA:34,0
DA:42,0
DA:50,0
DA:52,1
LF:14
LH:6
BRDA:14,0,0,0
BRDA:14,0,1,0
BRF:2
BRH:0
end_of_record
TN:
SF:src/bounded_contexts/operations/domain/recipe/RecipeGeneralData/TimeUnit.ts
FN:1,(anonymous_0)
FNF:1
FNH:1
FNDA:1,(anonymous_0)
DA:1,1
DA:2,1
DA:3,1
LF:3
LH:3
BRDA:1,0,0,1
BRDA:1,0,1,1
BRF:2
BRH:2
end_of_record
TN:
SF:src/bounded_contexts/operations/domain/recipe/RecipeNutritionalData/NutritionalItem.ts
FN:3,(anonymous_0)
FN:8,NutritionalItem
FN:14,(anonymous_2)
FN:22,(anonymous_3)
FN:54,(anonymous_4)
FN:30,(anonymous_5)
FN:62,(anonymous_6)
FN:38,(anonymous_7)
FN:46,(anonymous_8)
FNF:9
FNH:1
FNDA:1,(anonymous_0)
FNDA:0,NutritionalItem
FNDA:0,(anonymous_2)
FNDA:0,(anonymous_3)
FNDA:0,(anonymous_4)
FNDA:0,(anonymous_5)
FNDA:0,(anonymous_6)
FNDA:0,(anonymous_7)
FNDA:0,(anonymous_8)
DA:3,1
DA:9,0
DA:10,0
DA:11,0
DA:14,1
DA:15,0
DA:22,1
DA:23,0
DA:30,1
DA:31,0
DA:38,1
DA:39,0
DA:47,0
DA:55,0
DA:63,0
DA:65,1
LF:16
LH:6
BRDA:11,0,0,0
BRDA:11,0,1,0
BRDA:11,1,0,0
BRDA:11,1,1,0
BRDA:15,2,0,0
BRDA:15,2,1,0
BRF:6
BRH:0
end_of_record
TN:
SF:src/bounded_contexts/operations/domain/recipe/RecipeNutritionalData/RecipeNutritionalData.ts
FN:4,(anonymous_1)
FN:7,RecipeNutritionalData
FN:11,(anonymous_3)
FN:12,(anonymous_4)
FN:12,(anonymous_5)
FN:15,(anonymous_6)
FN:16,(anonymous_7)
FN:21,(anonymous_8)
FN:22,(anonymous_9)
FN:29,(anonymous_10)
FN:37,(anonymous_11)
FNF:11
FNH:1
FNDA:1,(anonymous_1)
FNDA:0,RecipeNutritionalData
FNDA:0,(anonymous_3)
FNDA:0,(anonymous_4)
FNDA:0,(anonymous_5)
FNDA:0,(anonymous_6)
FNDA:0,(anonymous_7)
FNDA:0,(anonymous_8)
FNDA:0,(anonymous_9)
FNDA:0,(anonymous_10)
FNDA:0,(anonymous_11)
DA:4,1
DA:8,0
DA:11,1
DA:12,0
DA:15,1
DA:16,0
DA:18,0
DA:21,1
DA:22,0
DA:29,1
DA:30,0
DA:38,0
DA:40,1
LF:13
LH:6
BRDA:16,0,0,0
BRF:1
BRH:0
end_of_record
TN:
SF:src/bounded_contexts/operations/domain/recipe/RecipeVariant/RecipeVariant.ts
FN:8,(anonymous_12)
FN:13,RecipeVariant
FN:16,(anonymous_14)
FN:25,(anonymous_15)
FN:49,(anonymous_16)
FN:33,(anonymous_17)
FN:57,(anonymous_18)
FN:41,(anonymous_19)
FN:65,(anonymous_20)
FNF:9
FNH:1
FNDA:1,(anonymous_12)
FNDA:0,RecipeVariant
FNDA:0,(anonymous_14)
FNDA:0,(anonymous_15)
FNDA:0,(anonymous_16)
FNDA:0,(anonymous_17)
FNDA:0,(anonymous_18)
FNDA:0,(anonymous_19)
FNDA:0,(anonymous_20)
DA:1,1
DA:5,1
DA:8,1
DA:14,0
DA:15,0
DA:16,0
DA:17,0
DA:18,0
DA:25,1
DA:26,0
DA:33,1
DA:34,0
DA:41,1
DA:42,0
DA:50,0
DA:58,0
DA:66,0
DA:68,1
LF:18
LH:7
BRDA:14,0,0,0
[...]
FNDA:0,(anonymous_2)
FNDA:0,(anonymous_3)
DA:1,1
DA:3,1
DA:5,1
DA:6,1
DA:8,1
DA:11,1
DA:12,1
DA:13,0
DA:14,0
DA:16,0
DA:36,1
DA:37,0
DA:56,1
LF:13
LH:9
BRDA:31,0,0,0
BRDA:31,0,1,0
BRDA:32,1,0,0
BRDA:32,1,1,0
BRF:4
BRH:0
end_of_record
TN:
SF:src/bounded_contexts/operations/mappers/personalInfoMapper.ts
FN:5,(anonymous_0)
FN:6,(anonymous_2)
FN:17,(anonymous_3)
FNF:3
FNH:1
FNDA:2,(anonymous_0)
FNDA:0,(anonymous_2)
FNDA:0,(anonymous_3)
DA:2,1
DA:3,1
DA:5,1
DA:6,1
DA:7,0
DA:17,1
DA:18,0
DA:28,1
LF:8
LH:6
BRDA:12,0,0,0
BRDA:12,0,1,0
BRF:2
BRH:0
end_of_record
TN:
SF:src/bounded_contexts/operations/mappers/planMapper.ts
FN:13,(anonymous_0)
FN:14,(anonymous_2)
FN:17,(anonymous_3)
FN:20,(anonymous_4)
FN:21,(anonymous_5)
FN:44,(anonymous_6)
FN:45,(anonymous_7)
FN:57,(anonymous_8)
FN:58,(anonymous_9)
FNF:9
FNH:1
FNDA:2,(anonymous_0)
FNDA:0,(anonymous_2)
FNDA:0,(anonymous_3)
FNDA:0,(anonymous_4)
FNDA:0,(anonymous_5)
FNDA:0,(anonymous_6)
FNDA:0,(anonymous_7)
FNDA:0,(anonymous_8)
FNDA:0,(anonymous_9)
DA:1,1
DA:4,1
DA:6,1
DA:7,1
DA:8,1
DA:9,1
DA:10,1
DA:13,1
DA:14,1
DA:15,0
DA:16,0
DA:17,0
DA:18,0
DA:20,0
DA:21,0
DA:22,0
DA:24,0
DA:44,1
DA:45,0
DA:47,0
DA:57,0
DA:58,0
DA:66,1
LF:23
LH:11
BRDA:25,0,0,0
BRDA:25,0,1,0
BRDA:26,1,0,0
BRDA:26,1,1,0
BRDA:48,2,0,0
BRDA:48,2,1,0
BRF:6
BRH:0
end_of_record
TN:
SF:src/bounded_contexts/operations/mappers/planVariantMapper.ts
FN:8,(anonymous_0)
FN:9,(anonymous_2)
FN:10,(anonymous_3)
FN:27,(anonymous_4)
FN:35,(anonymous_5)
FNF:5
FNH:1
FNDA:2,(anonymous_0)
FNDA:0,(anonymous_2)
FNDA:0,(anonymous_3)
FNDA:0,(anonymous_4)
FNDA:0,(anonymous_5)
DA:3,1
DA:4,1
DA:5,1
DA:6,1
DA:8,1
DA:9,1
DA:10,0
DA:12,0
DA:27,1
DA:28,0
DA:36,0
DA:44,1
LF:12
LH:8
BRF:0
BRH:0
end_of_record
TN:
SF:src/bounded_contexts/operations/mappers/rateMapper.ts
FN:8,(anonymous_0)
FN:9,(anonymous_2)
FN:25,(anonymous_3)
FNF:3
FNH:1
FNDA:2,(anonymous_0)
FNDA:0,(anonymous_2)
FNDA:0,(anonymous_3)
DA:2,1
DA:3,1
DA:4,1
DA:5,1
DA:8,1
DA:9,1
DA:10,0
DA:11,0
DA:13,0
DA:25,1
DA:26,0
DA:38,1
LF:12
LH:8
BRF:0
BRH:0
end_of_record
TN:
SF:src/bounded_contexts/operations/mappers/recipeRestrictionsMapper.ts
FN:6,(anonymous_0)
FN:7,(anonymous_2)
FN:11,(anonymous_3)
FNF:3
FNH:1
FNDA:2,(anonymous_0)
FNDA:0,(anonymous_2)
FNDA:0,(anonymous_3)
DA:3,1
DA:4,1
DA:6,1
DA:7,1
DA:8,0
DA:11,1
DA:12,0
DA:18,1
LF:8
LH:6
BRF:0
BRH:0
end_of_record
TN:
SF:src/bounded_contexts/operations/mappers/recipeSelectionMapper.ts
FN:8,(anonymous_0)
FN:9,(anonymous_2)
FN:15,(anonymous_3)
FNF:3
FNH:1
FNDA:2,(anonymous_0)
FNDA:0,(anonymous_2)
FNDA:0,(anonymous_3)
DA:3,1
DA:5,1
DA:6,1
DA:8,1
DA:9,1
DA:10,0
DA:12,0
DA:15,1
DA:16,0
DA:22,1
LF:10
LH:7
BRF:0
BRH:0
end_of_record
TN:
SF:src/bounded_contexts/operations/mappers/weekMapper.ts
FN:6,(anonymous_0)
FN:7,(anonymous_2)
FN:11,(anonymous_3)
FNF:3
FNH:1
FNDA:2,(anonymous_0)
FNDA:0,(anonymous_2)
FNDA:0,(anonymous_3)
DA:3,1
DA:4,1
DA:6,1
DA:7,1
DA:8,0
DA:11,1
DA:12,0
DA:18,1
LF:8
LH:6
BRF:0
BRH:0
end_of_record
TN:
SF:src/bounded_contexts/operations/mappers/couponMapper/couponMapper.ts
FN:15,(anonymous_0)
FN:16,(anonymous_2)
FN:23,(anonymous_3)
FN:24,(anonymous_4)
FN:45,(anonymous_5)
FN:50,(anonymous_6)
FN:59,(anonymous_7)
FNF:7
FNH:1
FNDA:2,(anonymous_0)
FNDA:0,(anonymous_2)
FNDA:0,(anonymous_3)
FNDA:0,(anonymous_4)
FNDA:0,(anonymous_5)
FNDA:0,(anonymous_6)
FNDA:0,(anonymous_7)
DA:1,1
DA:2,1
DA:5,1
DA:6,1
DA:7,1
DA:9,1
DA:10,1
DA:11,1
DA:12,1
DA:13,1
DA:15,1
DA:16,1
DA:18,0
DA:23,0
DA:24,0
DA:25,0
DA:32,0
DA:45,0
DA:50,1
DA:52,0
DA:59,0
DA:70,1
LF:22
LH:14
BRDA:18,0,0,0
BRDA:18,0,1,0
BRDA:20,1,0,0
BRDA:20,1,1,0
BRDA:25,2,0,0
BRDA:25,2,1,0
BRDA:27,3,0,0
BRDA:27,3,1,0
BRF:8
BRH:0
end_of_record
TN:
SF:src/bounded_contexts/operations/mappers/couponMapper/index.ts
FNF:0
FNH:0
DA:1,1
DA:4,1
LF:2
LH:2
BRF:0
BRH:0
end_of_record
TN:
SF:src/bounded_contexts/operations/mappers/customerMapper/customerMapper.ts
FN:13,(anonymous_0)
FN:14,(anonymous_2)
FN:17,(anonymous_3)
FN:39,(anonymous_4)
FN:40,(anonymous_5)
FNF:5
FNH:1
FNDA:2,(anonymous_0)
FNDA:0,(anonymous_2)
FNDA:0,(anonymous_3)
FNDA:0,(anonymous_4)
FNDA:0,(anonymous_5)
DA:1,1
DA:2,1
DA:4,1
DA:5,1
DA:6,1
DA:9,1
DA:12,1
DA:13,1
DA:14,1
DA:15,0
DA:16,0
DA:17,0
DA:18,0
DA:20,0
DA:39,1
DA:40,0
DA:42,0
DA:60,1
LF:18
LH:11
BRDA:15,0,0,0
BRDA:15,0,1,0
BRDA:16,1,0,0
BRDA:16,1,1,0
BRDA:18,2,0,0
BRDA:18,2,1,0
BRDA:25,3,0,0
BRDA:25,3,1,0
BRDA:29,4,0,0
BRDA:29,4,1,0
BRDA:34,5,0,0
BRDA:34,5,1,0
BRDA:46,6,0,0
BRDA:46,6,1,0
BRDA:50,7,0,0
BRDA:50,7,1,0
BRDA:51,8,0,0
BRDA:51,8,1,0
BRDA:52,9,0,0
BRDA:52,9,1,0
BRDA:53,10,0,0
BRDA:53,10,1,0
BRF:22
BRH:0
end_of_record
TN:
SF:src/bounded_contexts/operations/mappers/customerMapper/index.ts
FNF:0
FNH:0
DA:1,1
DA:2,1
DA:4,1
DA:5,1
LF:4
LH:4
BRF:0
BRH:0
end_of_record
TN:
SF:src/bounded_contexts/operations/mappers/customerMapper/paymentMethodMapper.ts
FN:6,(anonymous_6)
FN:7,(anonymous_8)
FN:20,(anonymous_9)
FNF:3
FNH:1
FNDA:2,(anonymous_6)
FNDA:0,(anonymous_8)
FNDA:0,(anonymous_9)
DA:1,1
DA:2,1
DA:3,1
DA:6,1
DA:7,1
DA:8,0
DA:20,1
DA:21,0
DA:32,1
LF:9
LH:7
BRF:0
BRH:0
end_of_record
TN:
SF:src/bounded_contexts/operations/mappers/recipeMapper/index.ts
FNF:0
FNH:0
DA:1,1
DA:2,1
DA:3,1
DA:5,1
DA:6,1
DA:7,1
LF:6
LH:6
BRF:0
BRH:0
end_of_record
TN:
SF:src/bounded_contexts/operations/mappers/recipeMapper/recipeGeneralDataMapper.ts
FN:27,(anonymous_0)
FN:28,(anonymous_2)
FN:46,(anonymous_3)
FNF:3
FNH:1
FNDA:2,(anonymous_0)
FNDA:0,(anonymous_2)
FNDA:0,(anonymous_3)
DA:2,1
DA:3,1
DA:4,1
DA:5,1
DA:6,1
DA:7,1
DA:27,1
DA:28,1
DA:29,0
DA:33,0
DA:34,0
DA:36,0
DA:46,1
DA:47,0
DA:66,1
LF:15
LH:10
BRDA:28,0,0,0
BRDA:30,1,0,0
BRDA:30,1,1,0
BRDA:30,1,2,0
BRDA:31,2,0,0
BRDA:31,2,1,0
BRDA:37,3,0,0
BRDA:37,3,1,0
BRDA:46,4,0,0
BRDA:50,5,0,0
BRDA:50,5,1,0
BRF:11
BRH:0
end_of_record
TN:
SF:src/bounded_contexts/operations/mappers/recipeMapper/recipeMapper.ts
FN:39,(anonymous_0)
FN:40,(anonymous_2)
FN:42,(anonymous_3)
FN:43,(anonymous_4)
FN:44,(anonymous_5)
FN:45,(anonymous_6)
FN:46,(anonymous_7)
FN:47,(anonymous_8)
FN:48,(anonymous_9)
FN:51,(anonymous_10)
FN:73,(anonymous_11)
FN:75,(anonymous_12)
FN:76,(anonymous_13)
FN:77,(anonymous_14)
FN:78,(anonymous_15)
FN:79,(anonymous_16)
FN:84,(anonymous_17)
FNF:17
FNH:1
FNDA:2,(anonymous_0)
FNDA:0,(anonymous_2)
FNDA:0,(anonymous_3)
FNDA:0,(anonymous_4)
FNDA:0,(anonymous_5)
FNDA:0,(anonymous_6)
FNDA:0,(anonymous_7)
FNDA:0,(anonymous_8)
FNDA:0,(anonymous_9)
FNDA:0,(anonymous_10)
FNDA:0,(anonymous_11)
FNDA:0,(anonymous_12)
FNDA:0,(anonymous_13)
FNDA:0,(anonymous_14)
FNDA:0,(anonymous_15)
FNDA:0,(anonymous_16)
FNDA:0,(anonymous_17)
DA:1,1
DA:2,1
DA:4,1
DA:5,1
DA:6,1
DA:7,1
DA:9,1
DA:10,1
DA:11,1
DA:12,1
DA:13,1
DA:39,1
DA:40,1
DA:41,0
DA:42,0
DA:43,0
DA:44,0
DA:45,0
DA:46,0
DA:47,0
DA:48,0
DA:49,0
DA:52,0
DA:55,0
DA:56,0
DA:73,1
DA:74,0
DA:75,0
DA:76,0
DA:77,0
DA:78,0
DA:79,0
DA:84,0
DA:86,0
DA:100,1
LF:35
LH:15
BRDA:43,0,0,0
BRDA:43,0,1,0
BRDA:43,1,0,0
BRDA:43,1,1,0
BRDA:48,2,0,0
BRDA:48,2,1,0
BRDA:48,3,0,0
BRDA:48,3,1,0
BRDA:48,4,0,0
BRDA:48,4,1,0
BRDA:48,5,0,0
BRDA:48,5,1,0
BRDA:48,6,0,0
BRDA:48,6,1,0
BRDA:48,7,0,0
BRDA:48,7,1,0
BRDA:52,8,0,0
BRDA:52,8,1,0
BRDA:52,9,0,0
BRDA:52,9,1,0
BRDA:52,10,0,0
BRDA:52,10,1,0
BRDA:52,11,0,0
BRDA:52,11,1,0
BRDA:67,12,0,0
BRDA:67,12,1,0
BRDA:97,13,0,0
BRDA:97,13,1,0
BRF:28
BRH:0
end_of_record
TN:
SF:src/bounded_contexts/operations/mappers/recipeMapper/recipeVariantsMapper.ts
FN:14,(anonymous_0)
FN:15,(anonymous_2)
FN:16,(anonymous_3)
FN:23,(anonymous_4)
FN:25,(anonymous_5)
FNF:5
FNH:1
FNDA:2,(anonymous_0)
FNDA:0,(anonymous_2)
FNDA:0,(anonymous_3)
FNDA:0,(anonymous_4)
FNDA:0,(anonymous_5)
DA:1,1
DA:4,1
DA:5,1
DA:7,1
DA:14,1
DA:15,1
DA:16,0
DA:17,0
DA:19,0
DA:21,0
DA:23,1
DA:24,0
DA:25,0
DA:30,1
LF:14
LH:8
BRDA:17,0,0,0
BRDA:17,0,1,0
BRF:2
BRH:0
end_of_record
TN:
SF:src/bounded_contexts/operations/mappers/subscriptionMapper/subscriptionMapper.ts
FN:18,(anonymous_0)
FN:19,(anonymous_2)
FN:56,(anonymous_3)
FNF:3
FNH:1
FNDA:2,(anonymous_0)
FNDA:0,(anonymous_2)
FNDA:0,(anonymous_3)
DA:2,1
DA:3,1
DA:4,1
DA:5,1
DA:7,1
DA:8,1
DA:11,1
DA:12,1
DA:13,1
DA:15,1
DA:18,1
DA:19,1
DA:20,0
DA:21,0
DA:24,0
DA:25,0
DA:26,0
DA:27,0
DA:28,0
DA:37,0
DA:56,1
DA:57,0
DA:66,0
DA:83,1
LF:24
LH:14
BRDA:21,0,0,0
BRDA:21,0,1,0
BRDA:26,1,0,0
BRDA:26,1,1,0
BRDA:27,2,0,0
BRDA:27,2,1,0
BRDA:28,3,0,0
BRDA:28,3,1,0
BRDA:31,4,0,0
BRDA:31,4,1,0
BRDA:31,5,0,0
BRDA:31,5,1,0
BRDA:57,6,0,0
BRDA:57,6,1,0
BRDA:60,7,0,0
BRDA:60,7,1,0
BRDA:60,8,0,0
BRDA:60,8,1,0
BRDA:71,9,0,0
BRDA:71,9,1,0
BRDA:75,10,0,0
BRDA:75,10,1,0
BRF:22
BRH:0
end_of_record
TN:
SF:src/bounded_contexts/operations/services/assignOrdersToPaymentOrders/assignOrdersToPaymentOrders.ts
FN:7,(anonymous_13)
FN:11,AssignOrdersToPaymentOrders
FN:16,(anonymous_15)
FN:20,(anonymous_18)
FN:67,(anonymous_19)
FN:75,(anonymous_20)
FNF:6
FNH:2
FNDA:1,(anonymous_13)
FNDA:1,AssignOrdersToPaymentOrders
FNDA:0,(anonymous_15)
FNDA:0,(anonymous_18)
FNDA:0,(anonymous_19)
FNDA:0,(anonymous_20)
DA:7,1
DA:12,1
DA:13,1
DA:16,1
DA:19,0
DA:20,0
DA:23,0
DA:25,0
DA:26,0
DA:33,0
DA:35,0
DA:37,0
DA:38,0
DA:39,0
DA:40,0
DA:42,0
DA:46,0
DA:49,0
DA:50,0
DA:56,0
DA:60,0
DA:67,1
DA:68,0
DA:75,1
DA:76,0
DA:78,1
LF:26
LH:7
BRDA:19,0,0,0
BRDA:25,1,0,0
BRDA:25,1,1,0
BRDA:39,2,0,0
BRDA:46,3,0,0
BRDA:49,4,0,0
BRF:6
BRH:0
end_of_record
TN:
SF:src/bounded_contexts/operations/services/createFriendCode/createFriendCode.ts
FN:12,(anonymous_13)
FN:16,CreateFriendCode
FN:20,(anonymous_15)
FN:49,(anonymous_18)
FN:57,(anonymous_19)
FNF:5
FNH:2
FNDA:1,(anonymous_13)
FNDA:1,CreateFriendCode
FNDA:0,(anonymous_15)
FNDA:0,(anonymous_18)
FNDA:0,(anonymous_19)
DA:1,1
DA:2,1
DA:3,1
DA:4,1
DA:12,1
DA:17,1
DA:18,1
DA:20,1
DA:21,0
DA:22,0
DA:23,0
DA:25,0
DA:27,0
DA:42,0
DA:49,1
DA:50,0
DA:57,1
DA:58,0
DA:60,1
LF:19
LH:11
BRDA:22,0,0,0
BRF:1
BRH:0
end_of_record
TN:
SF:src/bounded_contexts/operations/services/createFriendCode/index.ts
FNF:0
FNH:0
DA:1,1
DA:2,1
DA:3,1
DA:5,1
LF:4
LH:4
BRF:0
BRH:0
end_of_record
TN:
SF:src/bounded_contexts/operations/services/createPaymentOrders/createPaymentOrders.ts
FN:6,(anonymous_0)
FN:7,(anonymous_2)
FNF:2
FNH:1
FNDA:2,(anonymous_0)
FNDA:0,(anonymous_2)
DA:2,1
DA:3,1
DA:6,1
DA:7,1
DA:8,0
DA:9,0
DA:11,0
DA:12,0
DA:14,0
DA:27,0
DA:28,0
DA:31,0
DA:33,1
LF:13
LH:5
BRF:0
BRH:0
end_of_record
TN:
SF:src/bounded_contexts/operations/useCases/createSubscription/createSubscription.ts
FN:41,(anonymous_13)
FN:55,CreateSubscription
FN:83,(anonymous_15)
FN:102,(anonymous_18)
FN:165,(anonymous_19)
FN:194,(anonymous_20)
FN:303,(anonymous_21)
FN:311,(anonymous_24)
FN:318,(anonymous_25)
FN:326,(anonymous_26)
FN:334,(anonymous_27)
FN:342,(anonymous_28)
FN:350,(anonymous_29)
FN:358,(anonymous_30)
FN:366,(anonymous_31)
FN:374,(anonymous_32)
FN:382,(anonymous_33)
FN:390,(anonymous_34)
FN:398,(anonymous_35)
FN:406,(anonymous_36)
FNF:20
FNH:5
FNDA:1,(anonymous_13)
FNDA:1,CreateSubscription
FNDA:1,(anonymous_15)
FNDA:0,(anonymous_18)
FNDA:0,(anonymous_19)
FNDA:0,(anonymous_20)
FNDA:0,(anonymous_21)
FNDA:1,(anonymous_24)
FNDA:1,(anonymous_25)
FNDA:0,(anonymous_26)
FNDA:0,(anonymous_27)
FNDA:0,(anonymous_28)
FNDA:0,(anonymous_29)
FNDA:0,(anonymous_30)
FNDA:0,(anonymous_31)
FNDA:0,(anonymous_32)
FNDA:0,(anonymous_33)
FNDA:0,(anonymous_34)
FNDA:0,(anonymous_35)
FNDA:0,(anonymous_36)
DA:8,1
DA:10,1
DA:12,1
DA:13,1
DA:16,1
DA:17,1
DA:19,1
DA:21,1
DA:22,1
DA:36,1
DA:38,1
DA:39,1
DA:41,1
DA:69,1
DA:70,1
DA:71,1
DA:72,1
DA:73,1
DA:74,1
DA:75,1
DA:76,1
DA:77,1
DA:78,1
DA:79,1
DA:80,1
DA:83,1
DA:93,1
DA:94,1
DA:101,0
DA:102,0
DA:103,0
DA:104,0
DA:105,0
DA:106,0
DA:107,0
DA:110,0
DA:120,0
DA:121,0
DA:133,0
DA:147,0
DA:149,0
DA:165,0
DA:166,0
DA:168,0
DA:170,0
DA:171,0
DA:173,0
DA:182,0
DA:184,0
DA:185,0
DA:187,0
DA:190,0
DA:194,0
DA:198,0
DA:204,0
DA:209,0
DA:210,0
DA:220,0
DA:221,0
DA:223,0
DA:224,0
DA:225,0
DA:226,0
DA:227,0
DA:230,0
DA:232,0
DA:233,0
DA:234,0
DA:237,0
DA:250,0
DA:251,0
DA:252,0
DA:253,0
DA:254,0
DA:256,0
DA:258,0
DA:259,0
DA:260,0
DA:261,0
DA:275,0
DA:278,0
DA:288,0
DA:289,0
DA:303,1
DA:311,1
DA:312,1
DA:318,1
DA:319,1
DA:326,1
DA:327,0
DA:334,1
DA:335,0
DA:342,1
DA:343,0
DA:350,1
DA:351,0
DA:358,1
DA:359,0
DA:366,1
DA:367,0
DA:374,1
DA:375,0
DA:382,1
DA:383,0
DA:390,1
DA:391,0
DA:398,1
DA:399,0
DA:406,1
DA:407,0
DA:409,1
LF:111
LH:45
BRDA:101,0,0,0
BRDA:106,1,0,0
BRDA:108,2,0,0
BRDA:108,2,1,0
BRDA:108,2,2,0
BRDA:116,3,0,0
BRDA:116,3,1,0
BRDA:116,4,0,0
BRDA:116,4,1,0
BRDA:120,5,0,0
BRDA:131,6,0,0
BRDA:131,6,1,0
BRDA:131,7,0,0
BRDA:131,7,1,0
BRDA:137,8,0,0
BRDA:137,8,1,0
BRDA:137,9,0,0
BRDA:137,9,1,0
BRDA:137,10,0,0
BRDA:137,10,1,0
BRDA:139,11,0,0
BRDA:139,11,1,0
BRDA:139,12,0,0
BRDA:139,12,1,0
BRDA:139,13,0,0
BRDA:139,13,1,0
BRDA:147,14,0,0
BRDA:147,14,1,0
BRDA:166,15,0,0
BRDA:166,15,1,0
BRDA:166,16,0,0
BRDA:166,16,1,0
BRDA:166,17,0,0
BRDA:166,17,1,0
BRDA:166,18,0,0
BRDA:166,18,1,0
BRDA:168,19,0,0
BRDA:184,20,0,0
BRDA:193,21,0,0
BRDA:193,21,1,0
BRDA:193,21,2,0
BRDA:193,22,0,0
BRDA:193,22,1,0
BRDA:193,23,0,0
BRDA:193,23,1,0
BRDA:194,24,0,0
BRDA:194,24,1,0
BRDA:194,25,0,0
BRDA:194,25,1,0
BRDA:204,26,0,0
BRDA:204,26,1,0
BRDA:209,27,0,0
BRDA:212,28,0,0
BRDA:212,28,1,0
BRDA:221,29,0,0
BRDA:221,29,1,0
BRDA:223,30,0,0
BRDA:223,31,0,0
BRDA:223,31,1,0
BRDA:224,32,0,0
BRDA:226,33,0,0
BRDA:226,34,0,0
BRDA:226,34,1,0
BRDA:226,34,2,0
BRDA:228,35,0,0
BRDA:228,35,1,0
BRDA:232,36,0,0
BRDA:232,36,1,0
BRDA:232,37,0,0
BRDA:232,37,1,0
BRDA:233,38,0,0
BRDA:233,38,1,0
BRDA:234,39,0,0
BRDA:246,40,0,0
BRDA:246,40,1,0
BRDA:250,41,0,0
BRDA:250,42,0,0
BRDA:250,42,1,0
BRDA:250,43,0,0
BRDA:250,43,1,0
BRDA:250,44,0,0
BRDA:250,44,1,0
BRDA:250,45,0,0
BRDA:250,45,1,0
BRDA:250,46,0,0
BRDA:250,46,1,0
BRDA:254,47,0,0
BRDA:256,48,0,0
BRDA:258,49,0,0
BRDA:260,50,0,0
BRDA:265,51,0,0
BRDA:265,51,1,0
BRDA:266,52,0,0
BRDA:266,52,1,0
BRDA:266,53,0,0
BRDA:266,53,1,0
BRDA:266,54,0,0
BRDA:266,54,1,0
BRDA:268,55,0,0
BRDA:268,55,1,0
BRDA:270,56,0,0
BRDA:270,56,1,0
BRDA:298,57,0,0
BRDA:298,57,1,0
BRDA:299,58,0,0
BRDA:299,58,1,0
BRF:106
BRH:0
end_of_record
TN:
SF:src/core/domain/Entity.ts
FN:3,(anonymous_0)
FN:7,(anonymous_1)
FN:10,Entity
FN:14,(anonymous_3)
FN:34,(anonymous_4)
FNF:5
FNH:3
FNDA:0,(anonymous_0)
FNDA:1,(anonymous_1)
FNDA:4,Entity
FNDA:0,(anonymous_3)
FNDA:3,(anonymous_4)
DA:1,1
DA:3,1
DA:4,0
DA:7,1
DA:11,4
DA:14,1
DA:15,0
DA:16,0
DA:19,0
DA:20,0
DA:23,0
DA:24,0
DA:27,0
DA:34,1
DA:35,3
DA:37,1
LF:16
LH:8
BRDA:11,0,0,1
BRDA:11,0,1,3
BRDA:15,1,0,0
BRDA:15,2,0,0
BRDA:15,2,1,0
BRDA:19,3,0,0
BRDA:23,4,0,0
BRF:7
BRH:2
end_of_record
TN:
SF:src/core/domain/Identifier.ts
FN:3,(anonymous_0)
FN:6,Identifier
FN:10,(anonymous_2)
FN:21,(anonymous_3)
FN:29,(anonymous_4)
FN:37,(anonymous_5)
FNF:6
FNH:3
FNDA:1,(anonymous_0)
FNDA:5,Identifier
FNDA:0,(anonymous_2)
FNDA:0,(anonymous_3)
FNDA:0,(anonymous_4)
FNDA:3,(anonymous_5)
DA:3,1
DA:7,5
DA:10,1
DA:11,0
DA:12,0
DA:14,0
DA:15,0
DA:18,0
DA:21,1
DA:22,0
DA:29,1
DA:30,0
DA:37,1
DA:38,3
DA:40,1
LF:15
LH:8
BRDA:11,0,0,0
BRDA:11,1,0,0
BRDA:11,1,1,0
BRDA:14,2,0,0
BRF:4
BRH:0
end_of_record
TN:
SF:src/core/domain/UniqueEntityID.ts
FN:4,(anonymous_6)
FN:5,UniqueEntityID
FNF:2
FNH:2
FNDA:1,(anonymous_6)
FNDA:5,UniqueEntityID
DA:1,1
DA:2,1
DA:4,1
DA:6,5
DA:8,1
LF:5
LH:5
BRDA:6,0,0,5
BRDA:6,0,1,5
BRDA:6,1,0,1
BRDA:6,1,1,4
BRF:4
BRH:4
end_of_record
TN:
SF:src/core/infra/Mapper.ts
FN:3,(anonymous_0)
FNF:1
FNH:1
FNDA:2,(anonymous_0)
DA:3,1
DA:6,1
LF:2
LH:2
BRF:0
BRH:0
end_of_record
TN:
SF:src/core/logic/Guard.ts
FN:15,(anonymous_0)
FN:16,(anonymous_2)
FN:24,(anonymous_3)
FN:36,(anonymous_4)
FN:44,(anonymous_5)
FN:52,(anonymous_6)
FN:61,(anonymous_7)
FN:70,(anonymous_8)
FN:88,(anonymous_9)
FN:100,(anonymous_10)
FNF:10
FNH:3
FNDA:1,(anonymous_0)
FNDA:0,(anonymous_2)
FNDA:0,(anonymous_3)
FNDA:0,(anonymous_4)
FNDA:6,(anonymous_5)
FNDA:0,(anonymous_6)
FNDA:1,(anonymous_7)
FNDA:0,(anonymous_8)
FNDA:0,(anonymous_9)
FNDA:0,(anonymous_10)
DA:15,1
DA:16,1
DA:17,0
DA:18,0
DA:21,0
DA:24,1
DA:25,0
DA:27,0
DA:28,0
DA:29,0
DA:30,0
DA:36,1
DA:37,0
DA:38,0
DA:40,0
DA:44,1
DA:45,6
DA:46,0
DA:48,6
DA:52,1
DA:53,0
DA:54,0
DA:55,0
DA:58,0
DA:61,1
DA:62,3
DA:63,3
DA:64,3
DA:67,1
DA:70,1
DA:71,0
DA:72,0
DA:73,0
DA:74,0
DA:78,0
DA:79,0
DA:81,0
DA:88,1
DA:89,0
DA:90,0
DA:91,0
DA:96,0
DA:100,1
DA:101,0
DA:102,0
DA:103,0
DA:104,0
DA:107,0
DA:108,0
DA:110,0
DA:113,1
LF:51
LH:17
BRDA:18,0,0,0
BRDA:29,1,0,0
BRDA:37,2,0,0
BRDA:37,2,1,0
BRDA:37,3,0,0
BRDA:37,3,1,0
BRDA:45,4,0,0
BRDA:45,4,1,6
BRDA:45,5,0,6
BRDA:45,5,1,6
BRDA:45,5,2,6
BRDA:55,6,0,0
BRDA:64,7,0,0
BRDA:73,8,0,0
BRDA:78,9,0,0
BRDA:78,9,1,0
BRDA:89,10,0,0
BRDA:89,10,1,0
BRDA:90,11,0,0
BRDA:90,11,1,0
BRDA:104,12,0,0
BRDA:107,13,0,0
BRDA:107,13,1,0
BRF:23
BRH:4
end_of_record
TN:
SF:src/core/logic/Utils.ts
FN:1,(anonymous_0)
FN:2,(anonymous_2)
FNF:2
FNH:1
FNDA:1,(anonymous_0)
FNDA:0,(anonymous_2)
DA:1,1
DA:2,1
DA:3,0
DA:5,1
LF:4
LH:3
BRF:0
BRH:0
end_of_record
TN:
SF:src/infraestructure/mongoose/models/PaymentOrder.ts
FNF:0
FNH:0
DA:1,1
DA:2,1
DA:4,1
DA:83,1
LF:4
LH:4
BRF:0
BRH:0
end_of_record
TN:
SF:src/infraestructure/mongoose/models/coupon.ts
FNF:0
FNH:0
DA:1,1
DA:2,1
DA:4,1
DA:97,1
LF:4
LH:4
BRF:0
BRH:0
end_of_record
TN:
SF:src/infraestructure/mongoose/models/customer.ts
FNF:0
FNH:0
DA:1,1
DA:2,1
DA:4,1
DA:61,1
DA:118,1
DA:151,1
DA:192,1
DA:258,1
LF:8
LH:8
BRF:0
BRH:0
end_of_record
TN:
SF:src/infraestructure/mongoose/models/index.ts
FNF:0
FNH:0
DA:1,1
DA:2,1
DA:3,1
DA:4,1
DA:5,1
DA:6,1
DA:7,1
DA:8,1
DA:9,1
DA:10,1
DA:11,1
DA:12,1
DA:13,1
DA:14,1
DA:15,1
LF:15
LH:15
BRF:0
BRH:0
end_of_record
TN:
SF:src/infraestructure/mongoose/models/ingredient.ts
FNF:0
FNH:0
DA:1,1
DA:2,1
DA:4,1
DA:36,1
LF:4
LH:4
BRF:0
BRH:0
end_of_record
TN:
SF:src/infraestructure/mongoose/models/log.ts
FNF:0
FNH:0
DA:1,1
DA:2,1
DA:4,1
DA:37,1
LF:4
LH:4
BRF:0
BRH:0
end_of_record
TN:
SF:src/infraestructure/mongoose/models/order.ts
FNF:0
FNH:0
DA:1,1
DA:2,1
DA:4,1
DA:141,1
LF:4
LH:4
BRF:0
BRH:0
end_of_record
TN:
SF:src/infraestructure/mongoose/models/plan.ts
FNF:0
FNH:0
DA:1,1
DA:2,1
DA:3,1
DA:61,1
DA:174,1
LF:5
LH:5
BRF:0
BRH:0
end_of_record
TN:
SF:src/infraestructure/mongoose/models/rate.ts
FNF:0
FNH:0
DA:1,1
DA:2,1
DA:4,1
DA:53,1
LF:4
LH:4
BRF:0
BRH:0
end_of_record
TN:
SF:src/infraestructure/mongoose/models/recipe.ts
FNF:0
FNH:0
DA:1,1
DA:2,1
DA:4,1
DA:18,1
DA:30,1
DA:42,1
DA:74,1
DA:76,1
DA:97,1
DA:99,1
DA:203,1
LF:11
LH:11
BRF:0
BRH:0
end_of_record
TN:
SF:src/infraestructure/mongoose/models/recipeRestriction.ts
FNF:0
FNH:0
DA:1,1
DA:2,1
DA:4,1
DA:29,1
LF:4
LH:4
BRF:0
BRH:0
end_of_record
TN:
SF:src/infraestructure/mongoose/models/role.ts
FNF:0
FNH:0
DA:1,1
DA:3,1
DA:4,1
DA:6,1
DA:29,1
LF:5
LH:5
BRF:0
BRH:0
end_of_record
TN:
SF:src/infraestructure/mongoose/models/shipping.ts
FNF:0
FNH:0
DA:1,1
DA:2,1
DA:4,1
DA:53,1
LF:4
LH:4
BRF:0
BRH:0
end_of_record
TN:
SF:src/infraestructure/mongoose/models/subscription.ts
FNF:0
FNH:0
DA:1,1
DA:2,1
DA:4,1
DA:101,1
LF:4
LH:4
BRF:0
BRH:0
end_of_record
TN:
SF:src/infraestructure/mongoose/models/user.ts
FNF:0
FNH:0
DA:1,1
DA:2,1
DA:4,1
DA:54,1
LF:4
LH:4
BRF:0
BRH:0
end_of_record
TN:
SF:src/infraestructure/mongoose/models/week.ts
FNF:0
FNH:0
DA:1,1
DA:2,1
DA:4,1
DA:28,1
LF:4
LH:4
BRF:0
BRH:0
end_of_record
TN:
SF:src/shared/notificationService/mockNotificationService.ts
FN:6,(anonymous_0)
FN:7,(anonymous_2)
FN:10,(anonymous_3)
FN:13,(anonymous_4)
FN:16,(anonymous_5)
FN:19,(anonymous_6)
FN:22,(anonymous_7)
FN:25,(anonymous_8)
FN:28,(anonymous_9)
FN:31,(anonymous_10)
FN:34,(anonymous_11)
FN:37,(anonymous_12)
FN:40,(anonymous_13)
FN:43,(anonymous_14)
FN:46,(anonymous_15)
FN:49,(anonymous_16)
FNF:16
FNH:1
FNDA:2,(anonymous_0)
FNDA:0,(anonymous_2)
FNDA:0,(anonymous_3)
FNDA:0,(anonymous_4)
FNDA:0,(anonymous_5)
FNDA:0,(anonymous_6)
FNDA:0,(anonymous_7)
FNDA:0,(anonymous_8)
FNDA:0,(anonymous_9)
FNDA:0,(anonymous_10)
FNDA:0,(anonymous_11)
FNDA:0,(anonymous_12)
FNDA:0,(anonymous_13)
FNDA:0,(anonymous_14)
FNDA:0,(anonymous_15)
FNDA:0,(anonymous_16)
DA:6,1
DA:7,1
DA:8,0
DA:10,1
DA:11,0
DA:13,1
DA:14,0
DA:16,1
DA:17,0
DA:19,1
DA:20,0
DA:22,1
DA:23,0
DA:25,1
DA:26,0
DA:28,1
DA:29,0
DA:31,1
DA:32,0
DA:34,1
DA:35,0
DA:37,1
DA:38,0
DA:40,1
DA:41,0
DA:43,1
DA:44,0
DA:46,1
DA:47,0
DA:49,1
DA:50,0
DA:53,1
LF:32
LH:17
BRF:0
BRH:0
end_of_record
